{"meta": {"format": 3, "version": "7.13.4", "timestamp": "2026-03-18T11:39:35.228432", "branch_coverage": false, "show_contexts": false}, "files": {"src/qbc/__init__.py": {"executed_lines": [13, 15, 16, 18, 19, 24, 25, 26, 29, 45, 46, 47, 48, 49, 50, 51, 55, 59], "summary": {"covered_lines": 18, "num_statements": 22, "percent_covered": 81.81818181818181, "percent_covered_display": "82", "missing_lines": 4, "excluded_lines": 0, "percent_statements_covered": 81.81818181818181, "percent_statements_covered_display": "82"}, "missing_lines": [20, 21, 52, 56], "excluded_lines": [], "functions": {"__getattr__": {"executed_lines": [46, 47, 48, 49, 50, 51], "summary": {"covered_lines": 6, "num_statements": 7, "percent_covered": 85.71428571428571, "percent_covered_display": "86", "missing_lines": 1, "excluded_lines": 0, "percent_statements_covered": 85.71428571428571, "percent_statements_covered_display": "86"}, "missing_lines": [52], "excluded_lines": [], "start_line": 45}, "__dir__": {"executed_lines": [], "summary": {"covered_lines": 0, "num_statements": 1, "percent_covered": 0.0, "percent_covered_display": "0", "missing_lines": 1, "excluded_lines": 0, "percent_statements_covered": 0.0, "percent_statements_covered_display": "0"}, "missing_lines": [56], "excluded_lines": [], "start_line": 55}, "": {"executed_lines": [13, 15, 16, 18, 19, 24, 25, 26, 29, 45, 55, 59], "summary": {"covered_lines": 12, "num_statements": 14, "percent_covered": 85.71428571428571, "percent_covered_display": "86", "missing_lines": 2, "excluded_lines": 0, "percent_statements_covered": 85.71428571428571, "percent_statements_covered_display": "86"}, "missing_lines": [20, 21], "excluded_lines": [], "start_line": 1}}, "classes": {"": {"executed_lines": [13, 15, 16, 18, 19, 24, 25, 26, 29, 45, 46, 47, 48, 49, 50, 51, 55, 59], "summary": {"covered_lines": 18, "num_statements": 22, "percent_covered": 81.81818181818181, "percent_covered_display": "82", "missing_lines": 4, "excluded_lines": 0, "percent_statements_covered": 81.81818181818181, "percent_statements_covered_display": "82"}, "missing_lines": [20, 21, 52, 56], "excluded_lines": [], "start_line": 1}}}, "src/qbc/adapters/__init__.py": {"executed_lines": [1, 2, 3, 4, 6], "summary": {"covered_lines": 5, "num_statements": 5, "percent_covered": 100.0, "percent_covered_display": "100", "missing_lines": 0, "excluded_lines": 0, "percent_statements_covered": 100.0, "percent_statements_covered_display": "100"}, "missing_lines": [], "excluded_lines": [], "functions": {"": {"executed_lines": [1, 2, 3, 4, 6], "summary": {"covered_lines": 5, "num_statements": 5, "percent_covered": 100.0, "percent_covered_display": "100", "missing_lines": 0, "excluded_lines": 0, "percent_statements_covered": 100.0, "percent_statements_covered_display": "100"}, "missing_lines": [], "excluded_lines": [], "start_line": 1}}, "classes": {"": {"executed_lines": [1, 2, 3, 4, 6], "summary": {"covered_lines": 5, "num_statements": 5, "percent_covered": 100.0, "percent_covered_display": "100", "missing_lines": 0, "excluded_lines": 0, "percent_statements_covered": 100.0, "percent_statements_covered_display": "100"}, "missing_lines": [], "excluded_lines": [], "start_line": 1}}}, "src/qbc/adapters/base.py": {"executed_lines": [1, 3, 4, 5, 6, 8, 15, 27, 35, 36, 37, 39, 47, 49, 56, 58, 71, 72, 73, 74, 78, 80, 89, 108, 118, 146, 151, 171, 172, 173, 174, 175, 177, 180, 181, 182, 183, 184, 185, 187, 188, 198], "summary": {"covered_lines": 42, "num_statements": 47, "percent_covered": 89.36170212765957, "percent_covered_display": "89", "missing_lines": 5, "excluded_lines": 3, "percent_statements_covered": 89.36170212765957, "percent_statements_covered_display": "89"}, "missing_lines": [82, 87, 101, 106, 116], "excluded_lines": [10, 11, 12], "functions": {"BaseAdapter.__init__": {"executed_lines": [35, 36, 37], "summary": {"covered_lines": 3, "num_statements": 3, "percent_covered": 100.0, "percent_covered_display": "100", "missing_lines": 0, "excluded_lines": 0, "percent_statements_covered": 100.0, "percent_statements_covered_display": "100"}, "missing_lines": [], "excluded_lines": [], "start_line": 27}, "BaseAdapter.get_executors": {"executed_lines": [47], "summary": {"covered_lines": 1, "num_statements": 1, "percent_covered": 100.0, "percent_covered_display": "100", "missing_lines": 0, "excluded_lines": 0, "percent_statements_covered": 100.0, "percent_statements_covered_display": "100"}, "missing_lines": [], "excluded_lines": [], "start_line": 39}, "BaseAdapter.set_executors": {"executed_lines": [56], "summary": {"covered_lines": 1, "num_statements": 1, "percent_covered": 100.0, "percent_covered_display": "100", "missing_lines": 0, "excluded_lines": 0, "percent_statements_covered": 100.0, "percent_statements_covered_display": "100"}, "missing_lines": [], "excluded_lines": [], "start_line": 49}, "BaseAdapter._get_executor": {"executed_lines": [71, 72, 73, 74, 78], "summary": {"covered_lines": 5, "num_statements": 5, "percent_covered": 100.0, "percent_covered_display": "100", "missing_lines": 0, "excluded_lines": 0, "percent_statements_covered": 100.0, "percent_statements_covered_display": "100"}, "missing_lines": [], "excluded_lines": [], "start_line": 58}, "BaseAdapter.get_total_rows": {"executed_lines": [], "summary": {"covered_lines": 0, "num_statements": 2, "percent_covered": 0.0, "percent_covered_display": "0", "missing_lines": 2, "excluded_lines": 0, "percent_statements_covered": 0.0, "percent_statements_covered_display": "0"}, "missing_lines": [82, 87], "excluded_lines": [], "start_line": 80}, "BaseAdapter.test_connection": {"executed_lines": [], "summary": {"covered_lines": 0, "num_statements": 2, "percent_covered": 0.0, "percent_covered_display": "0", "missing_lines": 2, "excluded_lines": 0, "percent_statements_covered": 0.0, "percent_statements_covered_display": "0"}, "missing_lines": [101, 106], "excluded_lines": [], "start_line": 89}, "BaseAdapter.is_compatible_with": {"executed_lines": [], "summary": {"covered_lines": 0, "num_statements": 1, "percent_covered": 0.0, "percent_covered_display": "0", "missing_lines": 1, "excluded_lines": 0, "percent_statements_covered": 0.0, "percent_statements_covered_display": "0"}, "missing_lines": [116], "excluded_lines": [], "start_line": 108}, "BaseAdapter.export_table_as_arrow": {"executed_lines": [146], "summary": {"covered_lines": 1, "num_statements": 1, "percent_covered": 100.0, "percent_covered_display": "100", "missing_lines": 0, "excluded_lines": 0, "percent_statements_covered": 100.0, "percent_statements_covered_display": "100"}, "missing_lines": [], "excluded_lines": [], "start_line": 118}, "BaseAdapter.run_checks": {"executed_lines": [171, 172, 173, 174, 175, 177, 180, 181, 182, 183, 184, 185, 187, 188, 198], "summary": {"covered_lines": 15, "num_statements": 15, "percent_covered": 100.0, "percent_covered_display": "100", "missing_lines": 0, "excluded_lines": 0, "percent_statements_covered": 100.0, "percent_statements_covered_display": "100"}, "missing_lines": [], "excluded_lines": [], "start_line": 151}, "": {"executed_lines": [1, 3, 4, 5, 6, 8, 15, 27, 39, 49, 58, 80, 89, 108, 118, 151], "summary": {"covered_lines": 16, "num_statements": 16, "percent_covered": 100.0, "percent_covered_display": "100", "missing_lines": 0, "excluded_lines": 3, "percent_statements_covered": 100.0, "percent_statements_covered_display": "100"}, "missing_lines": [], "excluded_lines": [10, 11, 12], "start_line": 1}}, "classes": {"BaseAdapter": {"executed_lines": [35, 36, 37, 47, 56, 71, 72, 73, 74, 78, 146, 171, 172, 173, 174, 175, 177, 180, 181, 182, 183, 184, 185, 187, 188, 198], "summary": {"covered_lines": 26, "num_statements": 31, "percent_covered": 83.87096774193549, "percent_covered_display": "84", "missing_lines": 5, "excluded_lines": 0, "percent_statements_covered": 83.87096774193549, "percent_statements_covered_display": "84"}, "missing_lines": [82, 87, 101, 106, 116], "excluded_lines": [], "start_line": 15}, "": {"executed_lines": [1, 3, 4, 5, 6, 8, 15, 27, 39, 49, 58, 80, 89, 108, 118, 151], "summary": {"covered_lines": 16, "num_statements": 16, "percent_covered": 100.0, "percent_covered_display": "100", "missing_lines": 0, "excluded_lines": 3, "percent_statements_covered": 100.0, "percent_statements_covered_display": "100"}, "missing_lines": [], "excluded_lines": [10, 11, 12], "start_line": 1}}}, "src/qbc/adapters/ibis_adapter.py": {"executed_lines": [1, 3, 5, 6, 7, 8, 10, 11, 12, 15, 18, 62, 77, 93, 96, 97, 99, 100, 102, 104, 105, 109, 113, 114, 115, 116, 117, 119, 121, 123, 124, 126, 133, 135, 146, 147, 149, 150, 151, 152, 154, 164, 168, 169, 173, 175, 176, 177, 178, 179, 180, 181, 183, 184, 186, 196, 198, 199, 200, 206, 207, 208, 209, 210, 211, 212, 213, 215, 228, 229, 231, 232, 234, 236, 237, 238, 240, 242], "summary": {"covered_lines": 78, "num_statements": 83, "percent_covered": 93.97590361445783, "percent_covered_display": "94", "missing_lines": 5, "excluded_lines": 0, "percent_statements_covered": 93.97590361445783, "percent_statements_covered_display": "94"}, "missing_lines": [107, 118, 155, 160, 182], "excluded_lines": [], "functions": {"IbisAdapter.__init__": {"executed_lines": [93, 96, 97], "summary": {"covered_lines": 3, "num_statements": 3, "percent_covered": 100.0, "percent_covered_display": "100", "missing_lines": 0, "excluded_lines": 0, "percent_statements_covered": 100.0, "percent_statements_covered_display": "100"}, "missing_lines": [], "excluded_lines": [], "start_line": 77}, "IbisAdapter.filter_conditions": {"executed_lines": [102], "summary": {"covered_lines": 1, "num_statements": 1, "percent_covered": 100.0, "percent_covered_display": "100", "missing_lines": 0, "excluded_lines": 0, "percent_statements_covered": 100.0, "percent_statements_covered_display": "100"}, "missing_lines": [], "excluded_lines": [], "start_line": 100}, "IbisAdapter.has_filter_conditions": {"executed_lines": [], "summary": {"covered_lines": 0, "num_statements": 1, "percent_covered": 0.0, "percent_covered_display": "0", "missing_lines": 1, "excluded_lines": 0, "percent_statements_covered": 0.0, "percent_statements_covered_display": "0"}, "missing_lines": [107], "excluded_lines": [], "start_line": 105}, "IbisAdapter.is_compatible_with": {"executed_lines": [113, 114, 115, 116, 117, 119], "summary": {"covered_lines": 6, "num_statements": 7, "percent_covered": 85.71428571428571, "percent_covered_display": "86", "missing_lines": 1, "excluded_lines": 0, "percent_statements_covered": 85.71428571428571, "percent_statements_covered_display": "86"}, "missing_lines": [118], "excluded_lines": [], "start_line": 109}, "IbisAdapter.get_sql_dialect": {"executed_lines": [123, 124], "summary": {"covered_lines": 2, "num_statements": 2, "percent_covered": 100.0, "percent_covered_display": "100", "missing_lines": 0, "excluded_lines": 0, "percent_statements_covered": 100.0, "percent_statements_covered_display": "100"}, "missing_lines": [], "excluded_lines": [], "start_line": 121}, "IbisAdapter.get_connection": {"executed_lines": [133], "summary": {"covered_lines": 1, "num_statements": 1, "percent_covered": 100.0, "percent_covered_display": "100", "missing_lines": 0, "excluded_lines": 0, "percent_statements_covered": 100.0, "percent_statements_covered_display": "100"}, "missing_lines": [], "excluded_lines": [], "start_line": 126}, "IbisAdapter.get_total_rows": {"executed_lines": [146, 147, 149, 150, 151, 152, 154, 164, 168, 169, 173, 175, 176, 177, 178, 179, 180, 181, 183, 184], "summary": {"covered_lines": 20, "num_statements": 23, "percent_covered": 86.95652173913044, "percent_covered_display": "87", "missing_lines": 3, "excluded_lines": 0, "percent_statements_covered": 86.95652173913044, "percent_statements_covered_display": "87"}, "missing_lines": [155, 160, 182], "excluded_lines": [], "start_line": 135}, "IbisAdapter.test_connection": {"executed_lines": [196, 198, 199, 200, 206, 207, 208, 209, 210, 211, 212, 213], "summary": {"covered_lines": 12, "num_statements": 12, "percent_covered": 100.0, "percent_covered_display": "100", "missing_lines": 0, "excluded_lines": 0, "percent_statements_covered": 100.0, "percent_statements_covered_display": "100"}, "missing_lines": [], "excluded_lines": [], "start_line": 186}, "IbisAdapter.export_table_as_arrow": {"executed_lines": [228, 229, 231, 232, 234, 236, 237, 238, 240, 242], "summary": {"covered_lines": 10, "num_statements": 10, "percent_covered": 100.0, "percent_covered_display": "100", "missing_lines": 0, "excluded_lines": 0, "percent_statements_covered": 100.0, "percent_statements_covered_display": "100"}, "missing_lines": [], "excluded_lines": [], "start_line": 215}, "": {"executed_lines": [1, 3, 5, 6, 7, 8, 10, 11, 12, 15, 18, 62, 77, 99, 100, 104, 105, 109, 121, 126, 135, 186, 215], "summary": {"covered_lines": 23, "num_statements": 23, "percent_covered": 100.0, "percent_covered_display": "100", "missing_lines": 0, "excluded_lines": 0, "percent_statements_covered": 100.0, "percent_statements_covered_display": "100"}, "missing_lines": [], "excluded_lines": [], "start_line": 1}}, "classes": {"IbisAdapter": {"executed_lines": [93, 96, 97, 102, 113, 114, 115, 116, 117, 119, 123, 124, 133, 146, 147, 149, 150, 151, 152, 154, 164, 168, 169, 173, 175, 176, 177, 178, 179, 180, 181, 183, 184, 196, 198, 199, 200, 206, 207, 208, 209, 210, 211, 212, 213, 228, 229, 231, 232, 234, 236, 237, 238, 240, 242], "summary": {"covered_lines": 55, "num_statements": 60, "percent_covered": 91.66666666666667, "percent_covered_display": "92", "missing_lines": 5, "excluded_lines": 0, "percent_statements_covered": 91.66666666666667, "percent_statements_covered_display": "92"}, "missing_lines": [107, 118, 155, 160, 182], "excluded_lines": [], "start_line": 18}, "": {"executed_lines": [1, 3, 5, 6, 7, 8, 10, 11, 12, 15, 18, 62, 77, 99, 100, 104, 105, 109, 121, 126, 135, 186, 215], "summary": {"covered_lines": 23, "num_statements": 23, "percent_covered": 100.0, "percent_covered_display": "100", "missing_lines": 0, "excluded_lines": 0, "percent_statements_covered": 100.0, "percent_statements_covered_display": "100"}, "missing_lines": [], "excluded_lines": [], "start_line": 1}}}, "src/qbc/adapters/models.py": {"executed_lines": [5, 7, 8, 10, 14, 17, 20, 21, 38, 39, 40, 42, 52, 55, 57, 61, 70, 77, 85, 86, 88, 90, 91, 93, 95, 97, 99, 102, 104, 117, 118, 119, 120, 125, 128, 132, 133, 134, 136], "summary": {"covered_lines": 39, "num_statements": 58, "percent_covered": 67.24137931034483, "percent_covered_display": "67", "missing_lines": 19, "excluded_lines": 0, "percent_statements_covered": 67.24137931034483, "percent_statements_covered_display": "67"}, "missing_lines": [56, 58, 62, 63, 64, 65, 66, 67, 71, 72, 73, 74, 87, 94, 96, 98, 100, 129, 135], "excluded_lines": [], "functions": {"FilterCondition.to_ast": {"executed_lines": [52, 55, 57, 61, 70, 77, 85, 86, 88], "summary": {"covered_lines": 9, "num_statements": 22, "percent_covered": 40.90909090909091, "percent_covered_display": "41", "missing_lines": 13, "excluded_lines": 0, "percent_statements_covered": 40.90909090909091, "percent_statements_covered_display": "41"}, "missing_lines": [56, 58, 62, 63, 64, 65, 66, 67, 71, 72, 73, 74, 87], "excluded_lines": [], "start_line": 42}, "FilterCondition._to_literal": {"executed_lines": [93, 95, 97, 99, 102], "summary": {"covered_lines": 5, "num_statements": 9, "percent_covered": 55.55555555555556, "percent_covered_display": "56", "missing_lines": 4, "excluded_lines": 0, "percent_statements_covered": 55.55555555555556, "percent_statements_covered_display": "56"}, "missing_lines": [94, 96, 98, 100], "excluded_lines": [], "start_line": 91}, "build_filter_ast": {"executed_lines": [117, 128, 132, 133, 134, 136], "summary": {"covered_lines": 6, "num_statements": 8, "percent_covered": 75.0, "percent_covered_display": "75", "missing_lines": 2, "excluded_lines": 0, "percent_statements_covered": 75.0, "percent_statements_covered_display": "75"}, "missing_lines": [129, 135], "excluded_lines": [], "start_line": 104}, "build_filter_ast._to_filter_condition": {"executed_lines": [118, 119, 120, 125], "summary": {"covered_lines": 4, "num_statements": 4, "percent_covered": 100.0, "percent_covered_display": "100", "missing_lines": 0, "excluded_lines": 0, "percent_statements_covered": 100.0, "percent_statements_covered_display": "100"}, "missing_lines": [], "excluded_lines": [], "start_line": 117}, "": {"executed_lines": [5, 7, 8, 10, 14, 17, 20, 21, 38, 39, 40, 42, 90, 91, 104], "summary": {"covered_lines": 15, "num_statements": 15, "percent_covered": 100.0, "percent_covered_display": "100", "missing_lines": 0, "excluded_lines": 0, "percent_statements_covered": 100.0, "percent_statements_covered_display": "100"}, "missing_lines": [], "excluded_lines": [], "start_line": 1}}, "classes": {"FilterCondition": {"executed_lines": [52, 55, 57, 61, 70, 77, 85, 86, 88, 93, 95, 97, 99, 102], "summary": {"covered_lines": 14, "num_statements": 31, "percent_covered": 45.16129032258065, "percent_covered_display": "45", "missing_lines": 17, "excluded_lines": 0, "percent_statements_covered": 45.16129032258065, "percent_statements_covered_display": "45"}, "missing_lines": [56, 58, 62, 63, 64, 65, 66, 67, 71, 72, 73, 74, 87, 94, 96, 98, 100], "excluded_lines": [], "start_line": 21}, "": {"executed_lines": [5, 7, 8, 10, 14, 17, 20, 21, 38, 39, 40, 42, 90, 91, 104, 117, 118, 119, 120, 125, 128, 132, 133, 134, 136], "summary": {"covered_lines": 25, "num_statements": 27, "percent_covered": 92.5925925925926, "percent_covered_display": "93", "missing_lines": 2, "excluded_lines": 0, "percent_statements_covered": 92.5925925925926, "percent_statements_covered_display": "93"}, "missing_lines": [129, 135], "excluded_lines": [], "start_line": 1}}}, "src/qbc/adapters/multi_source_adapter.py": {"executed_lines": [8, 10, 11, 12, 14, 15, 17, 18, 26, 59, 73, 76, 77, 83, 84, 85, 86, 87, 88, 89, 91, 93, 94, 95, 102, 112, 113, 114, 115, 116, 117, 119, 129, 130, 131, 134, 135, 137, 138, 140, 142, 143, 145, 147, 157, 159, 185, 186, 188, 189, 192, 193, 194, 195, 202, 203, 204, 205, 206, 207, 208, 210, 211, 213, 215, 217, 218, 244, 246, 248, 264, 266, 267, 269, 270, 274, 276, 277, 278, 280, 283, 284, 286, 298, 299, 302, 303, 304, 305, 307, 309, 311, 321], "summary": {"covered_lines": 93, "num_statements": 101, "percent_covered": 92.07920792079207, "percent_covered_display": "92", "missing_lines": 8, "excluded_lines": 4, "percent_statements_covered": 92.07920792079207, "percent_statements_covered_display": "92"}, "missing_lines": [132, 221, 222, 223, 227, 236, 271, 288], "excluded_lines": [20, 21, 22, 23], "functions": {"MultiSourceAdapter.__init__": {"executed_lines": [73, 76, 77, 83, 84, 85, 86, 87, 88, 89, 91, 93, 94, 95], "summary": {"covered_lines": 14, "num_statements": 14, "percent_covered": 100.0, "percent_covered_display": "100", "missing_lines": 0, "excluded_lines": 0, "percent_statements_covered": 100.0, "percent_statements_covered_display": "100"}, "missing_lines": [], "excluded_lines": [], "start_line": 59}, "MultiSourceAdapter._detect_tables_in_query": {"executed_lines": [112, 113, 114, 115, 116, 117], "summary": {"covered_lines": 6, "num_statements": 6, "percent_covered": 100.0, "percent_covered_display": "100", "missing_lines": 0, "excluded_lines": 0, "percent_statements_covered": 100.0, "percent_statements_covered_display": "100"}, "missing_lines": [], "excluded_lines": [], "start_line": 102}, "MultiSourceAdapter._is_multi_table_check": {"executed_lines": [129, 130, 131, 134, 135], "summary": {"covered_lines": 5, "num_statements": 6, "percent_covered": 83.33333333333333, "percent_covered_display": "83", "missing_lines": 1, "excluded_lines": 0, "percent_statements_covered": 83.33333333333333, "percent_statements_covered_display": "83"}, "missing_lines": [132], "excluded_lines": [], "start_line": 119}, "MultiSourceAdapter.adapters": {"executed_lines": [140], "summary": {"covered_lines": 1, "num_statements": 1, "percent_covered": 100.0, "percent_covered_display": "100", "missing_lines": 0, "excluded_lines": 0, "percent_statements_covered": 100.0, "percent_statements_covered_display": "100"}, "missing_lines": [], "excluded_lines": [], "start_line": 138}, "MultiSourceAdapter.schema_names": {"executed_lines": [145], "summary": {"covered_lines": 1, "num_statements": 1, "percent_covered": 100.0, "percent_covered_display": "100", "missing_lines": 0, "excluded_lines": 0, "percent_statements_covered": 100.0, "percent_statements_covered_display": "100"}, "missing_lines": [], "excluded_lines": [], "start_line": 143}, "MultiSourceAdapter.get_adapter": {"executed_lines": [157], "summary": {"covered_lines": 1, "num_statements": 1, "percent_covered": 100.0, "percent_covered_display": "100", "missing_lines": 0, "excluded_lines": 0, "percent_statements_covered": 100.0, "percent_statements_covered_display": "100"}, "missing_lines": [], "excluded_lines": [], "start_line": 147}, "MultiSourceAdapter.test_connections": {"executed_lines": [185, 186, 188, 189, 192, 193, 194, 195, 202, 203, 204, 205, 206, 207, 208, 210, 211, 213, 215, 217, 218, 244, 246], "summary": {"covered_lines": 23, "num_statements": 28, "percent_covered": 82.14285714285714, "percent_covered_display": "82", "missing_lines": 5, "excluded_lines": 0, "percent_statements_covered": 82.14285714285714, "percent_statements_covered_display": "82"}, "missing_lines": [221, 222, 223, 227, 236], "excluded_lines": [], "start_line": 159}, "MultiSourceAdapter.run_checks": {"executed_lines": [264, 266, 267, 269, 270, 274, 276, 277, 278, 280, 283, 284, 286, 298, 299, 302, 303, 304, 305, 307, 309], "summary": {"covered_lines": 21, "num_statements": 23, "percent_covered": 91.30434782608695, "percent_covered_display": "91", "missing_lines": 2, "excluded_lines": 0, "percent_statements_covered": 91.30434782608695, "percent_statements_covered_display": "91"}, "missing_lines": [271, 288], "excluded_lines": [], "start_line": 248}, "MultiSourceAdapter.get_total_rows_by_schema": {"executed_lines": [321], "summary": {"covered_lines": 1, "num_statements": 1, "percent_covered": 100.0, "percent_covered_display": "100", "missing_lines": 0, "excluded_lines": 0, "percent_statements_covered": 100.0, "percent_statements_covered_display": "100"}, "missing_lines": [], "excluded_lines": [], "start_line": 311}, "": {"executed_lines": [8, 10, 11, 12, 14, 15, 17, 18, 26, 59, 102, 119, 137, 138, 142, 143, 147, 159, 248, 311], "summary": {"covered_lines": 20, "num_statements": 20, "percent_covered": 100.0, "percent_covered_display": "100", "missing_lines": 0, "excluded_lines": 4, "percent_statements_covered": 100.0, "percent_statements_covered_display": "100"}, "missing_lines": [], "excluded_lines": [20, 21, 22, 23], "start_line": 1}}, "classes": {"MultiSourceAdapter": {"executed_lines": [73, 76, 77, 83, 84, 85, 86, 87, 88, 89, 91, 93, 94, 95, 112, 113, 114, 115, 116, 117, 129, 130, 131, 134, 135, 140, 145, 157, 185, 186, 188, 189, 192, 193, 194, 195, 202, 203, 204, 205, 206, 207, 208, 210, 211, 213, 215, 217, 218, 244, 246, 264, 266, 267, 269, 270, 274, 276, 277, 278, 280, 283, 284, 286, 298, 299, 302, 303, 304, 305, 307, 309, 321], "summary": {"covered_lines": 73, "num_statements": 81, "percent_covered": 90.12345679012346, "percent_covered_display": "90", "missing_lines": 8, "excluded_lines": 0, "percent_statements_covered": 90.12345679012346, "percent_statements_covered_display": "90"}, "missing_lines": [132, 221, 222, 223, 227, 236, 271, 288], "excluded_lines": [], "start_line": 26}, "": {"executed_lines": [8, 10, 11, 12, 14, 15, 17, 18, 26, 59, 102, 119, 137, 138, 142, 143, 147, 159, 248, 311], "summary": {"covered_lines": 20, "num_statements": 20, "percent_covered": 100.0, "percent_covered_display": "100", "missing_lines": 0, "excluded_lines": 4, "percent_statements_covered": 100.0, "percent_statements_covered_display": "100"}, "missing_lines": [], "excluded_lines": [20, 21, 22, 23], "start_line": 1}}}, "src/qbc/config.py": {"executed_lines": [5, 7, 10, 11, 35, 36, 37, 38, 40, 42], "summary": {"covered_lines": 10, "num_statements": 10, "percent_covered": 100.0, "percent_covered_display": "100", "missing_lines": 0, "excluded_lines": 0, "percent_statements_covered": 100.0, "percent_statements_covered_display": "100"}, "missing_lines": [], "excluded_lines": [], "functions": {"ValidationConfig.to_dict": {"executed_lines": [42], "summary": {"covered_lines": 1, "num_statements": 1, "percent_covered": 100.0, "percent_covered_display": "100", "missing_lines": 0, "excluded_lines": 0, "percent_statements_covered": 100.0, "percent_statements_covered_display": "100"}, "missing_lines": [], "excluded_lines": [], "start_line": 40}, "": {"executed_lines": [5, 7, 10, 11, 35, 36, 37, 38, 40], "summary": {"covered_lines": 9, "num_statements": 9, "percent_covered": 100.0, "percent_covered_display": "100", "missing_lines": 0, "excluded_lines": 0, "percent_statements_covered": 100.0, "percent_statements_covered_display": "100"}, "missing_lines": [], "excluded_lines": [], "start_line": 1}}, "classes": {"ValidationConfig": {"executed_lines": [42], "summary": {"covered_lines": 1, "num_statements": 1, "percent_covered": 100.0, "percent_covered_display": "100", "missing_lines": 0, "excluded_lines": 0, "percent_statements_covered": 100.0, "percent_statements_covered_display": "100"}, "missing_lines": [], "excluded_lines": [], "start_line": 11}, "": {"executed_lines": [5, 7, 10, 11, 35, 36, 37, 38, 40], "summary": {"covered_lines": 9, "num_statements": 9, "percent_covered": 100.0, "percent_covered_display": "100", "missing_lines": 0, "excluded_lines": 0, "percent_statements_covered": 100.0, "percent_statements_covered_display": "100"}, "missing_lines": [], "excluded_lines": [], "start_line": 1}}}, "src/qbc/contracts/check_reference.py": {"executed_lines": [8, 10, 11, 12, 13, 14, 16, 17, 30, 42, 51, 59, 60, 62, 63, 65, 67, 68, 72, 79, 81, 82, 86, 87, 91, 98, 100, 109, 116, 118, 125, 128, 141, 143, 144, 180, 202, 203, 205, 206, 207, 210, 212, 213, 214, 218, 219, 243, 245, 248, 249, 250, 260, 264, 266, 267, 268, 269, 271, 272, 273, 274, 277, 279, 282, 285, 286, 287, 289, 292, 293, 294, 295, 300, 301, 303, 312, 331, 332, 338, 339, 340, 341, 342, 343, 345, 346, 352, 353, 355, 356, 362, 363, 365, 366, 376, 378, 380, 382, 383, 385, 387, 390, 391, 406, 407, 408, 411, 412, 416, 417, 420, 421, 422, 424, 425, 426, 428, 429, 430, 432, 433, 434, 435, 436, 441, 442, 443, 444, 445, 448, 450, 451, 456, 457, 460, 462, 463, 464, 470, 477, 478, 479, 481, 483, 485, 491, 492, 494, 496, 497, 498, 499, 500, 503, 510, 511, 512, 514, 516, 518, 520, 522, 523, 524, 526, 527, 528, 530, 534, 540, 541, 543, 545, 546, 547, 548, 549, 552, 562, 563, 564, 565, 566, 568, 569, 573, 574, 578, 584, 585, 586, 587, 588, 589, 590, 592, 593, 594, 596, 597, 599, 602, 603, 605, 606, 608, 611, 612, 615, 625, 626, 628, 629, 630, 631, 633, 635, 636, 638, 639, 640, 641, 643, 652, 653, 655, 663, 665, 667, 668, 669, 671, 680, 682, 685, 698, 703, 704, 713, 714, 715, 717, 718, 719, 720, 722, 724, 725, 726, 728, 737, 739, 742, 743, 745, 755, 756, 758, 759, 760, 763, 764, 765, 766, 767, 770, 771, 772, 774, 775, 776, 778, 779, 780, 783, 813, 815, 816, 818, 829, 832, 841, 842, 844, 845, 846, 847, 849, 851, 852, 854, 855, 857, 866, 867, 869, 874, 876, 878, 879, 881, 891, 900, 901, 903, 904, 905, 906, 908, 910, 911, 913, 914, 916, 925, 926, 928, 936, 940, 942, 944, 945, 947, 957, 966, 967, 969, 970, 971, 972, 974, 976, 977, 979, 980, 982, 991, 992, 995, 1002, 1009, 1012, 1018, 1020, 1022, 1023, 1025], "summary": {"covered_lines": 348, "num_statements": 410, "percent_covered": 84.8780487804878, "percent_covered_display": "85", "missing_lines": 62, "excluded_lines": 15, "percent_statements_covered": 84.8780487804878, "percent_statements_covered_display": "85"}, "missing_lines": [70, 107, 204, 208, 211, 215, 216, 246, 251, 252, 258, 261, 275, 280, 290, 377, 379, 381, 384, 386, 388, 437, 438, 439, 446, 459, 466, 467, 531, 532, 600, 609, 644, 650, 705, 711, 740, 746, 752, 786, 787, 788, 790, 791, 792, 794, 795, 796, 798, 799, 800, 802, 803, 804, 805, 808, 858, 864, 917, 923, 983, 989], "excluded_lines": [19, 20, 21, 23, 26, 84, 85, 89, 90, 178, 179, 571, 572, 576, 577], "functions": {"CheckReference.__init__": {"executed_lines": [59, 60], "summary": {"covered_lines": 2, "num_statements": 2, "percent_covered": 100.0, "percent_covered_display": "100", "missing_lines": 0, "excluded_lines": 0, "percent_statements_covered": 100.0, "percent_statements_covered_display": "100"}, "missing_lines": [], "excluded_lines": [], "start_line": 51}, "CheckReference.path": {"executed_lines": [65], "summary": {"covered_lines": 1, "num_statements": 1, "percent_covered": 100.0, "percent_covered_display": "100", "missing_lines": 0, "excluded_lines": 0, "percent_statements_covered": 100.0, "percent_statements_covered_display": "100"}, "missing_lines": [], "excluded_lines": [], "start_line": 63}, "CheckReference.contract": {"executed_lines": [], "summary": {"covered_lines": 0, "num_statements": 1, "percent_covered": 0.0, "percent_covered_display": "0", "missing_lines": 1, "excluded_lines": 0, "percent_statements_covered": 0.0, "percent_statements_covered_display": "0"}, "missing_lines": [70], "excluded_lines": [], "start_line": 68}, "CheckReference.get_check": {"executed_lines": [79], "summary": {"covered_lines": 1, "num_statements": 1, "percent_covered": 100.0, "percent_covered_display": "100", "missing_lines": 0, "excluded_lines": 0, "percent_statements_covered": 100.0, "percent_statements_covered_display": "100"}, "missing_lines": [], "excluded_lines": [], "start_line": 72}, "CheckReference.get_schema_name": {"executed_lines": [], "summary": {"covered_lines": 0, "num_statements": 0, "percent_covered": 100.0, "percent_covered_display": "100", "missing_lines": 0, "excluded_lines": 1, "percent_statements_covered": 100.0, "percent_statements_covered_display": "100"}, "missing_lines": [], "excluded_lines": [84], "start_line": 82}, "CheckReference.get_schema_path": {"executed_lines": [], "summary": {"covered_lines": 0, "num_statements": 0, "percent_covered": 100.0, "percent_covered_display": "100", "missing_lines": 0, "excluded_lines": 1, "percent_statements_covered": 100.0, "percent_statements_covered_display": "100"}, "missing_lines": [], "excluded_lines": [89], "start_line": 87}, "CheckReference.get_logical_type": {"executed_lines": [98], "summary": {"covered_lines": 1, "num_statements": 1, "percent_covered": 100.0, "percent_covered_display": "100", "missing_lines": 0, "excluded_lines": 0, "percent_statements_covered": 100.0, "percent_statements_covered_display": "100"}, "missing_lines": [], "excluded_lines": [], "start_line": 91}, "CheckReference.get_logical_type_options": {"executed_lines": [], "summary": {"covered_lines": 0, "num_statements": 1, "percent_covered": 0.0, "percent_covered_display": "0", "missing_lines": 1, "excluded_lines": 0, "percent_statements_covered": 0.0, "percent_statements_covered_display": "0"}, "missing_lines": [107], "excluded_lines": [], "start_line": 100}, "CheckReference.get_column_name": {"executed_lines": [116], "summary": {"covered_lines": 1, "num_statements": 1, "percent_covered": 100.0, "percent_covered_display": "100", "missing_lines": 0, "excluded_lines": 0, "percent_statements_covered": 100.0, "percent_statements_covered_display": "100"}, "missing_lines": [], "excluded_lines": [], "start_line": 109}, "CheckReference.is_generated": {"executed_lines": [125], "summary": {"covered_lines": 1, "num_statements": 1, "percent_covered": 100.0, "percent_covered_display": "100", "missing_lines": 0, "excluded_lines": 0, "percent_statements_covered": 100.0, "percent_statements_covered_display": "100"}, "missing_lines": [], "excluded_lines": [], "start_line": 118}, "SQLCheckReference.get_query": {"executed_lines": [], "summary": {"covered_lines": 0, "num_statements": 0, "percent_covered": 100.0, "percent_covered_display": "100", "missing_lines": 0, "excluded_lines": 1, "percent_statements_covered": 100.0, "percent_statements_covered_display": "100"}, "missing_lines": [], "excluded_lines": [178], "start_line": 144}, "SQLCheckReference.get_failed_rows_query": {"executed_lines": [202, 203, 205, 206, 207, 210, 212, 213, 214], "summary": {"covered_lines": 9, "num_statements": 14, "percent_covered": 64.28571428571429, "percent_covered_display": "64", "missing_lines": 5, "excluded_lines": 0, "percent_statements_covered": 64.28571428571429, "percent_statements_covered_display": "64"}, "missing_lines": [204, 208, 211, 215, 216], "excluded_lines": [], "start_line": 180}, "SQLCheckReference.apply_filters": {"executed_lines": [243, 245, 248, 249, 250, 260, 264, 266, 267, 268, 269, 271, 272, 273, 274, 277, 279, 282, 285, 286, 287, 289, 292, 293, 294, 295, 300, 301, 303], "summary": {"covered_lines": 29, "num_statements": 37, "percent_covered": 78.37837837837837, "percent_covered_display": "78", "missing_lines": 8, "excluded_lines": 0, "percent_statements_covered": 78.37837837837837, "percent_statements_covered_display": "78"}, "missing_lines": [246, 251, 252, 258, 261, 275, 280, 290], "excluded_lines": [], "start_line": 219}, "SQLCheckReference._apply_dialect_transforms": {"executed_lines": [338, 339, 340, 341, 342, 343], "summary": {"covered_lines": 6, "num_statements": 6, "percent_covered": 100.0, "percent_covered_display": "100", "missing_lines": 0, "excluded_lines": 0, "percent_statements_covered": 100.0, "percent_statements_covered_display": "100"}, "missing_lines": [], "excluded_lines": [], "start_line": 332}, "SQLCheckReference._render_sql": {"executed_lines": [352, 353], "summary": {"covered_lines": 2, "num_statements": 2, "percent_covered": 100.0, "percent_covered_display": "100", "missing_lines": 0, "excluded_lines": 0, "percent_statements_covered": 100.0, "percent_statements_covered_display": "100"}, "missing_lines": [], "excluded_lines": [], "start_line": 346}, "SQLCheckReference.transpile": {"executed_lines": [362, 363], "summary": {"covered_lines": 2, "num_statements": 2, "percent_covered": 100.0, "percent_covered_display": "100", "missing_lines": 0, "excluded_lines": 0, "percent_statements_covered": 100.0, "percent_statements_covered_display": "100"}, "missing_lines": [], "excluded_lines": [], "start_line": 356}, "SQLCheckReference._infer_type_from_literal": {"executed_lines": [376, 378, 380, 382, 383, 385, 387], "summary": {"covered_lines": 7, "num_statements": 13, "percent_covered": 53.84615384615385, "percent_covered_display": "54", "missing_lines": 6, "excluded_lines": 0, "percent_statements_covered": 53.84615384615385, "percent_statements_covered_display": "54"}, "missing_lines": [377, 379, 381, 384, 386, 388], "excluded_lines": [], "start_line": 366}, "SQLCheckReference.apply_try_cast": {"executed_lines": [406, 407, 408, 411, 412, 416, 417, 420, 421, 422, 424, 425, 426, 428, 429, 430, 432, 433, 434, 435, 436, 441, 442, 443, 444, 445, 448, 450, 451, 456, 457, 460, 462, 463, 464], "summary": {"covered_lines": 35, "num_statements": 42, "percent_covered": 83.33333333333333, "percent_covered_display": "83", "missing_lines": 7, "excluded_lines": 0, "percent_statements_covered": 83.33333333333333, "percent_statements_covered_display": "83"}, "missing_lines": [437, 438, 439, 446, 459, 466, 467], "excluded_lines": [], "start_line": 391}, "TableCheckReference.get_schema_name": {"executed_lines": [478, 479], "summary": {"covered_lines": 2, "num_statements": 2, "percent_covered": 100.0, "percent_covered_display": "100", "missing_lines": 0, "excluded_lines": 0, "percent_statements_covered": 100.0, "percent_statements_covered_display": "100"}, "missing_lines": [], "excluded_lines": [], "start_line": 477}, "TableCheckReference.get_schema_path": {"executed_lines": [483], "summary": {"covered_lines": 1, "num_statements": 1, "percent_covered": 100.0, "percent_covered_display": "100", "missing_lines": 0, "excluded_lines": 0, "percent_statements_covered": 100.0, "percent_statements_covered_display": "100"}, "missing_lines": [], "excluded_lines": [], "start_line": 481}, "TableCheckReference.get_query": {"executed_lines": [491, 492, 494, 496, 497, 498, 499, 500], "summary": {"covered_lines": 8, "num_statements": 8, "percent_covered": 100.0, "percent_covered_display": "100", "missing_lines": 0, "excluded_lines": 0, "percent_statements_covered": 100.0, "percent_statements_covered_display": "100"}, "missing_lines": [], "excluded_lines": [], "start_line": 485}, "ColumnCheckReference.get_schema_name": {"executed_lines": [511, 512], "summary": {"covered_lines": 2, "num_statements": 2, "percent_covered": 100.0, "percent_covered_display": "100", "missing_lines": 0, "excluded_lines": 0, "percent_statements_covered": 100.0, "percent_statements_covered_display": "100"}, "missing_lines": [], "excluded_lines": [], "start_line": 510}, "ColumnCheckReference.get_schema_path": {"executed_lines": [516], "summary": {"covered_lines": 1, "num_statements": 1, "percent_covered": 100.0, "percent_covered_display": "100", "missing_lines": 0, "excluded_lines": 0, "percent_statements_covered": 100.0, "percent_statements_covered_display": "100"}, "missing_lines": [], "excluded_lines": [], "start_line": 514}, "ColumnCheckReference.get_column_path": {"executed_lines": [520], "summary": {"covered_lines": 1, "num_statements": 1, "percent_covered": 100.0, "percent_covered_display": "100", "missing_lines": 0, "excluded_lines": 0, "percent_statements_covered": 100.0, "percent_statements_covered_display": "100"}, "missing_lines": [], "excluded_lines": [], "start_line": 518}, "ColumnCheckReference.get_column_name": {"executed_lines": [523, 524], "summary": {"covered_lines": 2, "num_statements": 2, "percent_covered": 100.0, "percent_covered_display": "100", "missing_lines": 0, "excluded_lines": 0, "percent_statements_covered": 100.0, "percent_statements_covered_display": "100"}, "missing_lines": [], "excluded_lines": [], "start_line": 522}, "ColumnCheckReference.get_logical_type": {"executed_lines": [527, 528], "summary": {"covered_lines": 2, "num_statements": 2, "percent_covered": 100.0, "percent_covered_display": "100", "missing_lines": 0, "excluded_lines": 0, "percent_statements_covered": 100.0, "percent_statements_covered_display": "100"}, "missing_lines": [], "excluded_lines": [], "start_line": 526}, "ColumnCheckReference.get_logical_type_options": {"executed_lines": [], "summary": {"covered_lines": 0, "num_statements": 2, "percent_covered": 0.0, "percent_covered_display": "0", "missing_lines": 2, "excluded_lines": 0, "percent_statements_covered": 0.0, "percent_statements_covered_display": "0"}, "missing_lines": [531, 532], "excluded_lines": [], "start_line": 530}, "ColumnCheckReference.get_query": {"executed_lines": [540, 541, 543, 545, 546, 547, 548, 549], "summary": {"covered_lines": 8, "num_statements": 8, "percent_covered": 100.0, "percent_covered_display": "100", "missing_lines": 0, "excluded_lines": 0, "percent_statements_covered": 100.0, "percent_statements_covered_display": "100"}, "missing_lines": [], "excluded_lines": [], "start_line": 534}, "GeneratedColumnCheckReference.__init__": {"executed_lines": [563, 564, 565, 566], "summary": {"covered_lines": 4, "num_statements": 4, "percent_covered": 100.0, "percent_covered_display": "100", "missing_lines": 0, "excluded_lines": 0, "percent_statements_covered": 100.0, "percent_statements_covered_display": "100"}, "missing_lines": [], "excluded_lines": [], "start_line": 562}, "GeneratedColumnCheckReference._build_ast": {"executed_lines": [], "summary": {"covered_lines": 0, "num_statements": 0, "percent_covered": 100.0, "percent_covered_display": "100", "missing_lines": 0, "excluded_lines": 1, "percent_statements_covered": 100.0, "percent_statements_covered_display": "100"}, "missing_lines": [], "excluded_lines": [571], "start_line": 569}, "GeneratedColumnCheckReference._generate_check": {"executed_lines": [], "summary": {"covered_lines": 0, "num_statements": 0, "percent_covered": 100.0, "percent_covered_display": "100", "missing_lines": 0, "excluded_lines": 1, "percent_statements_covered": 100.0, "percent_statements_covered_display": "100"}, "missing_lines": [], "excluded_lines": [576], "start_line": 574}, "GeneratedColumnCheckReference.get_query": {"executed_lines": [584, 585, 586, 587, 588, 589, 590], "summary": {"covered_lines": 7, "num_statements": 7, "percent_covered": 100.0, "percent_covered_display": "100", "missing_lines": 0, "excluded_lines": 0, "percent_statements_covered": 100.0, "percent_statements_covered_display": "100"}, "missing_lines": [], "excluded_lines": [], "start_line": 578}, "GeneratedColumnCheckReference.get_schema_name": {"executed_lines": [593, 594], "summary": {"covered_lines": 2, "num_statements": 2, "percent_covered": 100.0, "percent_covered_display": "100", "missing_lines": 0, "excluded_lines": 0, "percent_statements_covered": 100.0, "percent_statements_covered_display": "100"}, "missing_lines": [], "excluded_lines": [], "start_line": 592}, "GeneratedColumnCheckReference.get_schema_path": {"executed_lines": [597], "summary": {"covered_lines": 1, "num_statements": 1, "percent_covered": 100.0, "percent_covered_display": "100", "missing_lines": 0, "excluded_lines": 0, "percent_statements_covered": 100.0, "percent_statements_covered_display": "100"}, "missing_lines": [], "excluded_lines": [], "start_line": 596}, "GeneratedColumnCheckReference.get_column_path": {"executed_lines": [], "summary": {"covered_lines": 0, "num_statements": 1, "percent_covered": 0.0, "percent_covered_display": "0", "missing_lines": 1, "excluded_lines": 0, "percent_statements_covered": 0.0, "percent_statements_covered_display": "0"}, "missing_lines": [600], "excluded_lines": [], "start_line": 599}, "GeneratedColumnCheckReference.get_column_name": {"executed_lines": [603], "summary": {"covered_lines": 1, "num_statements": 1, "percent_covered": 100.0, "percent_covered_display": "100", "missing_lines": 0, "excluded_lines": 0, "percent_statements_covered": 100.0, "percent_statements_covered_display": "100"}, "missing_lines": [], "excluded_lines": [], "start_line": 602}, "GeneratedColumnCheckReference.get_logical_type": {"executed_lines": [606], "summary": {"covered_lines": 1, "num_statements": 1, "percent_covered": 100.0, "percent_covered_display": "100", "missing_lines": 0, "excluded_lines": 0, "percent_statements_covered": 100.0, "percent_statements_covered_display": "100"}, "missing_lines": [], "excluded_lines": [], "start_line": 605}, "GeneratedColumnCheckReference.get_logical_type_options": {"executed_lines": [], "summary": {"covered_lines": 0, "num_statements": 1, "percent_covered": 0.0, "percent_covered_display": "0", "missing_lines": 1, "excluded_lines": 0, "percent_statements_covered": 0.0, "percent_statements_covered_display": "0"}, "missing_lines": [609], "excluded_lines": [], "start_line": 608}, "GeneratedColumnCheckReference.is_generated": {"executed_lines": [612], "summary": {"covered_lines": 1, "num_statements": 1, "percent_covered": 100.0, "percent_covered_display": "100", "missing_lines": 0, "excluded_lines": 0, "percent_statements_covered": 100.0, "percent_statements_covered_display": "100"}, "missing_lines": [], "excluded_lines": [], "start_line": 611}, "LogicalTypeCheckReference.__init__": {"executed_lines": [626], "summary": {"covered_lines": 1, "num_statements": 1, "percent_covered": 100.0, "percent_covered_display": "100", "missing_lines": 0, "excluded_lines": 0, "percent_statements_covered": 100.0, "percent_statements_covered_display": "100"}, "missing_lines": [], "excluded_lines": [], "start_line": 625}, "LogicalTypeCheckReference.get_check": {"executed_lines": [629, 630, 631], "summary": {"covered_lines": 3, "num_statements": 3, "percent_covered": 100.0, "percent_covered_display": "100", "missing_lines": 0, "excluded_lines": 0, "percent_statements_covered": 100.0, "percent_statements_covered_display": "100"}, "missing_lines": [], "excluded_lines": [], "start_line": 628}, "LogicalTypeCheckReference._build_ast": {"executed_lines": [635, 636, 638, 639, 640, 641, 643, 652, 653, 655, 663], "summary": {"covered_lines": 11, "num_statements": 13, "percent_covered": 84.61538461538461, "percent_covered_display": "85", "missing_lines": 2, "excluded_lines": 0, "percent_statements_covered": 84.61538461538461, "percent_statements_covered_display": "85"}, "missing_lines": [644, 650], "excluded_lines": [], "start_line": 633}, "LogicalTypeCheckReference._generate_check": {"executed_lines": [667, 668, 669, 671], "summary": {"covered_lines": 4, "num_statements": 4, "percent_covered": 100.0, "percent_covered_display": "100", "missing_lines": 0, "excluded_lines": 0, "percent_statements_covered": 100.0, "percent_statements_covered_display": "100"}, "missing_lines": [], "excluded_lines": [], "start_line": 665}, "LogicalTypeCheckReference.get_logical_type": {"executed_lines": [682], "summary": {"covered_lines": 1, "num_statements": 1, "percent_covered": 100.0, "percent_covered_display": "100", "missing_lines": 0, "excluded_lines": 0, "percent_statements_covered": 100.0, "percent_statements_covered_display": "100"}, "missing_lines": [], "excluded_lines": [], "start_line": 680}, "LogicalTypeOptionsCheckReference.__init__": {"executed_lines": [704, 713, 714, 715], "summary": {"covered_lines": 4, "num_statements": 6, "percent_covered": 66.66666666666667, "percent_covered_display": "67", "missing_lines": 2, "excluded_lines": 0, "percent_statements_covered": 66.66666666666667, "percent_statements_covered_display": "67"}, "missing_lines": [705, 711], "excluded_lines": [], "start_line": 703}, "LogicalTypeOptionsCheckReference.get_check": {"executed_lines": [718, 719, 720], "summary": {"covered_lines": 3, "num_statements": 3, "percent_covered": 100.0, "percent_covered_display": "100", "missing_lines": 0, "excluded_lines": 0, "percent_statements_covered": 100.0, "percent_statements_covered_display": "100"}, "missing_lines": [], "excluded_lines": [], "start_line": 717}, "LogicalTypeOptionsCheckReference._generate_check": {"executed_lines": [724, 725, 726, 728], "summary": {"covered_lines": 4, "num_statements": 4, "percent_covered": 100.0, "percent_covered_display": "100", "missing_lines": 0, "excluded_lines": 0, "percent_statements_covered": 100.0, "percent_statements_covered_display": "100"}, "missing_lines": [], "excluded_lines": [], "start_line": 722}, "LogicalTypeOptionsCheckReference._build_ast": {"executed_lines": [739, 742, 743, 745, 755, 756, 758, 759, 760, 763, 770, 771, 772, 774, 775, 776, 778, 779, 780, 783], "summary": {"covered_lines": 20, "num_statements": 40, "percent_covered": 50.0, "percent_covered_display": "50", "missing_lines": 20, "excluded_lines": 0, "percent_statements_covered": 50.0, "percent_statements_covered_display": "50"}, "missing_lines": [740, 746, 752, 786, 787, 788, 790, 791, 792, 794, 795, 796, 798, 799, 800, 802, 803, 804, 805, 808], "excluded_lines": [], "start_line": 737}, "LogicalTypeOptionsCheckReference._build_ast.count_where": {"executed_lines": [764, 765, 766, 767], "summary": {"covered_lines": 4, "num_statements": 4, "percent_covered": 100.0, "percent_covered_display": "100", "missing_lines": 0, "excluded_lines": 0, "percent_statements_covered": 100.0, "percent_statements_covered_display": "100"}, "missing_lines": [], "excluded_lines": [], "start_line": 763}, "LogicalTypeOptionsCheckReference._build_description": {"executed_lines": [815, 816, 818, 829], "summary": {"covered_lines": 4, "num_statements": 4, "percent_covered": 100.0, "percent_covered_display": "100", "missing_lines": 0, "excluded_lines": 0, "percent_statements_covered": 100.0, "percent_statements_covered_display": "100"}, "missing_lines": [], "excluded_lines": [], "start_line": 813}, "RequiredCheckReference.__init__": {"executed_lines": [842], "summary": {"covered_lines": 1, "num_statements": 1, "percent_covered": 100.0, "percent_covered_display": "100", "missing_lines": 0, "excluded_lines": 0, "percent_statements_covered": 100.0, "percent_statements_covered_display": "100"}, "missing_lines": [], "excluded_lines": [], "start_line": 841}, "RequiredCheckReference.get_check": {"executed_lines": [845, 846, 847], "summary": {"covered_lines": 3, "num_statements": 3, "percent_covered": 100.0, "percent_covered_display": "100", "missing_lines": 0, "excluded_lines": 0, "percent_statements_covered": 100.0, "percent_statements_covered_display": "100"}, "missing_lines": [], "excluded_lines": [], "start_line": 844}, "RequiredCheckReference._build_ast": {"executed_lines": [851, 852, 854, 855, 857, 866, 867, 869, 874], "summary": {"covered_lines": 9, "num_statements": 11, "percent_covered": 81.81818181818181, "percent_covered_display": "82", "missing_lines": 2, "excluded_lines": 0, "percent_statements_covered": 81.81818181818181, "percent_statements_covered_display": "82"}, "missing_lines": [858, 864], "excluded_lines": [], "start_line": 849}, "RequiredCheckReference._generate_check": {"executed_lines": [878, 879, 881], "summary": {"covered_lines": 3, "num_statements": 3, "percent_covered": 100.0, "percent_covered_display": "100", "missing_lines": 0, "excluded_lines": 0, "percent_statements_covered": 100.0, "percent_statements_covered_display": "100"}, "missing_lines": [], "excluded_lines": [], "start_line": 876}, "UniqueCheckReference.__init__": {"executed_lines": [901], "summary": {"covered_lines": 1, "num_statements": 1, "percent_covered": 100.0, "percent_covered_display": "100", "missing_lines": 0, "excluded_lines": 0, "percent_statements_covered": 100.0, "percent_statements_covered_display": "100"}, "missing_lines": [], "excluded_lines": [], "start_line": 900}, "UniqueCheckReference.get_check": {"executed_lines": [904, 905, 906], "summary": {"covered_lines": 3, "num_statements": 3, "percent_covered": 100.0, "percent_covered_display": "100", "missing_lines": 0, "excluded_lines": 0, "percent_statements_covered": 100.0, "percent_statements_covered_display": "100"}, "missing_lines": [], "excluded_lines": [], "start_line": 903}, "UniqueCheckReference._build_ast": {"executed_lines": [910, 911, 913, 914, 916, 925, 926, 928, 936, 940], "summary": {"covered_lines": 10, "num_statements": 12, "percent_covered": 83.33333333333333, "percent_covered_display": "83", "missing_lines": 2, "excluded_lines": 0, "percent_statements_covered": 83.33333333333333, "percent_statements_covered_display": "83"}, "missing_lines": [917, 923], "excluded_lines": [], "start_line": 908}, "UniqueCheckReference._generate_check": {"executed_lines": [944, 945, 947], "summary": {"covered_lines": 3, "num_statements": 3, "percent_covered": 100.0, "percent_covered_display": "100", "missing_lines": 0, "excluded_lines": 0, "percent_statements_covered": 100.0, "percent_statements_covered_display": "100"}, "missing_lines": [], "excluded_lines": [], "start_line": 942}, "PrimaryKeyCheckReference.__init__": {"executed_lines": [967], "summary": {"covered_lines": 1, "num_statements": 1, "percent_covered": 100.0, "percent_covered_display": "100", "missing_lines": 0, "excluded_lines": 0, "percent_statements_covered": 100.0, "percent_statements_covered_display": "100"}, "missing_lines": [], "excluded_lines": [], "start_line": 966}, "PrimaryKeyCheckReference.get_check": {"executed_lines": [970, 971, 972], "summary": {"covered_lines": 3, "num_statements": 3, "percent_covered": 100.0, "percent_covered_display": "100", "missing_lines": 0, "excluded_lines": 0, "percent_statements_covered": 100.0, "percent_statements_covered_display": "100"}, "missing_lines": [], "excluded_lines": [], "start_line": 969}, "PrimaryKeyCheckReference._build_ast": {"executed_lines": [976, 977, 979, 980, 982, 991, 992, 995, 1002, 1009, 1012, 1018], "summary": {"covered_lines": 12, "num_statements": 14, "percent_covered": 85.71428571428571, "percent_covered_display": "86", "missing_lines": 2, "excluded_lines": 0, "percent_statements_covered": 85.71428571428571, "percent_statements_covered_display": "86"}, "missing_lines": [983, 989], "excluded_lines": [], "start_line": 974}, "PrimaryKeyCheckReference._generate_check": {"executed_lines": [1022, 1023, 1025], "summary": {"covered_lines": 3, "num_statements": 3, "percent_covered": 100.0, "percent_covered_display": "100", "missing_lines": 0, "excluded_lines": 0, "percent_statements_covered": 100.0, "percent_statements_covered_display": "100"}, "missing_lines": [], "excluded_lines": [], "start_line": 1020}, "": {"executed_lines": [8, 10, 11, 12, 13, 14, 16, 17, 30, 42, 51, 62, 63, 67, 68, 72, 81, 82, 86, 87, 91, 100, 109, 118, 128, 141, 143, 144, 180, 218, 219, 312, 331, 332, 345, 346, 355, 356, 365, 366, 390, 391, 470, 477, 481, 485, 503, 510, 514, 518, 522, 526, 530, 534, 552, 562, 568, 569, 573, 574, 578, 592, 596, 599, 602, 605, 608, 611, 615, 625, 628, 633, 665, 680, 685, 698, 703, 717, 722, 737, 813, 832, 841, 844, 849, 876, 891, 900, 903, 908, 942, 957, 966, 969, 974, 1020], "summary": {"covered_lines": 96, "num_statements": 96, "percent_covered": 100.0, "percent_covered_display": "100", "missing_lines": 0, "excluded_lines": 10, "percent_statements_covered": 100.0, "percent_statements_covered_display": "100"}, "missing_lines": [], "excluded_lines": [19, 20, 21, 23, 26, 85, 90, 179, 572, 577], "start_line": 1}}, "classes": {"CheckReference": {"executed_lines": [59, 60, 65, 79, 98, 116, 125], "summary": {"covered_lines": 7, "num_statements": 9, "percent_covered": 77.77777777777777, "percent_covered_display": "78", "missing_lines": 2, "excluded_lines": 2, "percent_statements_covered": 77.77777777777777, "percent_statements_covered_display": "78"}, "missing_lines": [70, 107], "excluded_lines": [84, 89], "start_line": 42}, "SQLCheckReference": {"executed_lines": [202, 203, 205, 206, 207, 210, 212, 213, 214, 243, 245, 248, 249, 250, 260, 264, 266, 267, 268, 269, 271, 272, 273, 274, 277, 279, 282, 285, 286, 287, 289, 292, 293, 294, 295, 300, 301, 303, 338, 339, 340, 341, 342, 343, 352, 353, 362, 363, 376, 378, 380, 382, 383, 385, 387, 406, 407, 408, 411, 412, 416, 417, 420, 421, 422, 424, 425, 426, 428, 429, 430, 432, 433, 434, 435, 436, 441, 442, 443, 444, 445, 448, 450, 451, 456, 457, 460, 462, 463, 464], "summary": {"covered_lines": 90, "num_statements": 116, "percent_covered": 77.58620689655173, "percent_covered_display": "78", "missing_lines": 26, "excluded_lines": 1, "percent_statements_covered": 77.58620689655173, "percent_statements_covered_display": "78"}, "missing_lines": [204, 208, 211, 215, 216, 246, 251, 252, 258, 261, 275, 280, 290, 377, 379, 381, 384, 386, 388, 437, 438, 439, 446, 459, 466, 467], "excluded_lines": [178], "start_line": 128}, "TableCheckReference": {"executed_lines": [478, 479, 483, 491, 492, 494, 496, 497, 498, 499, 500], "summary": {"covered_lines": 11, "num_statements": 11, "percent_covered": 100.0, "percent_covered_display": "100", "missing_lines": 0, "excluded_lines": 0, "percent_statements_covered": 100.0, "percent_statements_covered_display": "100"}, "missing_lines": [], "excluded_lines": [], "start_line": 470}, "ColumnCheckReference": {"executed_lines": [511, 512, 516, 520, 523, 524, 527, 528, 540, 541, 543, 545, 546, 547, 548, 549], "summary": {"covered_lines": 16, "num_statements": 18, "percent_covered": 88.88888888888889, "percent_covered_display": "89", "missing_lines": 2, "excluded_lines": 0, "percent_statements_covered": 88.88888888888889, "percent_statements_covered_display": "89"}, "missing_lines": [531, 532], "excluded_lines": [], "start_line": 503}, "GeneratedColumnCheckReference": {"executed_lines": [563, 564, 565, 566, 584, 585, 586, 587, 588, 589, 590, 593, 594, 597, 603, 606, 612], "summary": {"covered_lines": 17, "num_statements": 19, "percent_covered": 89.47368421052632, "percent_covered_display": "89", "missing_lines": 2, "excluded_lines": 2, "percent_statements_covered": 89.47368421052632, "percent_statements_covered_display": "89"}, "missing_lines": [600, 609], "excluded_lines": [571, 576], "start_line": 552}, "LogicalTypeCheckReference": {"executed_lines": [626, 629, 630, 631, 635, 636, 638, 639, 640, 641, 643, 652, 653, 655, 663, 667, 668, 669, 671, 682], "summary": {"covered_lines": 20, "num_statements": 22, "percent_covered": 90.9090909090909, "percent_covered_display": "91", "missing_lines": 2, "excluded_lines": 0, "percent_statements_covered": 90.9090909090909, "percent_statements_covered_display": "91"}, "missing_lines": [644, 650], "excluded_lines": [], "start_line": 615}, "LogicalTypeOptionsCheckReference": {"executed_lines": [704, 713, 714, 715, 718, 719, 720, 724, 725, 726, 728, 739, 742, 743, 745, 755, 756, 758, 759, 760, 763, 764, 765, 766, 767, 770, 771, 772, 774, 775, 776, 778, 779, 780, 783, 815, 816, 818, 829], "summary": {"covered_lines": 39, "num_statements": 61, "percent_covered": 63.9344262295082, "percent_covered_display": "64", "missing_lines": 22, "excluded_lines": 0, "percent_statements_covered": 63.9344262295082, "percent_statements_covered_display": "64"}, "missing_lines": [705, 711, 740, 746, 752, 786, 787, 788, 790, 791, 792, 794, 795, 796, 798, 799, 800, 802, 803, 804, 805, 808], "excluded_lines": [], "start_line": 685}, "RequiredCheckReference": {"executed_lines": [842, 845, 846, 847, 851, 852, 854, 855, 857, 866, 867, 869, 874, 878, 879, 881], "summary": {"covered_lines": 16, "num_statements": 18, "percent_covered": 88.88888888888889, "percent_covered_display": "89", "missing_lines": 2, "excluded_lines": 0, "percent_statements_covered": 88.88888888888889, "percent_statements_covered_display": "89"}, "missing_lines": [858, 864], "excluded_lines": [], "start_line": 832}, "UniqueCheckReference": {"executed_lines": [901, 904, 905, 906, 910, 911, 913, 914, 916, 925, 926, 928, 936, 940, 944, 945, 947], "summary": {"covered_lines": 17, "num_statements": 19, "percent_covered": 89.47368421052632, "percent_covered_display": "89", "missing_lines": 2, "excluded_lines": 0, "percent_statements_covered": 89.47368421052632, "percent_statements_covered_display": "89"}, "missing_lines": [917, 923], "excluded_lines": [], "start_line": 891}, "PrimaryKeyCheckReference": {"executed_lines": [967, 970, 971, 972, 976, 977, 979, 980, 982, 991, 992, 995, 1002, 1009, 1012, 1018, 1022, 1023, 1025], "summary": {"covered_lines": 19, "num_statements": 21, "percent_covered": 90.47619047619048, "percent_covered_display": "90", "missing_lines": 2, "excluded_lines": 0, "percent_statements_covered": 90.47619047619048, "percent_statements_covered_display": "90"}, "missing_lines": [983, 989], "excluded_lines": [], "start_line": 957}, "": {"executed_lines": [8, 10, 11, 12, 13, 14, 16, 17, 30, 42, 51, 62, 63, 67, 68, 72, 81, 82, 86, 87, 91, 100, 109, 118, 128, 141, 143, 144, 180, 218, 219, 312, 331, 332, 345, 346, 355, 356, 365, 366, 390, 391, 470, 477, 481, 485, 503, 510, 514, 518, 522, 526, 530, 534, 552, 562, 568, 569, 573, 574, 578, 592, 596, 599, 602, 605, 608, 611, 615, 625, 628, 633, 665, 680, 685, 698, 703, 717, 722, 737, 813, 832, 841, 844, 849, 876, 891, 900, 903, 908, 942, 957, 966, 969, 974, 1020], "summary": {"covered_lines": 96, "num_statements": 96, "percent_covered": 100.0, "percent_covered_display": "100", "missing_lines": 0, "excluded_lines": 10, "percent_statements_covered": 100.0, "percent_statements_covered_display": "100"}, "missing_lines": [], "excluded_lines": [19, 20, 21, 23, 26, 85, 90, 179, 572, 577], "start_line": 1}}}, "src/qbc/contracts/contract.py": {"executed_lines": [1, 2, 3, 4, 5, 6, 7, 9, 10, 11, 13, 15, 21, 35, 36, 39, 40, 45, 47, 48, 89, 90, 131, 132, 159, 162, 165, 169, 170, 172, 173, 174, 179, 180, 181, 188, 190, 199, 203, 210, 211, 216, 223, 225, 241, 242, 243, 245, 255, 264, 286, 287, 288, 289, 290, 291, 293, 294, 295, 299, 302, 303, 305, 330, 342, 344, 345, 346, 347, 350, 353, 354, 355, 356, 359, 360, 361, 362, 375, 376, 377, 378, 379, 380, 390, 391, 396, 397, 402, 403, 408, 409, 410, 411, 416, 417, 418, 419, 420, 421, 425, 427, 436, 489, 500, 501], "summary": {"covered_lines": 106, "num_statements": 173, "percent_covered": 61.27167630057804, "percent_covered_display": "61", "missing_lines": 67, "excluded_lines": 2, "percent_statements_covered": 61.27167630057804, "percent_statements_covered_display": "61"}, "missing_lines": [41, 66, 67, 68, 69, 76, 77, 78, 79, 80, 82, 83, 84, 85, 86, 87, 107, 108, 109, 110, 117, 118, 119, 121, 122, 124, 125, 126, 127, 128, 129, 163, 166, 175, 176, 182, 183, 184, 195, 196, 197, 201, 246, 251, 252, 256, 257, 262, 300, 348, 367, 385, 387, 434, 463, 464, 465, 470, 471, 474, 475, 476, 479, 480, 481, 483, 484], "excluded_lines": [17, 18], "functions": {"Contract.__init__": {"executed_lines": [36, 39, 40, 45], "summary": {"covered_lines": 4, "num_statements": 5, "percent_covered": 80.0, "percent_covered_display": "80", "missing_lines": 1, "excluded_lines": 0, "percent_statements_covered": 80.0, "percent_statements_covered_display": "80"}, "missing_lines": [41], "excluded_lines": [], "start_line": 35}, "Contract._fetch_from_http_url": {"executed_lines": [], "summary": {"covered_lines": 0, "num_statements": 15, "percent_covered": 0.0, "percent_covered_display": "0", "missing_lines": 15, "excluded_lines": 0, "percent_statements_covered": 0.0, "percent_statements_covered_display": "0"}, "missing_lines": [66, 67, 68, 69, 76, 77, 78, 79, 80, 82, 83, 84, 85, 86, 87], "excluded_lines": [], "start_line": 48}, "Contract._fetch_from_s3_uri": {"executed_lines": [], "summary": {"covered_lines": 0, "num_statements": 15, "percent_covered": 0.0, "percent_covered_display": "0", "missing_lines": 15, "excluded_lines": 0, "percent_statements_covered": 0.0, "percent_statements_covered_display": "0"}, "missing_lines": [107, 108, 109, 110, 117, 118, 119, 121, 122, 124, 125, 126, 127, 128, 129], "excluded_lines": [], "start_line": 90}, "Contract.load": {"executed_lines": [159, 162, 165, 169, 170, 172, 173, 174, 179, 180, 181, 188], "summary": {"covered_lines": 12, "num_statements": 19, "percent_covered": 63.1578947368421, "percent_covered_display": "63", "missing_lines": 7, "excluded_lines": 0, "percent_statements_covered": 63.1578947368421, "percent_statements_covered_display": "63"}, "missing_lines": [163, 166, 175, 176, 182, 183, 184], "excluded_lines": [], "start_line": 132}, "Contract.get_schema_properties": {"executed_lines": [], "summary": {"covered_lines": 0, "num_statements": 3, "percent_covered": 0.0, "percent_covered_display": "0", "missing_lines": 3, "excluded_lines": 0, "percent_statements_covered": 0.0, "percent_statements_covered_display": "0"}, "missing_lines": [195, 196, 197], "excluded_lines": [], "start_line": 190}, "Contract.get_version": {"executed_lines": [], "summary": {"covered_lines": 0, "num_statements": 1, "percent_covered": 0.0, "percent_covered_display": "0", "missing_lines": 1, "excluded_lines": 0, "percent_statements_covered": 0.0, "percent_statements_covered_display": "0"}, "missing_lines": [201], "excluded_lines": [], "start_line": 199}, "Contract.get_metadata": {"executed_lines": [210, 211], "summary": {"covered_lines": 2, "num_statements": 2, "percent_covered": 100.0, "percent_covered_display": "100", "missing_lines": 0, "excluded_lines": 0, "percent_statements_covered": 100.0, "percent_statements_covered_display": "100"}, "missing_lines": [], "excluded_lines": [], "start_line": 203}, "Contract.get_api_version": {"executed_lines": [223], "summary": {"covered_lines": 1, "num_statements": 1, "percent_covered": 100.0, "percent_covered_display": "100", "missing_lines": 0, "excluded_lines": 0, "percent_statements_covered": 100.0, "percent_statements_covered_display": "100"}, "missing_lines": [], "excluded_lines": [], "start_line": 216}, "Contract.resolve": {"executed_lines": [241, 242, 243, 245, 255], "summary": {"covered_lines": 5, "num_statements": 11, "percent_covered": 45.45454545454545, "percent_covered_display": "45", "missing_lines": 6, "excluded_lines": 0, "percent_statements_covered": 45.45454545454545, "percent_statements_covered_display": "45"}, "missing_lines": [246, 251, 252, 256, 257, 262], "excluded_lines": [], "start_line": 225}, "Contract.resolve_parent": {"executed_lines": [286, 287, 288, 289, 290, 291, 293, 294, 295, 299, 302, 303], "summary": {"covered_lines": 12, "num_statements": 13, "percent_covered": 92.3076923076923, "percent_covered_display": "92", "missing_lines": 1, "excluded_lines": 0, "percent_statements_covered": 92.3076923076923, "percent_statements_covered_display": "92"}, "missing_lines": [300], "excluded_lines": [], "start_line": 264}, "Contract.get_check_references_by_schema": {"executed_lines": [330, 342, 344, 345, 346, 347, 350, 353, 354, 355, 356, 359, 360, 361, 362, 375, 376, 377, 378, 379, 380, 390, 391, 396, 397, 402, 403, 408, 409, 410, 411, 416, 417, 418, 419, 420, 421, 425], "summary": {"covered_lines": 38, "num_statements": 42, "percent_covered": 90.47619047619048, "percent_covered_display": "90", "missing_lines": 4, "excluded_lines": 0, "percent_statements_covered": 90.47619047619048, "percent_statements_covered_display": "90"}, "missing_lines": [348, 367, 385, 387], "excluded_lines": [], "start_line": 305}, "Contract.get_servers": {"executed_lines": [], "summary": {"covered_lines": 0, "num_statements": 1, "percent_covered": 0.0, "percent_covered_display": "0", "missing_lines": 1, "excluded_lines": 0, "percent_statements_covered": 0.0, "percent_statements_covered_display": "0"}, "missing_lines": [434], "excluded_lines": [], "start_line": 427}, "Contract.get_server": {"executed_lines": [], "summary": {"covered_lines": 0, "num_statements": 13, "percent_covered": 0.0, "percent_covered_display": "0", "missing_lines": 13, "excluded_lines": 0, "percent_statements_covered": 0.0, "percent_statements_covered_display": "0"}, "missing_lines": [463, 464, 465, 470, 471, 474, 475, 476, 479, 480, 481, 483, 484], "excluded_lines": [], "start_line": 436}, "Contract.get_schema_names": {"executed_lines": [500, 501], "summary": {"covered_lines": 2, "num_statements": 2, "percent_covered": 100.0, "percent_covered_display": "100", "missing_lines": 0, "excluded_lines": 0, "percent_statements_covered": 100.0, "percent_statements_covered_display": "100"}, "missing_lines": [], "excluded_lines": [], "start_line": 489}, "": {"executed_lines": [1, 2, 3, 4, 5, 6, 7, 9, 10, 11, 13, 15, 21, 35, 47, 48, 89, 90, 131, 132, 190, 199, 203, 216, 225, 264, 305, 427, 436, 489], "summary": {"covered_lines": 30, "num_statements": 30, "percent_covered": 100.0, "percent_covered_display": "100", "missing_lines": 0, "excluded_lines": 2, "percent_statements_covered": 100.0, "percent_statements_covered_display": "100"}, "missing_lines": [], "excluded_lines": [17, 18], "start_line": 1}}, "classes": {"Contract": {"executed_lines": [36, 39, 40, 45, 159, 162, 165, 169, 170, 172, 173, 174, 179, 180, 181, 188, 210, 211, 223, 241, 242, 243, 245, 255, 286, 287, 288, 289, 290, 291, 293, 294, 295, 299, 302, 303, 330, 342, 344, 345, 346, 347, 350, 353, 354, 355, 356, 359, 360, 361, 362, 375, 376, 377, 378, 379, 380, 390, 391, 396, 397, 402, 403, 408, 409, 410, 411, 416, 417, 418, 419, 420, 421, 425, 500, 501], "summary": {"covered_lines": 76, "num_statements": 143, "percent_covered": 53.14685314685315, "percent_covered_display": "53", "missing_lines": 67, "excluded_lines": 0, "percent_statements_covered": 53.14685314685315, "percent_statements_covered_display": "53"}, "missing_lines": [41, 66, 67, 68, 69, 76, 77, 78, 79, 80, 82, 83, 84, 85, 86, 87, 107, 108, 109, 110, 117, 118, 119, 121, 122, 124, 125, 126, 127, 128, 129, 163, 166, 175, 176, 182, 183, 184, 195, 196, 197, 201, 246, 251, 252, 256, 257, 262, 300, 348, 367, 385, 387, 434, 463, 464, 465, 470, 471, 474, 475, 476, 479, 480, 481, 483, 484], "excluded_lines": [], "start_line": 21}, "": {"executed_lines": [1, 2, 3, 4, 5, 6, 7, 9, 10, 11, 13, 15, 21, 35, 47, 48, 89, 90, 131, 132, 190, 199, 203, 216, 225, 264, 305, 427, 436, 489], "summary": {"covered_lines": 30, "num_statements": 30, "percent_covered": 100.0, "percent_covered_display": "100", "missing_lines": 0, "excluded_lines": 2, "percent_statements_covered": 100.0, "percent_statements_covered_display": "100"}, "missing_lines": [], "excluded_lines": [17, 18], "start_line": 1}}}, "src/qbc/contracts/models/ODCS_types.py": {"executed_lines": [29, 31, 38, 43, 52, 57, 62, 68, 69, 76, 81, 82, 83, 84, 87, 92, 93, 94, 95, 98, 100, 101, 102, 103, 106, 111, 112, 113, 114, 115, 116, 117, 118, 119, 120, 123, 128, 129, 130, 131, 132, 133, 134, 135, 136, 137, 138, 141, 143, 144, 145, 146, 147, 148, 149, 152, 157, 158, 159, 160, 161, 162, 163, 166, 171, 172, 173, 174, 175, 176, 177, 180, 185, 186, 187, 188, 189, 190, 191, 192, 195, 197, 198, 199, 200, 201, 204, 210, 211, 212, 217, 223, 224, 225, 230, 237, 239, 240, 241, 242, 243, 244, 245, 246, 247, 248, 249, 250, 251, 254, 256, 257, 258, 259, 260, 261, 262, 263, 266, 268, 271, 276, 277, 278, 279, 282, 287, 288, 291, 296, 297, 298, 302, 303, 321, 326, 327, 328, 329, 330, 331, 332, 333, 334, 335, 336, 337, 338, 339, 340, 341, 342, 343, 344, 345, 346, 347, 348, 349, 350, 351, 353, 356, 361, 362, 363, 364, 365, 366, 367, 368, 369, 370, 371, 372, 373, 374, 375, 376, 377, 378, 379, 380, 381, 382, 383, 384, 385, 386, 388, 390, 393, 398, 399, 400, 401, 402, 403, 404, 405, 406, 407, 408, 409, 410, 411, 418, 429, 430, 431, 432, 433, 436, 437, 438, 439, 440, 441, 442, 443, 444, 445, 446, 447, 448, 449, 450, 451, 452, 456, 459, 460, 467, 472, 477], "summary": {"covered_lines": 235, "num_statements": 238, "percent_covered": 98.73949579831933, "percent_covered_display": "99", "missing_lines": 3, "excluded_lines": 0, "percent_statements_covered": 98.73949579831933, "percent_statements_covered_display": "99"}, "missing_lines": [469, 474, 479], "excluded_lines": [], "functions": {"get_quality_type": {"executed_lines": [], "summary": {"covered_lines": 0, "num_statements": 1, "percent_covered": 0.0, "percent_covered_display": "0", "missing_lines": 1, "excluded_lines": 0, "percent_statements_covered": 0.0, "percent_statements_covered_display": "0"}, "missing_lines": [469], "excluded_lines": [], "start_line": 467}, "is_sql_quality": {"executed_lines": [], "summary": {"covered_lines": 0, "num_statements": 1, "percent_covered": 0.0, "percent_covered_display": "0", "missing_lines": 1, "excluded_lines": 0, "percent_statements_covered": 0.0, "percent_statements_covered_display": "0"}, "missing_lines": [474], "excluded_lines": [], "start_line": 472}, "is_library_quality": {"executed_lines": [], "summary": {"covered_lines": 0, "num_statements": 1, "percent_covered": 0.0, "percent_covered_display": "0", "missing_lines": 1, "excluded_lines": 0, "percent_statements_covered": 0.0, "percent_statements_covered_display": "0"}, "missing_lines": [479], "excluded_lines": [], "start_line": 477}, "": {"executed_lines": [29, 31, 38, 43, 52, 57, 62, 68, 69, 76, 81, 82, 83, 84, 87, 92, 93, 94, 95, 98, 100, 101, 102, 103, 106, 111, 112, 113, 114, 115, 116, 117, 118, 119, 120, 123, 128, 129, 130, 131, 132, 133, 134, 135, 136, 137, 138, 141, 143, 144, 145, 146, 147, 148, 149, 152, 157, 158, 159, 160, 161, 162, 163, 166, 171, 172, 173, 174, 175, 176, 177, 180, 185, 186, 187, 188, 189, 190, 191, 192, 195, 197, 198, 199, 200, 201, 204, 210, 211, 212, 217, 223, 224, 225, 230, 237, 239, 240, 241, 242, 243, 244, 245, 246, 247, 248, 249, 250, 251, 254, 256, 257, 258, 259, 260, 261, 262, 263, 266, 268, 271, 276, 277, 278, 279, 282, 287, 288, 291, 296, 297, 298, 302, 303, 321, 326, 327, 328, 329, 330, 331, 332, 333, 334, 335, 336, 337, 338, 339, 340, 341, 342, 343, 344, 345, 346, 347, 348, 349, 350, 351, 353, 356, 361, 362, 363, 364, 365, 366, 367, 368, 369, 370, 371, 372, 373, 374, 375, 376, 377, 378, 379, 380, 381, 382, 383, 384, 385, 386, 388, 390, 393, 398, 399, 400, 401, 402, 403, 404, 405, 406, 407, 408, 409, 410, 411, 418, 429, 430, 431, 432, 433, 436, 437, 438, 439, 440, 441, 442, 443, 444, 445, 446, 447, 448, 449, 450, 451, 452, 456, 459, 460, 467, 472, 477], "summary": {"covered_lines": 235, "num_statements": 235, "percent_covered": 100.0, "percent_covered_display": "100", "missing_lines": 0, "excluded_lines": 0, "percent_statements_covered": 100.0, "percent_statements_covered_display": "100"}, "missing_lines": [], "excluded_lines": [], "start_line": 1}}, "classes": {"AuthoritativeDefinition": {"executed_lines": [], "summary": {"covered_lines": 0, "num_statements": 0, "percent_covered": 100.0, "percent_covered_display": "100", "missing_lines": 0, "excluded_lines": 0, "percent_statements_covered": 100.0, "percent_statements_covered_display": "100"}, "missing_lines": [], "excluded_lines": [], "start_line": 76}, "CustomProperty": {"executed_lines": [], "summary": {"covered_lines": 0, "num_statements": 0, "percent_covered": 100.0, "percent_covered_display": "100", "missing_lines": 0, "excluded_lines": 0, "percent_statements_covered": 100.0, "percent_statements_covered_display": "100"}, "missing_lines": [], "excluded_lines": [], "start_line": 87}, "Pricing": {"executed_lines": [], "summary": {"covered_lines": 0, "num_statements": 0, "percent_covered": 100.0, "percent_covered_display": "100", "missing_lines": 0, "excluded_lines": 0, "percent_statements_covered": 100.0, "percent_statements_covered_display": "100"}, "missing_lines": [], "excluded_lines": [], "start_line": 98}, "ServiceLevelAgreementProperty": {"executed_lines": [], "summary": {"covered_lines": 0, "num_statements": 0, "percent_covered": 100.0, "percent_covered_display": "100", "missing_lines": 0, "excluded_lines": 0, "percent_statements_covered": 100.0, "percent_statements_covered_display": "100"}, "missing_lines": [], "excluded_lines": [], "start_line": 106}, "TeamMember": {"executed_lines": [], "summary": {"covered_lines": 0, "num_statements": 0, "percent_covered": 100.0, "percent_covered_display": "100", "missing_lines": 0, "excluded_lines": 0, "percent_statements_covered": 100.0, "percent_statements_covered_display": "100"}, "missing_lines": [], "excluded_lines": [], "start_line": 123}, "Team": {"executed_lines": [], "summary": {"covered_lines": 0, "num_statements": 0, "percent_covered": 100.0, "percent_covered_display": "100", "missing_lines": 0, "excluded_lines": 0, "percent_statements_covered": 100.0, "percent_statements_covered_display": "100"}, "missing_lines": [], "excluded_lines": [], "start_line": 141}, "Role": {"executed_lines": [], "summary": {"covered_lines": 0, "num_statements": 0, "percent_covered": 100.0, "percent_covered_display": "100", "missing_lines": 0, "excluded_lines": 0, "percent_statements_covered": 100.0, "percent_statements_covered_display": "100"}, "missing_lines": [], "excluded_lines": [], "start_line": 152}, "Server": {"executed_lines": [], "summary": {"covered_lines": 0, "num_statements": 0, "percent_covered": 100.0, "percent_covered_display": "100", "missing_lines": 0, "excluded_lines": 0, "percent_statements_covered": 100.0, "percent_statements_covered_display": "100"}, "missing_lines": [], "excluded_lines": [], "start_line": 166}, "SupportItem": {"executed_lines": [], "summary": {"covered_lines": 0, "num_statements": 0, "percent_covered": 100.0, "percent_covered_display": "100", "missing_lines": 0, "excluded_lines": 0, "percent_statements_covered": 100.0, "percent_statements_covered_display": "100"}, "missing_lines": [], "excluded_lines": [], "start_line": 180}, "Description": {"executed_lines": [], "summary": {"covered_lines": 0, "num_statements": 0, "percent_covered": 100.0, "percent_covered_display": "100", "missing_lines": 0, "excluded_lines": 0, "percent_statements_covered": 100.0, "percent_statements_covered_display": "100"}, "missing_lines": [], "excluded_lines": [], "start_line": 195}, "RelationshipPropertyLevel": {"executed_lines": [], "summary": {"covered_lines": 0, "num_statements": 0, "percent_covered": 100.0, "percent_covered_display": "100", "missing_lines": 0, "excluded_lines": 0, "percent_statements_covered": 100.0, "percent_statements_covered_display": "100"}, "missing_lines": [], "excluded_lines": [], "start_line": 204}, "RelationshipSchemaLevel": {"executed_lines": [], "summary": {"covered_lines": 0, "num_statements": 0, "percent_covered": 100.0, "percent_covered_display": "100", "missing_lines": 0, "excluded_lines": 0, "percent_statements_covered": 100.0, "percent_statements_covered_display": "100"}, "missing_lines": [], "excluded_lines": [], "start_line": 217}, "_DataQualityBase": {"executed_lines": [], "summary": {"covered_lines": 0, "num_statements": 0, "percent_covered": 100.0, "percent_covered_display": "100", "missing_lines": 0, "excluded_lines": 0, "percent_statements_covered": 100.0, "percent_statements_covered_display": "100"}, "missing_lines": [], "excluded_lines": [], "start_line": 237}, "_DataQualityOperators": {"executed_lines": [], "summary": {"covered_lines": 0, "num_statements": 0, "percent_covered": 100.0, "percent_covered_display": "100", "missing_lines": 0, "excluded_lines": 0, "percent_statements_covered": 100.0, "percent_statements_covered_display": "100"}, "missing_lines": [], "excluded_lines": [], "start_line": 254}, "DataQualityText": {"executed_lines": [], "summary": {"covered_lines": 0, "num_statements": 0, "percent_covered": 100.0, "percent_covered_display": "100", "missing_lines": 0, "excluded_lines": 0, "percent_statements_covered": 100.0, "percent_statements_covered_display": "100"}, "missing_lines": [], "excluded_lines": [], "start_line": 266}, "DataQualityLibrary": {"executed_lines": [], "summary": {"covered_lines": 0, "num_statements": 0, "percent_covered": 100.0, "percent_covered_display": "100", "missing_lines": 0, "excluded_lines": 0, "percent_statements_covered": 100.0, "percent_statements_covered_display": "100"}, "missing_lines": [], "excluded_lines": [], "start_line": 271}, "DataQualitySql": {"executed_lines": [], "summary": {"covered_lines": 0, "num_statements": 0, "percent_covered": 100.0, "percent_covered_display": "100", "missing_lines": 0, "excluded_lines": 0, "percent_statements_covered": 100.0, "percent_statements_covered_display": "100"}, "missing_lines": [], "excluded_lines": [], "start_line": 282}, "DataQualityCustom": {"executed_lines": [], "summary": {"covered_lines": 0, "num_statements": 0, "percent_covered": 100.0, "percent_covered_display": "100", "missing_lines": 0, "excluded_lines": 0, "percent_statements_covered": 100.0, "percent_statements_covered_display": "100"}, "missing_lines": [], "excluded_lines": [], "start_line": 291}, "SchemaItemProperty": {"executed_lines": [], "summary": {"covered_lines": 0, "num_statements": 0, "percent_covered": 100.0, "percent_covered_display": "100", "missing_lines": 0, "excluded_lines": 0, "percent_statements_covered": 100.0, "percent_statements_covered_display": "100"}, "missing_lines": [], "excluded_lines": [], "start_line": 321}, "SchemaProperty": {"executed_lines": [], "summary": {"covered_lines": 0, "num_statements": 0, "percent_covered": 100.0, "percent_covered_display": "100", "missing_lines": 0, "excluded_lines": 0, "percent_statements_covered": 100.0, "percent_statements_covered_display": "100"}, "missing_lines": [], "excluded_lines": [], "start_line": 356}, "SchemaObject": {"executed_lines": [], "summary": {"covered_lines": 0, "num_statements": 0, "percent_covered": 100.0, "percent_covered_display": "100", "missing_lines": 0, "excluded_lines": 0, "percent_statements_covered": 100.0, "percent_statements_covered_display": "100"}, "missing_lines": [], "excluded_lines": [], "start_line": 393}, "DataContract": {"executed_lines": [], "summary": {"covered_lines": 0, "num_statements": 0, "percent_covered": 100.0, "percent_covered_display": "100", "missing_lines": 0, "excluded_lines": 0, "percent_statements_covered": 100.0, "percent_statements_covered_display": "100"}, "missing_lines": [], "excluded_lines": [], "start_line": 418}, "": {"executed_lines": [29, 31, 38, 43, 52, 57, 62, 68, 69, 76, 81, 82, 83, 84, 87, 92, 93, 94, 95, 98, 100, 101, 102, 103, 106, 111, 112, 113, 114, 115, 116, 117, 118, 119, 120, 123, 128, 129, 130, 131, 132, 133, 134, 135, 136, 137, 138, 141, 143, 144, 145, 146, 147, 148, 149, 152, 157, 158, 159, 160, 161, 162, 163, 166, 171, 172, 173, 174, 175, 176, 177, 180, 185, 186, 187, 188, 189, 190
[...]
ed_lines": 2, "num_statements": 2, "percent_covered": 100.0, "percent_covered_display": "100", "missing_lines": 0, "excluded_lines": 0, "percent_statements_covered": 100.0, "percent_statements_covered_display": "100"}, "missing_lines": [], "excluded_lines": [], "start_line": 37}, "_is_spark_session": {"executed_lines": [45, 46], "summary": {"covered_lines": 2, "num_statements": 2, "percent_covered": 100.0, "percent_covered_display": "100", "missing_lines": 0, "excluded_lines": 0, "percent_statements_covered": 100.0, "percent_statements_covered_display": "100"}, "missing_lines": [], "excluded_lines": [], "start_line": 43}, "_is_narwhals_dataframe": {"executed_lines": [55, 56, 57], "summary": {"covered_lines": 3, "num_statements": 5, "percent_covered": 60.0, "percent_covered_display": "60", "missing_lines": 2, "excluded_lines": 0, "percent_statements_covered": 60.0, "percent_statements_covered_display": "60"}, "missing_lines": [58, 59], "excluded_lines": [], "start_line": 49}, "DataSourceMapper.__init__": {"executed_lines": [89], "summary": {"covered_lines": 1, "num_statements": 1, "percent_covered": 100.0, "percent_covered_display": "100", "missing_lines": 0, "excluded_lines": 0, "percent_statements_covered": 100.0, "percent_statements_covered_display": "100"}, "missing_lines": [], "excluded_lines": [], "start_line": 87}, "DataSourceMapper.get_adapter": {"executed_lines": [118, 121, 129, 133, 137, 138], "summary": {"covered_lines": 6, "num_statements": 15, "percent_covered": 40.0, "percent_covered_display": "40", "missing_lines": 9, "excluded_lines": 0, "percent_statements_covered": 40.0, "percent_statements_covered_display": "40"}, "missing_lines": [119, 122, 130, 134, 141, 142, 145, 146, 149], "excluded_lines": [], "start_line": 91}, "DataSourceMapper._create_adapter_from_dataframe": {"executed_lines": [169, 171, 172, 174, 176, 177, 178, 179, 180, 185, 186, 193, 196, 203, 207], "summary": {"covered_lines": 15, "num_statements": 16, "percent_covered": 93.75, "percent_covered_display": "94", "missing_lines": 1, "excluded_lines": 0, "percent_statements_covered": 93.75, "percent_statements_covered_display": "94"}, "missing_lines": [205], "excluded_lines": [], "start_line": 156}, "DataSourceMapper._create_adapter_from_spark_df": {"executed_lines": [], "summary": {"covered_lines": 0, "num_statements": 3, "percent_covered": 0.0, "percent_covered_display": "0", "missing_lines": 3, "excluded_lines": 0, "percent_statements_covered": 0.0, "percent_statements_covered_display": "0"}, "missing_lines": [216, 217, 218], "excluded_lines": [], "start_line": 209}, "DataSourceMapper._create_adapter_from_spark_session": {"executed_lines": [], "summary": {"covered_lines": 0, "num_statements": 2, "percent_covered": 0.0, "percent_covered_display": "0", "missing_lines": 2, "excluded_lines": 0, "percent_statements_covered": 0.0, "percent_statements_covered_display": "0"}, "missing_lines": [225, 226], "excluded_lines": [], "start_line": 220}, "DataSourceMapper._create_adapter_from_connection_string": {"executed_lines": [], "summary": {"covered_lines": 0, "num_statements": 2, "percent_covered": 0.0, "percent_covered_display": "0", "missing_lines": 2, "excluded_lines": 0, "percent_statements_covered": 0.0, "percent_statements_covered_display": "0"}, "missing_lines": [238, 239], "excluded_lines": [], "start_line": 228}, "create_adapter": {"executed_lines": [264, 265], "summary": {"covered_lines": 2, "num_statements": 2, "percent_covered": 100.0, "percent_covered_display": "100", "missing_lines": 0, "excluded_lines": 0, "percent_statements_covered": 100.0, "percent_statements_covered_display": "100"}, "missing_lines": [], "excluded_lines": [], "start_line": 243}, "": {"executed_lines": [8, 10, 11, 13, 14, 15, 17, 18, 24, 25, 37, 43, 49, 62, 87, 91, 156, 209, 220, 228, 243], "summary": {"covered_lines": 21, "num_statements": 21, "percent_covered": 100.0, "percent_covered_display": "100", "missing_lines": 0, "excluded_lines": 2, "percent_statements_covered": 100.0, "percent_statements_covered_display": "100"}, "missing_lines": [], "excluded_lines": [20, 21], "start_line": 1}}, "classes": {"DataSourceMapper": {"executed_lines": [89, 118, 121, 129, 133, 137, 138, 169, 171, 172, 174, 176, 177, 178, 179, 180, 185, 186, 193, 196, 203, 207], "summary": {"covered_lines": 22, "num_statements": 39, "percent_covered": 56.41025641025641, "percent_covered_display": "56", "missing_lines": 17, "excluded_lines": 0, "percent_statements_covered": 56.41025641025641, "percent_statements_covered_display": "56"}, "missing_lines": [119, 122, 130, 134, 141, 142, 145, 146, 149, 205, 216, 217, 218, 225, 226, 238, 239], "excluded_lines": [], "start_line": 62}, "": {"executed_lines": [8, 10, 11, 13, 14, 15, 17, 18, 24, 25, 30, 31, 32, 37, 39, 40, 43, 45, 46, 49, 55, 56, 57, 62, 87, 91, 156, 209, 220, 228, 243, 264, 265], "summary": {"covered_lines": 33, "num_statements": 37, "percent_covered": 89.1891891891892, "percent_covered_display": "89", "missing_lines": 4, "excluded_lines": 2, "percent_statements_covered": 89.1891891891892, "percent_statements_covered_display": "89"}, "missing_lines": [33, 34, 58, 59], "excluded_lines": [20, 21], "start_line": 1}}}, "src/qbc/validate.py": {"executed_lines": [13, 15, 16, 17, 18, 20, 21, 22, 23, 25, 26, 27, 28, 29, 30, 31, 32, 38, 43, 46, 65, 83, 84, 85, 86, 87, 88, 90, 96, 97, 99, 101, 102, 104, 106, 107, 109, 111, 112, 114, 116, 121, 123, 124, 125, 126, 127, 128, 129, 132, 133, 134, 137, 141, 143, 145, 146, 147, 148, 152, 158, 159, 160, 171, 185, 187, 189, 194, 196, 200, 201, 202, 203, 204, 205, 206, 207, 209, 211, 216, 219, 221, 225, 226, 228, 229, 230, 231, 232, 233, 234, 235, 236, 238, 240, 272, 273, 275, 276, 277, 278, 281, 283, 284, 286, 287, 293, 294, 299, 300, 302, 304, 352, 354, 355, 356, 359, 360, 361, 362, 363, 364, 367, 369, 370, 372, 373, 376, 377, 378, 379, 384, 386, 387, 389, 394, 403, 404, 405, 406, 408, 409, 410, 411, 418, 420, 421, 422, 424, 425, 426, 427, 428, 430, 434, 446, 447, 450, 454, 463, 470, 482, 483, 486, 487, 490, 491, 492, 493, 494, 495, 496, 499, 500, 501, 503, 504, 505, 506, 507, 509, 510, 558, 562, 563, 565, 587, 588, 590, 592, 593, 594, 597, 600, 602, 603, 604, 605, 607, 613, 614, 618, 630, 639, 654, 691, 692, 695, 696, 697, 698, 700, 712, 716, 722, 724, 727, 728, 730, 731, 732, 740, 741, 743, 746, 747, 753, 755, 772, 773, 774, 775, 778, 780, 794, 811, 831, 834, 835, 836, 837, 838, 843, 847, 850, 853, 854, 855, 860, 863, 866, 875, 973, 980, 982, 983, 988, 989, 995, 998, 1001, 1002, 1007, 1010, 1012, 1018, 1019, 1023, 1026, 1028, 1033], "summary": {"covered_lines": 271, "num_statements": 322, "percent_covered": 84.16149068322981, "percent_covered_display": "84", "missing_lines": 51, "excluded_lines": 2, "percent_statements_covered": 84.16149068322981, "percent_statements_covered_display": "84"}, "missing_lines": [91, 92, 93, 94, 161, 165, 197, 198, 222, 223, 279, 381, 382, 395, 527, 528, 531, 532, 533, 534, 535, 536, 538, 540, 541, 542, 543, 544, 545, 547, 549, 550, 551, 552, 554, 556, 608, 609, 610, 611, 616, 694, 713, 714, 717, 725, 733, 748, 996, 1013, 1020], "excluded_lines": [34, 35], "functions": {"ValidationResult.__init__": {"executed_lines": [83, 84, 85, 86, 87, 88], "summary": {"covered_lines": 6, "num_statements": 6, "percent_covered": 100.0, "percent_covered_display": "100", "missing_lines": 0, "excluded_lines": 0, "percent_statements_covered": 100.0, "percent_statements_covered_display": "100"}, "missing_lines": [], "excluded_lines": [], "start_line": 65}, "ValidationResult.__repr__": {"executed_lines": [], "summary": {"covered_lines": 0, "num_statements": 4, "percent_covered": 0.0, "percent_covered_display": "0", "missing_lines": 4, "excluded_lines": 0, "percent_statements_covered": 0.0, "percent_statements_covered_display": "0"}, "missing_lines": [91, 92, 93, 94], "excluded_lines": [], "start_line": 90}, "ValidationResult.passed": {"executed_lines": [99], "summary": {"covered_lines": 1, "num_statements": 1, "percent_covered": 100.0, "percent_covered_display": "100", "missing_lines": 0, "excluded_lines": 0, "percent_statements_covered": 100.0, "percent_statements_covered_display": "100"}, "missing_lines": [], "excluded_lines": [], "start_line": 97}, "ValidationResult.api_version": {"executed_lines": [104], "summary": {"covered_lines": 1, "num_statements": 1, "percent_covered": 100.0, "percent_covered_display": "100", "missing_lines": 0, "excluded_lines": 0, "percent_statements_covered": 100.0, "percent_statements_covered_display": "100"}, "missing_lines": [], "excluded_lines": [], "start_line": 102}, "ValidationResult.contract_id": {"executed_lines": [109], "summary": {"covered_lines": 1, "num_statements": 1, "percent_covered": 100.0, "percent_covered_display": "100", "missing_lines": 0, "excluded_lines": 0, "percent_statements_covered": 100.0, "percent_statements_covered_display": "100"}, "missing_lines": [], "excluded_lines": [], "start_line": 107}, "ValidationResult.contract_data": {"executed_lines": [114], "summary": {"covered_lines": 1, "num_statements": 1, "percent_covered": 100.0, "percent_covered_display": "100", "missing_lines": 0, "excluded_lines": 0, "percent_statements_covered": 100.0, "percent_statements_covered_display": "100"}, "missing_lines": [], "excluded_lines": [], "start_line": 112}, "ValidationResult.print_summary": {"executed_lines": [121, 123, 124, 125, 126, 127, 128, 129, 132, 133, 134, 137, 141, 143, 145, 146, 147, 148, 152, 158, 159, 160, 171, 185, 187], "summary": {"covered_lines": 25, "num_statements": 27, "percent_covered": 92.5925925925926, "percent_covered_display": "93", "missing_lines": 2, "excluded_lines": 0, "percent_statements_covered": 92.5925925925926, "percent_statements_covered_display": "93"}, "missing_lines": [161, 165], "excluded_lines": [], "start_line": 116}, "ValidationResult.show_failed_checks": {"executed_lines": [194, 196, 200, 201, 202, 203, 204, 205, 206, 207, 209], "summary": {"covered_lines": 11, "num_statements": 13, "percent_covered": 84.61538461538461, "percent_covered_display": "85", "missing_lines": 2, "excluded_lines": 0, "percent_statements_covered": 84.61538461538461, "percent_statements_covered_display": "85"}, "missing_lines": [197, 198], "excluded_lines": [], "start_line": 189}, "ValidationResult.show_failed_rows": {"executed_lines": [216, 219, 221, 225, 226, 228, 229, 230, 231, 232, 233, 234, 235, 236, 238], "summary": {"covered_lines": 15, "num_statements": 17, "percent_covered": 88.23529411764706, "percent_covered_display": "88", "missing_lines": 2, "excluded_lines": 0, "percent_statements_covered": 88.23529411764706, "percent_statements_covered_display": "88"}, "missing_lines": [222, 223], "excluded_lines": [], "start_line": 211}, "ValidationResult.get_output_dfs": {"executed_lines": [272, 273, 275, 276, 277, 278, 281, 283, 284, 286, 287, 293, 294, 299, 300, 302], "summary": {"covered_lines": 16, "num_statements": 17, "percent_covered": 94.11764705882354, "percent_covered_display": "94", "missing_lines": 1, "excluded_lines": 0, "percent_statements_covered": 94.11764705882354, "percent_statements_covered_display": "94"}, "missing_lines": [279], "excluded_lines": [], "start_line": 240}, "ValidationResult.get_consolidated_output_dfs": {"executed_lines": [352, 354, 355, 356, 359, 360, 361, 362, 363, 364, 367, 369, 370, 372, 373, 376, 377, 378, 379, 384], "summary": {"covered_lines": 20, "num_statements": 22, "percent_covered": 90.9090909090909, "percent_covered_display": "91", "missing_lines": 2, "excluded_lines": 0, "percent_statements_covered": 90.9090909090909, "percent_statements_covered_display": "91"}, "missing_lines": [381, 382], "excluded_lines": [], "start_line": 304}, "ValidationResult._consolidate_grouped_output": {"executed_lines": [389, 394, 403, 404, 405, 406, 408, 409, 410, 411, 418, 420, 421, 422, 424, 425, 426, 427, 428, 430], "summary": {"covered_lines": 20, "num_statements": 21, "percent_covered": 95.23809523809524, "percent_covered_display": "95", "missing_lines": 1, "excluded_lines": 0, "percent_statements_covered": 95.23809523809524, "percent_statements_covered_display": "95"}, "missing_lines": [395], "excluded_lines": [], "start_line": 387}, "ValidationResult.get_check_results_df": {"executed_lines": [446, 447, 450, 454, 463], "summary": {"covered_lines": 5, "num_statements": 5, "percent_covered": 100.0, "percent_covered_display": "100", "missing_lines": 0, "excluded_lines": 0, "percent_statements_covered": 100.0, "percent_statements_covered_display": "100"}, "missing_lines": [], "excluded_lines": [], "start_line": 434}, "ValidationResult.save": {"executed_lines": [482, 483, 486, 487, 490, 491, 492, 493, 494, 495, 496, 499, 500, 501, 503, 504, 505, 506, 507], "summary": {"covered_lines": 19, "num_statements": 19, "percent_covered": 100.0, "percent_covered_display": "100", "missing_lines": 0, "excluded_lines": 0, "percent_statements_covered": 100.0, "percent_statements_covered_display": "100"}, "missing_lines": [], "excluded_lines": [], "start_line": 470}, "ValidationResult.save_dataframe": {"executed_lines": [], "summary": {"covered_lines": 0, "num_statements": 22, "percent_covered": 0.0, "percent_covered_display": "0", "missing_lines": 22, "excluded_lines": 0, "percent_statements_covered": 0.0, "percent_statements_covered_display": "0"}, "missing_lines": [527, 528, 531, 532, 533, 534, 535, 536, 538, 540, 541, 542, 543, 544, 545, 547, 549, 550, 551, 552, 554, 556], "excluded_lines": [], "start_line": 510}, "ValidationResult.display_full_report": {"executed_lines": [562, 563], "summary": {"covered_lines": 2, "num_statements": 2, "percent_covered": 100.0, "percent_covered_display": "100", "missing_lines": 0, "excluded_lines": 0, "percent_statements_covered": 100.0, "percent_statements_covered_display": "100"}, "missing_lines": [], "excluded_lines": [], "start_line": 558}, "ValidationResult.compute_metrics": {"executed_lines": [587, 588, 590, 592, 593, 594, 597, 600, 602, 603, 604, 605, 607, 613, 614, 618, 630], "summary": {"covered_lines": 17, "num_statements": 22, "percent_covered": 77.27272727272727, "percent_covered_display": "77", "missing_lines": 5, "excluded_lines": 0, "percent_statements_covered": 77.27272727272727, "percent_statements_covered_display": "77"}, "missing_lines": [608, 609, 610, 611, 616], "excluded_lines": [], "start_line": 565}, "ValidationRunner.__init__": {"executed_lines": [691, 692, 695, 696, 697, 698], "summary": {"covered_lines": 6, "num_statements": 7, "percent_covered": 85.71428571428571, "percent_covered_display": "86", "missing_lines": 1, "excluded_lines": 0, "percent_statements_covered": 85.71428571428571, "percent_statements_covered_display": "86"}, "missing_lines": [694], "excluded_lines": [], "start_line": 654}, "ValidationRunner._resolve_adapters": {"executed_lines": [712, 716, 722, 724, 727, 728, 730, 731, 732, 740, 741, 743, 746, 747, 753], "summary": {"covered_lines": 15, "num_statements": 21, "percent_covered": 71.42857142857143, "percent_covered_display": "71", "missing_lines": 6, "excluded_lines": 0, "percent_statements_covered": 71.42857142857143, "percent_statements_covered_display": "71"}, "missing_lines": [713, 714, 717, 725, 733, 748], "excluded_lines": [], "start_line": 700}, "ValidationRunner._build_summary": {"executed_lines": [772, 773, 774, 775, 778, 780, 794], "summary": {"covered_lines": 7, "num_statements": 7, "percent_covered": 100.0, "percent_covered_display": "100", "missing_lines": 0, "excluded_lines": 0, "percent_statements_covered": 100.0, "percent_statements_covered_display": "100"}, "missing_lines": [], "excluded_lines": [], "start_line": 755}, "ValidationRunner.run": {"executed_lines": [831, 834, 835, 836, 837, 838, 843, 847, 850, 853, 854, 855, 860, 863, 866], "summary": {"covered_lines": 15, "num_statements": 15, "percent_covered": 100.0, "percent_covered_display": "100", "missing_lines": 0, "excluded_lines": 0, "percent_statements_covered": 100.0, "percent_statements_covered_display": "100"}, "missing_lines": [], "excluded_lines": [], "start_line": 811}, "validate_data": {"executed_lines": [973, 980, 982, 983, 988, 989, 995, 998, 1001, 1002, 1007, 1010, 1012, 1018, 1019, 1023, 1026, 1028, 1033], "summary": {"covered_lines": 19, "num_statements": 22, "percent_covered": 86.36363636363636, "percent_covered_display": "86", "missing_lines": 3, "excluded_lines": 0, "percent_statements_covered": 86.36363636363636, "percent_statements_covered_display": "86"}, "missing_lines": [996, 1013, 1020], "excluded_lines": [], "start_line": 875}, "": {"executed_lines": [13, 15, 16, 17, 18, 20, 21, 22, 23, 25, 26, 27, 28, 29, 30, 31, 32, 38, 43, 46, 65, 90, 96, 97, 101, 102, 106, 107, 111, 112, 116, 189, 211, 240, 304, 386, 387, 434, 470, 509, 510, 558, 565, 639, 654, 700, 755, 811, 875], "summary": {"covered_lines": 49, "num_statements": 49, "percent_covered": 100.0, "percent_covered_display": "100", "missing_lines": 0, "excluded_lines": 2, "percent_statements_covered": 100.0, "percent_statements_covered_display": "100"}, "missing_lines": [], "excluded_lines": [34, 35], "start_line": 1}}, "classes": {"ValidationResult": {"executed_lines": [83, 84, 85, 86, 87, 88, 99, 104, 109, 114, 121, 123, 124, 125, 126, 127, 128, 129, 132, 133, 134, 137, 141, 143, 145, 146, 147, 148, 152, 158, 159, 160, 171, 185, 187, 194, 196, 200, 201, 202, 203, 204, 205, 206, 207, 209, 216, 219, 221, 225, 226, 228, 229, 230, 231, 232, 233, 234, 235, 236, 238, 272, 273, 275, 276, 277, 278, 281, 283, 284, 286, 287, 293, 294, 299, 300, 302, 352, 354, 355, 356, 359, 360, 361, 362, 363, 364, 367, 369, 370, 372, 373, 376, 377, 378, 379, 384, 389, 394, 403, 404, 405, 406, 408, 409, 410, 411, 418, 420, 421, 422, 424, 425, 426, 427, 428, 430, 446, 447, 450, 454, 463, 482, 483, 486, 487, 490, 491, 492, 493, 494, 495, 496, 499, 500, 501, 503, 504, 505, 506, 507, 562, 563, 587, 588, 590, 592, 593, 594, 597, 600, 602, 603, 604, 605, 607, 613, 614, 618, 630], "summary": {"covered_lines": 160, "num_statements": 201, "percent_covered": 79.60199004975124, "percent_covered_display": "80", "missing_lines": 41, "excluded_lines": 0, "percent_statements_covered": 79.60199004975124, "percent_statements_covered_display": "80"}, "missing_lines": [91, 92, 93, 94, 161, 165, 197, 198, 222, 223, 279, 381, 382, 395, 527, 528, 531, 532, 533, 534, 535, 536, 538, 540, 541, 542, 543, 544, 545, 547, 549, 550, 551, 552, 554, 556, 608, 609, 610, 611, 616], "excluded_lines": [], "start_line": 46}, "ValidationRunner": {"executed_lines": [691, 692, 695, 696, 697, 698, 712, 716, 722, 724, 727, 728, 730, 731, 732, 740, 741, 743, 746, 747, 753, 772, 773, 774, 775, 778, 780, 794, 831, 834, 835, 836, 837, 838, 843, 847, 850, 853, 854, 855, 860, 863, 866], "summary": {"covered_lines": 43, "num_statements": 50, "percent_covered": 86.0, "percent_covered_display": "86", "missing_lines": 7, "excluded_lines": 0, "percent_statements_covered": 86.0, "percent_statements_covered_display": "86"}, "missing_lines": [694, 713, 714, 717, 725, 733, 748], "excluded_lines": [], "start_line": 639}, "": {"executed_lines": [13, 15, 16, 17, 18, 20, 21, 22, 23, 25, 26, 27, 28, 29, 30, 31, 32, 38, 43, 46, 65, 90, 96, 97, 101, 102, 106, 107, 111, 112, 116, 189, 211, 240, 304, 386, 387, 434, 470, 509, 510, 558, 565, 639, 654, 700, 755, 811, 875, 973, 980, 982, 983, 988, 989, 995, 998, 1001, 1002, 1007, 1010, 1012, 1018, 1019, 1023, 1026, 1028, 1033], "summary": {"covered_lines": 68, "num_statements": 71, "percent_covered": 95.77464788732394, "percent_covered_display": "96", "missing_lines": 3, "excluded_lines": 2, "percent_statements_covered": 95.77464788732394, "percent_statements_covered_display": "96"}, "missing_lines": [996, 1013, 1020], "excluded_lines": [34, 35], "start_line": 1}}}}, "totals": {"covered_lines": 1671, "num_statements": 2003, "percent_covered": 83.4248627059411, "percent_covered_display": "83", "missing_lines": 332, "excluded_lines": 41, "percent_statements_covered": 83.4248627059411, "percent_statements_covered_display": "83"}}