{"meta": {"format": 3, "version": "7.13.4", "timestamp": "2026-03-19T15:17:31.789475", "branch_coverage": false, "show_contexts": false}, "files": {"src/qbc/__init__.py": {"executed_lines": [13, 15, 16, 18, 19, 20, 21, 24, 25, 26, 29, 45, 46, 47, 48, 49, 50, 51, 52, 55, 56, 59], "summary": {"covered_lines": 22, "num_statements": 22, "percent_covered": 100.0, "percent_covered_display": "100", "missing_lines": 0, "excluded_lines": 0, "percent_statements_covered": 100.0, "percent_statements_covered_display": "100"}, "missing_lines": [], "excluded_lines": [], "functions": {"__getattr__": {"executed_lines": [46, 47, 48, 49, 50, 51, 52], "summary": {"covered_lines": 7, "num_statements": 7, "percent_covered": 100.0, "percent_covered_display": "100", "missing_lines": 0, "excluded_lines": 0, "percent_statements_covered": 100.0, "percent_statements_covered_display": "100"}, "missing_lines": [], "excluded_lines": [], "start_line": 45}, "__dir__": {"executed_lines": [56], "summary": {"covered_lines": 1, "num_statements": 1, "percent_covered": 100.0, "percent_covered_display": "100", "missing_lines": 0, "excluded_lines": 0, "percent_statements_covered": 100.0, "percent_statements_covered_display": "100"}, "missing_lines": [], "excluded_lines": [], "start_line": 55}, "": {"executed_lines": [13, 15, 16, 18, 19, 20, 21, 24, 25, 26, 29, 45, 55, 59], "summary": {"covered_lines": 14, "num_statements": 14, "percent_covered": 100.0, "percent_covered_display": "100", "missing_lines": 0, "excluded_lines": 0, "percent_statements_covered": 100.0, "percent_statements_covered_display": "100"}, "missing_lines": [], "excluded_lines": [], "start_line": 1}}, "classes": {"": {"executed_lines": [13, 15, 16, 18, 19, 20, 21, 24, 25, 26, 29, 45, 46, 47, 48, 49, 50, 51, 52, 55, 56, 59], "summary": {"covered_lines": 22, "num_statements": 22, "percent_covered": 100.0, "percent_covered_display": "100", "missing_lines": 0, "excluded_lines": 0, "percent_statements_covered": 100.0, "percent_statements_covered_display": "100"}, "missing_lines": [], "excluded_lines": [], "start_line": 1}}}, "src/qbc/adapters/__init__.py": {"executed_lines": [1, 2, 3, 4, 6], "summary": {"covered_lines": 5, "num_statements": 5, "percent_covered": 100.0, "percent_covered_display": "100", "missing_lines": 0, "excluded_lines": 0, "percent_statements_covered": 100.0, "percent_statements_covered_display": "100"}, "missing_lines": [], "excluded_lines": [], "functions": {"": {"executed_lines": [1, 2, 3, 4, 6], "summary": {"covered_lines": 5, "num_statements": 5, "percent_covered": 100.0, "percent_covered_display": "100", "missing_lines": 0, "excluded_lines": 0, "percent_statements_covered": 100.0, "percent_statements_covered_display": "100"}, "missing_lines": [], "excluded_lines": [], "start_line": 1}}, "classes": {"": {"executed_lines": [1, 2, 3, 4, 6], "summary": {"covered_lines": 5, "num_statements": 5, "percent_covered": 100.0, "percent_covered_display": "100", "missing_lines": 0, "excluded_lines": 0, "percent_statements_covered": 100.0, "percent_statements_covered_display": "100"}, "missing_lines": [], "excluded_lines": [], "start_line": 1}}}, "src/qbc/adapters/base.py": {"executed_lines": [1, 3, 4, 5, 6, 8, 15, 27, 35, 36, 37, 39, 47, 49, 56, 58, 71, 72, 73, 74, 78, 80, 89, 108, 118, 146, 151, 171, 172, 173, 174, 175, 177, 180, 181, 182, 183, 184, 185, 187, 188, 198], "summary": {"covered_lines": 42, "num_statements": 47, "percent_covered": 89.36170212765957, "percent_covered_display": "89", "missing_lines": 5, "excluded_lines": 3, "percent_statements_covered": 89.36170212765957, "percent_statements_covered_display": "89"}, "missing_lines": [82, 87, 101, 106, 116], "excluded_lines": [10, 11, 12], "functions": {"BaseAdapter.__init__": {"executed_lines": [35, 36, 37], "summary": {"covered_lines": 3, "num_statements": 3, "percent_covered": 100.0, "percent_covered_display": "100", "missing_lines": 0, "excluded_lines": 0, "percent_statements_covered": 100.0, "percent_statements_covered_display": "100"}, "missing_lines": [], "excluded_lines": [], "start_line": 27}, "BaseAdapter.get_executors": {"executed_lines": [47], "summary": {"covered_lines": 1, "num_statements": 1, "percent_covered": 100.0, "percent_covered_display": "100", "missing_lines": 0, "excluded_lines": 0, "percent_statements_covered": 100.0, "percent_statements_covered_display": "100"}, "missing_lines": [], "excluded_lines": [], "start_line": 39}, "BaseAdapter.set_executors": {"executed_lines": [56], "summary": {"covered_lines": 1, "num_statements": 1, "percent_covered": 100.0, "percent_covered_display": "100", "missing_lines": 0, "excluded_lines": 0, "percent_statements_covered": 100.0, "percent_statements_covered_display": "100"}, "missing_lines": [], "excluded_lines": [], "start_line": 49}, "BaseAdapter._get_executor": {"executed_lines": [71, 72, 73, 74, 78], "summary": {"covered_lines": 5, "num_statements": 5, "percent_covered": 100.0, "percent_covered_display": "100", "missing_lines": 0, "excluded_lines": 0, "percent_statements_covered": 100.0, "percent_statements_covered_display": "100"}, "missing_lines": [], "excluded_lines": [], "start_line": 58}, "BaseAdapter.get_total_rows": {"executed_lines": [], "summary": {"covered_lines": 0, "num_statements": 2, "percent_covered": 0.0, "percent_covered_display": "0", "missing_lines": 2, "excluded_lines": 0, "percent_statements_covered": 0.0, "percent_statements_covered_display": "0"}, "missing_lines": [82, 87], "excluded_lines": [], "start_line": 80}, "BaseAdapter.test_connection": {"executed_lines": [], "summary": {"covered_lines": 0, "num_statements": 2, "percent_covered": 0.0, "percent_covered_display": "0", "missing_lines": 2, "excluded_lines": 0, "percent_statements_covered": 0.0, "percent_statements_covered_display": "0"}, "missing_lines": [101, 106], "excluded_lines": [], "start_line": 89}, "BaseAdapter.is_compatible_with": {"executed_lines": [], "summary": {"covered_lines": 0, "num_statements": 1, "percent_covered": 0.0, "percent_covered_display": "0", "missing_lines": 1, "excluded_lines": 0, "percent_statements_covered": 0.0, "percent_statements_covered_display": "0"}, "missing_lines": [116], "excluded_lines": [], "start_line": 108}, "BaseAdapter.export_table_as_arrow": {"executed_lines": [146], "summary": {"covered_lines": 1, "num_statements": 1, "percent_covered": 100.0, "percent_covered_display": "100", "missing_lines": 0, "excluded_lines": 0, "percent_statements_covered": 100.0, "percent_statements_covered_display": "100"}, "missing_lines": [], "excluded_lines": [], "start_line": 118}, "BaseAdapter.run_checks": {"executed_lines": [171, 172, 173, 174, 175, 177, 180, 181, 182, 183, 184, 185, 187, 188, 198], "summary": {"covered_lines": 15, "num_statements": 15, "percent_covered": 100.0, "percent_covered_display": "100", "missing_lines": 0, "excluded_lines": 0, "percent_statements_covered": 100.0, "percent_statements_covered_display": "100"}, "missing_lines": [], "excluded_lines": [], "start_line": 151}, "": {"executed_lines": [1, 3, 4, 5, 6, 8, 15, 27, 39, 49, 58, 80, 89, 108, 118, 151], "summary": {"covered_lines": 16, "num_statements": 16, "percent_covered": 100.0, "percent_covered_display": "100", "missing_lines": 0, "excluded_lines": 3, "percent_statements_covered": 100.0, "percent_statements_covered_display": "100"}, "missing_lines": [], "excluded_lines": [10, 11, 12], "start_line": 1}}, "classes": {"BaseAdapter": {"executed_lines": [35, 36, 37, 47, 56, 71, 72, 73, 74, 78, 146, 171, 172, 173, 174, 175, 177, 180, 181, 182, 183, 184, 185, 187, 188, 198], "summary": {"covered_lines": 26, "num_statements": 31, "percent_covered": 83.87096774193549, "percent_covered_display": "84", "missing_lines": 5, "excluded_lines": 0, "percent_statements_covered": 83.87096774193549, "percent_statements_covered_display": "84"}, "missing_lines": [82, 87, 101, 106, 116], "excluded_lines": [], "start_line": 15}, "": {"executed_lines": [1, 3, 4, 5, 6, 8, 15, 27, 39, 49, 58, 80, 89, 108, 118, 151], "summary": {"covered_lines": 16, "num_statements": 16, "percent_covered": 100.0, "percent_covered_display": "100", "missing_lines": 0, "excluded_lines": 3, "percent_statements_covered": 100.0, "percent_statements_covered_display": "100"}, "missing_lines": [], "excluded_lines": [10, 11, 12], "start_line": 1}}}, "src/qbc/adapters/ibis_adapter.py": {"executed_lines": [1, 3, 5, 6, 7, 8, 10, 11, 12, 15, 18, 62, 77, 93, 96, 97, 99, 100, 102, 104, 105, 107, 109, 113, 114, 115, 116, 117, 118, 119, 121, 123, 124, 126, 133, 135, 146, 147, 149, 150, 151, 152, 154, 155, 160, 164, 168, 169, 173, 175, 176, 177, 178, 179, 180, 181, 182, 183, 184, 186, 196, 198, 199, 200, 206, 207, 208, 209, 210, 211, 212, 213, 215, 228, 229, 231, 232, 234, 236, 237, 238, 240, 242], "summary": {"covered_lines": 83, "num_statements": 83, "percent_covered": 100.0, "percent_covered_display": "100", "missing_lines": 0, "excluded_lines": 0, "percent_statements_covered": 100.0, "percent_statements_covered_display": "100"}, "missing_lines": [], "excluded_lines": [], "functions": {"IbisAdapter.__init__": {"executed_lines": [93, 96, 97], "summary": {"covered_lines": 3, "num_statements": 3, "percent_covered": 100.0, "percent_covered_display": "100", "missing_lines": 0, "excluded_lines": 0, "percent_statements_covered": 100.0, "percent_statements_covered_display": "100"}, "missing_lines": [], "excluded_lines": [], "start_line": 77}, "IbisAdapter.filter_conditions": {"executed_lines": [102], "summary": {"covered_lines": 1, "num_statements": 1, "percent_covered": 100.0, "percent_covered_display": "100", "missing_lines": 0, "excluded_lines": 0, "percent_statements_covered": 100.0, "percent_statements_covered_display": "100"}, "missing_lines": [], "excluded_lines": [], "start_line": 100}, "IbisAdapter.has_filter_conditions": {"executed_lines": [107], "summary": {"covered_lines": 1, "num_statements": 1, "percent_covered": 100.0, "percent_covered_display": "100", "missing_lines": 0, "excluded_lines": 0, "percent_statements_covered": 100.0, "percent_statements_covered_display": "100"}, "missing_lines": [], "excluded_lines": [], "start_line": 105}, "IbisAdapter.is_compatible_with": {"executed_lines": [113, 114, 115, 116, 117, 118, 119], "summary": {"covered_lines": 7, "num_statements": 7, "percent_covered": 100.0, "percent_covered_display": "100", "missing_lines": 0, "excluded_lines": 0, "percent_statements_covered": 100.0, "percent_statements_covered_display": "100"}, "missing_lines": [], "excluded_lines": [], "start_line": 109}, "IbisAdapter.get_sql_dialect": {"executed_lines": [123, 124], "summary": {"covered_lines": 2, "num_statements": 2, "percent_covered": 100.0, "percent_covered_display": "100", "missing_lines": 0, "excluded_lines": 0, "percent_statements_covered": 100.0, "percent_statements_covered_display": "100"}, "missing_lines": [], "excluded_lines": [], "start_line": 121}, "IbisAdapter.get_connection": {"executed_lines": [133], "summary": {"covered_lines": 1, "num_statements": 1, "percent_covered": 100.0, "percent_covered_display": "100", "missing_lines": 0, "excluded_lines": 0, "percent_statements_covered": 100.0, "percent_statements_covered_display": "100"}, "missing_lines": [], "excluded_lines": [], "start_line": 126}, "IbisAdapter.get_total_rows": {"executed_lines": [146, 147, 149, 150, 151, 152, 154, 155, 160, 164, 168, 169, 173, 175, 176, 177, 178, 179, 180, 181, 182, 183, 184], "summary": {"covered_lines": 23, "num_statements": 23, "percent_covered": 100.0, "percent_covered_display": "100", "missing_lines": 0, "excluded_lines": 0, "percent_statements_covered": 100.0, "percent_statements_covered_display": "100"}, "missing_lines": [], "excluded_lines": [], "start_line": 135}, "IbisAdapter.test_connection": {"executed_lines": [196, 198, 199, 200, 206, 207, 208, 209, 210, 211, 212, 213], "summary": {"covered_lines": 12, "num_statements": 12, "percent_covered": 100.0, "percent_covered_display": "100", "missing_lines": 0, "excluded_lines": 0, "percent_statements_covered": 100.0, "percent_statements_covered_display": "100"}, "missing_lines": [], "excluded_lines": [], "start_line": 186}, "IbisAdapter.export_table_as_arrow": {"executed_lines": [228, 229, 231, 232, 234, 236, 237, 238, 240, 242], "summary": {"covered_lines": 10, "num_statements": 10, "percent_covered": 100.0, "percent_covered_display": "100", "missing_lines": 0, "excluded_lines": 0, "percent_statements_covered": 100.0, "percent_statements_covered_display": "100"}, "missing_lines": [], "excluded_lines": [], "start_line": 215}, "": {"executed_lines": [1, 3, 5, 6, 7, 8, 10, 11, 12, 15, 18, 62, 77, 99, 100, 104, 105, 109, 121, 126, 135, 186, 215], "summary": {"covered_lines": 23, "num_statements": 23, "percent_covered": 100.0, "percent_covered_display": "100", "missing_lines": 0, "excluded_lines": 0, "percent_statements_covered": 100.0, "percent_statements_covered_display": "100"}, "missing_lines": [], "excluded_lines": [], "start_line": 1}}, "classes": {"IbisAdapter": {"executed_lines": [93, 96, 97, 102, 107, 113, 114, 115, 116, 117, 118, 119, 123, 124, 133, 146, 147, 149, 150, 151, 152, 154, 155, 160, 164, 168, 169, 173, 175, 176, 177, 178, 179, 180, 181, 182, 183, 184, 196, 198, 199, 200, 206, 207, 208, 209, 210, 211, 212, 213, 228, 229, 231, 232, 234, 236, 237, 238, 240, 242], "summary": {"covered_lines": 60, "num_statements": 60, "percent_covered": 100.0, "percent_covered_display": "100", "missing_lines": 0, "excluded_lines": 0, "percent_statements_covered": 100.0, "percent_statements_covered_display": "100"}, "missing_lines": [], "excluded_lines": [], "start_line": 18}, "": {"executed_lines": [1, 3, 5, 6, 7, 8, 10, 11, 12, 15, 18, 62, 77, 99, 100, 104, 105, 109, 121, 126, 135, 186, 215], "summary": {"covered_lines": 23, "num_statements": 23, "percent_covered": 100.0, "percent_covered_display": "100", "missing_lines": 0, "excluded_lines": 0, "percent_statements_covered": 100.0, "percent_statements_covered_display": "100"}, "missing_lines": [], "excluded_lines": [], "start_line": 1}}}, "src/qbc/adapters/models.py": {"executed_lines": [5, 7, 8, 10, 14, 17, 20, 21, 38, 39, 40, 42, 52, 55, 56, 57, 58, 61, 62, 63, 64, 65, 66, 67, 70, 71, 72, 73, 74, 77, 85, 86, 87, 88, 90, 91, 93, 94, 95, 96, 97, 98, 99, 100, 102, 104, 117, 118, 119, 120, 125, 128, 129, 132, 133, 134, 135, 136], "summary": {"covered_lines": 58, "num_statements": 58, "percent_covered": 100.0, "percent_covered_display": "100", "missing_lines": 0, "excluded_lines": 0, "percent_statements_covered": 100.0, "percent_statements_covered_display": "100"}, "missing_lines": [], "excluded_lines": [], "functions": {"FilterCondition.to_ast": {"executed_lines": [52, 55, 56, 57, 58, 61, 62, 63, 64, 65, 66, 67, 70, 71, 72, 73, 74, 77, 85, 86, 87, 88], "summary": {"covered_lines": 22, "num_statements": 22, "percent_covered": 100.0, "percent_covered_display": "100", "missing_lines": 0, "excluded_lines": 0, "percent_statements_covered": 100.0, "percent_statements_covered_display": "100"}, "missing_lines": [], "excluded_lines": [], "start_line": 42}, "FilterCondition._to_literal": {"executed_lines": [93, 94, 95, 96, 97, 98, 99, 100, 102], "summary": {"covered_lines": 9, "num_statements": 9, "percent_covered": 100.0, "percent_covered_display": "100", "missing_lines": 0, "excluded_lines": 0, "percent_statements_covered": 100.0, "percent_statements_covered_display": "100"}, "missing_lines": [], "excluded_lines": [], "start_line": 91}, "build_filter_ast": {"executed_lines": [117, 128, 129, 132, 133, 134, 135, 136], "summary": {"covered_lines": 8, "num_statements": 8, "percent_covered": 100.0, "percent_covered_display": "100", "missing_lines": 0, "excluded_lines": 0, "percent_statements_covered": 100.0, "percent_statements_covered_display": "100"}, "missing_lines": [], "excluded_lines": [], "start_line": 104}, "build_filter_ast._to_filter_condition": {"executed_lines": [118, 119, 120, 125], "summary": {"covered_lines": 4, "num_statements": 4, "percent_covered": 100.0, "percent_covered_display": "100", "missing_lines": 0, "excluded_lines": 0, "percent_statements_covered": 100.0, "percent_statements_covered_display": "100"}, "missing_lines": [], "excluded_lines": [], "start_line": 117}, "": {"executed_lines": [5, 7, 8, 10, 14, 17, 20, 21, 38, 39, 40, 42, 90, 91, 104], "summary": {"covered_lines": 15, "num_statements": 15, "percent_covered": 100.0, "percent_covered_display": "100", "missing_lines": 0, "excluded_lines": 0, "percent_statements_covered": 100.0, "percent_statements_covered_display": "100"}, "missing_lines": [], "excluded_lines": [], "start_line": 1}}, "classes": {"FilterCondition": {"executed_lines": [52, 55, 56, 57, 58, 61, 62, 63, 64, 65, 66, 67, 70, 71, 72, 73, 74, 77, 85, 86, 87, 88, 93, 94, 95, 96, 97, 98, 99, 100, 102], "summary": {"covered_lines": 31, "num_statements": 31, "percent_covered": 100.0, "percent_covered_display": "100", "missing_lines": 0, "excluded_lines": 0, "percent_statements_covered": 100.0, "percent_statements_covered_display": "100"}, "missing_lines": [], "excluded_lines": [], "start_line": 21}, "": {"executed_lines": [5, 7, 8, 10, 14, 17, 20, 21, 38, 39, 40, 42, 90, 91, 104, 117, 118, 119, 120, 125, 128, 129, 132, 133, 134, 135, 136], "summary": {"covered_lines": 27, "num_statements": 27, "percent_covered": 100.0, "percent_covered_display": "100", "missing_lines": 0, "excluded_lines": 0, "percent_statements_covered": 100.0, "percent_statements_covered_display": "100"}, "missing_lines": [], "excluded_lines": [], "start_line": 1}}}, "src/qbc/adapters/multi_source_adapter.py": {"executed_lines": [8, 10, 11, 12, 14, 15, 17, 18, 26, 59, 73, 76, 77, 83, 84, 85, 86, 87, 88, 89, 91, 93, 94, 95, 102, 112, 113, 114, 115, 116, 117, 119, 129, 130, 131, 132, 134, 135, 137, 138, 140, 142, 143, 145, 147, 157, 159, 185, 186, 188, 189, 192, 193, 194, 195, 202, 203, 204, 205, 206, 207, 208, 210, 211, 213, 215, 217, 218, 221, 222, 223, 227, 236, 244, 246, 248, 264, 266, 267, 269, 270, 271, 274, 276, 277, 278, 280, 283, 284, 286, 288, 298, 299, 302, 303, 304, 305, 307, 309, 311, 321], "summary": {"covered_lines": 101, "num_statements": 101, "percent_covered": 100.0, "percent_covered_display": "100", "missing_lines": 0, "excluded_lines": 4, "percent_statements_covered": 100.0, "percent_statements_covered_display": "100"}, "missing_lines": [], "excluded_lines": [20, 21, 22, 23], "functions": {"MultiSourceAdapter.__init__": {"executed_lines": [73, 76, 77, 83, 84, 85, 86, 87, 88, 89, 91, 93, 94, 95], "summary": {"covered_lines": 14, "num_statements": 14, "percent_covered": 100.0, "percent_covered_display": "100", "missing_lines": 0, "excluded_lines": 0, "percent_statements_covered": 100.0, "percent_statements_covered_display": "100"}, "missing_lines": [], "excluded_lines": [], "start_line": 59}, "MultiSourceAdapter._detect_tables_in_query": {"executed_lines": [112, 113, 114, 115, 116, 117], "summary": {"covered_lines": 6, "num_statements": 6, "percent_covered": 100.0, "percent_covered_display": "100", "missing_lines": 0, "excluded_lines": 0, "percent_statements_covered": 100.0, "percent_statements_covered_display": "100"}, "missing_lines": [], "excluded_lines": [], "start_line": 102}, "MultiSourceAdapter._is_multi_table_check": {"executed_lines": [129, 130, 131, 132, 134, 135], "summary": {"covered_lines": 6, "num_statements": 6, "percent_covered": 100.0, "percent_covered_display": "100", "missing_lines": 0, "excluded_lines": 0, "percent_statements_covered": 100.0, "percent_statements_covered_display": "100"}, "missing_lines": [], "excluded_lines": [], "start_line": 119}, "MultiSourceAdapter.adapters": {"executed_lines": [140], "summary": {"covered_lines": 1, "num_statements": 1, "percent_covered": 100.0, "percent_covered_display": "100", "missing_lines": 0, "excluded_lines": 0, "percent_statements_covered": 100.0, "percent_statements_covered_display": "100"}, "missing_lines": [], "excluded_lines": [], "start_line": 138}, "MultiSourceAdapter.schema_names": {"executed_lines": [145], "summary": {"covered_lines": 1, "num_statements": 1, "percent_covered": 100.0, "percent_covered_display": "100", "missing_lines": 0, "excluded_lines": 0, "percent_statements_covered": 100.0, "percent_statements_covered_display": "100"}, "missing_lines": [], "excluded_lines": [], "start_line": 143}, "MultiSourceAdapter.get_adapter": {"executed_lines": [157], "summary": {"covered_lines": 1, "num_statements": 1, "percent_covered": 100.0, "percent_covered_display": "100", "missing_lines": 0, "excluded_lines": 0, "percent_statements_covered": 100.0, "percent_statements_covered_display": "100"}, "missing_lines": [], "excluded_lines": [], "start_line": 147}, "MultiSourceAdapter.test_connections": {"executed_lines": [185, 186, 188, 189, 192, 193, 194, 195, 202, 203, 204, 205, 206, 207, 208, 210, 211, 213, 215, 217, 218, 221, 222, 223, 227, 236, 244, 246], "summary": {"covered_lines": 28, "num_statements": 28, "percent_covered": 100.0, "percent_covered_display": "100", "missing_lines": 0, "excluded_lines": 0, "percent_statements_covered": 100.0, "percent_statements_covered_display": "100"}, "missing_lines": [], "excluded_lines": [], "start_line": 159}, "MultiSourceAdapter.run_checks": {"executed_lines": [264, 266, 267, 269, 270, 271, 274, 276, 277, 278, 280, 283, 284, 286, 288, 298, 299, 302, 303, 304, 305, 307, 309], "summary": {"covered_lines": 23, "num_statements": 23, "percent_covered": 100.0, "percent_covered_display": "100", "missing_lines": 0, "excluded_lines": 0, "percent_statements_covered": 100.0, "percent_statements_covered_display": "100"}, "missing_lines": [], "excluded_lines": [], "start_line": 248}, "MultiSourceAdapter.get_total_rows_by_schema": {"executed_lines": [321], "summary": {"covered_lines": 1, "num_statements": 1, "percent_covered": 100.0, "percent_covered_display": "100", "missing_lines": 0, "excluded_lines": 0, "percent_statements_covered": 100.0, "percent_statements_covered_display": "100"}, "missing_lines": [], "excluded_lines": [], "start_line": 311}, "": {"executed_lines": [8, 10, 11, 12, 14, 15, 17, 18, 26, 59, 102, 119, 137, 138, 142, 143, 147, 159, 248, 311], "summary": {"covered_lines": 20, "num_statements": 20, "percent_covered": 100.0, "percent_covered_display": "100", "missing_lines": 0, "excluded_lines": 4, "percent_statements_covered": 100.0, "percent_statements_covered_display": "100"}, "missing_lines": [], "excluded_lines": [20, 21, 22, 23], "start_line": 1}}, "classes": {"MultiSourceAdapter": {"executed_lines": [73, 76, 77, 83, 84, 85, 86, 87, 88, 89, 91, 93, 94, 95, 112, 113, 114, 115, 116, 117, 129, 130, 131, 132, 134, 135, 140, 145, 157, 185, 186, 188, 189, 192, 193, 194, 195, 202, 203, 204, 205, 206, 207, 208, 210, 211, 213, 215, 217, 218, 221, 222, 223, 227, 236, 244, 246, 264, 266, 267, 269, 270, 271, 274, 276, 277, 278, 280, 283, 284, 286, 288, 298, 299, 302, 303, 304, 305, 307, 309, 321], "summary": {"covered_lines": 81, "num_statements": 81, "percent_covered": 100.0, "percent_covered_display": "100", "missing_lines": 0, "excluded_lines": 0, "percent_statements_covered": 100.0, "percent_statements_covered_display": "100"}, "missing_lines": [], "excluded_lines": [], "start_line": 26}, "": {"executed_lines": [8, 10, 11, 12, 14, 15, 17, 18, 26, 59, 102, 119, 137, 138, 142, 143, 147, 159, 248, 311], "summary": {"covered_lines": 20, "num_statements": 20, "percent_covered": 100.0, "percent_covered_display": "100", "missing_lines": 0, "excluded_lines": 4, "percent_statements_covered": 100.0, "percent_statements_covered_display": "100"}, "missing_lines": [], "excluded_lines": [20, 21, 22, 23], "start_line": 1}}}, "src/qbc/config.py": {"executed_lines": [5, 7, 10, 11, 35, 36, 37, 38, 40, 42], "summary": {"covered_lines": 10, "num_statements": 10, "percent_covered": 100.0, "percent_covered_display": "100", "missing_lines": 0, "excluded_lines": 0, "percent_statements_covered": 100.0, "percent_statements_covered_display": "100"}, "missing_lines": [], "excluded_lines": [], "functions": {"ValidationConfig.to_dict": {"executed_lines": [42], "summary": {"covered_lines": 1, "num_statements": 1, "percent_covered": 100.0, "percent_covered_display": "100", "missing_lines": 0, "excluded_lines": 0, "percent_statements_covered": 100.0, "percent_statements_covered_display": "100"}, "missing_lines": [], "excluded_lines": [], "start_line": 40}, "": {"executed_lines": [5, 7, 10, 11, 35, 36, 37, 38, 40], "summary": {"covered_lines": 9, "num_statements": 9, "percent_covered": 100.0, "percent_covered_display": "100", "missing_lines": 0, "excluded_lines": 0, "percent_statements_covered": 100.0, "percent_statements_covered_display": "100"}, "missing_lines": [], "excluded_lines": [], "start_line": 1}}, "classes": {"ValidationConfig": {"executed_lines": [42], "summary": {"covered_lines": 1, "num_statements": 1, "percent_covered": 100.0, "percent_covered_display": "100", "missing_lines": 0, "excluded_lines": 0, "percent_statements_covered": 100.0, "percent_statements_covered_display": "100"}, "missing_lines": [], "excluded_lines": [], "start_line": 11}, "": {"executed_lines": [5, 7, 10, 11, 35, 36, 37, 38, 40], "summary": {"covered_lines": 9, "num_statements": 9, "percent_covered": 100.0, "percent_covered_display": "100", "missing_lines": 0, "excluded_lines": 0, "percent_statements_covered": 100.0, "percent_statements_covered_display": "100"}, "missing_lines": [], "excluded_lines": [], "start_line": 1}}}, "src/qbc/contracts/check_reference.py": {"executed_lines": [8, 10, 11, 12, 13, 14, 16, 17, 30, 42, 51, 59, 60, 62, 63, 65, 67, 68, 70, 72, 79, 81, 82, 86, 87, 91, 98, 100, 107, 109, 116, 118, 125, 128, 141, 143, 144, 180, 202, 203, 204, 205, 206, 207, 208, 210, 211, 212, 213, 214, 215, 216, 218, 219, 243, 245, 248, 249, 250, 251, 252, 258, 260, 261, 264, 266, 267, 268, 269, 271, 272, 273, 274, 275, 277, 279, 280, 282, 285, 286, 287, 289, 290, 292, 293, 294, 295, 300, 301, 303, 312, 331, 332, 338, 339, 340, 341, 342, 343, 345, 346, 352, 353, 355, 356, 362, 363, 365, 366, 376, 377, 378, 379, 380, 381, 382, 383, 384, 385, 386, 387, 388, 390, 391, 406, 407, 408, 411, 412, 416, 417, 420, 421, 422, 424, 425, 426, 428, 429, 430, 432, 433, 434, 435, 436, 437, 438, 439, 441, 442, 443, 444, 445, 448, 450, 451, 456, 457, 459, 460, 462, 463, 464, 466, 467, 470, 477, 478, 479, 481, 483, 485, 491, 492, 494, 496, 497, 498, 499, 500, 503, 510, 511, 512, 514, 516, 518, 520, 522, 523, 524, 526, 527, 528, 530, 531, 532, 534, 540, 541, 543, 545, 546, 547, 548, 549, 552, 562, 563, 564, 565, 566, 568, 569, 573, 574, 578, 584, 585, 586, 587, 588, 589, 590, 592, 593, 594, 596, 597, 599, 600, 602, 603, 605, 606, 608, 609, 611, 612, 615, 627, 628, 630, 631, 632, 633, 635, 637, 638, 640, 641, 643, 644, 650, 652, 653, 654, 656, 660, 662, 664, 665, 666, 668, 677, 679, 682, 692, 693, 695, 696, 697, 698, 700, 702, 703, 705, 706, 707, 708, 710, 711, 717, 719, 720, 722, 723, 724, 725, 727, 733, 735, 743, 745, 747, 748, 749, 751, 760, 762, 765, 778, 783, 784, 785, 791, 793, 794, 795, 797, 798, 799, 800, 802, 804, 805, 806, 808, 817, 819, 822, 823, 825, 835, 836, 838, 839, 840, 843, 844, 845, 846, 847, 850, 851, 852, 854, 855, 856, 858, 859, 860, 863, 866, 867, 868, 870, 871, 872, 874, 875, 876, 878, 879, 880, 882, 883, 884, 885, 888, 893, 895, 896, 898, 909, 912, 921, 922, 924, 925, 926, 927, 929, 931, 932, 934, 935, 937, 938, 944, 946, 947, 949, 954, 956, 958, 959, 961, 971, 980, 981, 983, 984, 985, 986, 988, 990, 991, 993, 994, 996, 997, 1003, 1005, 1006, 1008, 1016, 1020, 1022, 1024, 1025, 1027, 1037, 1046, 1047, 1049, 1050, 1051, 1052, 1054, 1056, 1057, 1059, 1060, 1062, 1063, 1069, 1071, 1072, 1075, 1082, 1089, 1092, 1098, 1100, 1102, 1103, 1105], "summary": {"covered_lines": 438, "num_statements": 443, "percent_covered": 98.87133182844244, "percent_covered_display": "99", "missing_lines": 5, "excluded_lines": 15, "percent_statements_covered": 98.87133182844244, "percent_statements_covered_display": "99"}, "missing_lines": [246, 446, 820, 826, 832], "excluded_lines": [19, 20, 21, 23, 26, 84, 85, 89, 90, 178, 179, 571, 572, 576, 577], "functions": {"CheckReference.__init__": {"executed_lines": [59, 60], "summary": {"covered_lines": 2, "num_statements": 2, "percent_covered": 100.0, "percent_covered_display": "100", "missing_lines": 0, "excluded_lines": 0, "percent_statements_covered": 100.0, "percent_statements_covered_display": "100"}, "missing_lines": [], "excluded_lines": [], "start_line": 51}, "CheckReference.path": {"executed_lines": [65], "summary": {"covered_lines": 1, "num_statements": 1, "percent_covered": 100.0, "percent_covered_display": "100", "missing_lines": 0, "excluded_lines": 0, "percent_statements_covered": 100.0, "percent_statements_covered_display": "100"}, "missing_lines": [], "excluded_lines": [], "start_line": 63}, "CheckReference.contract": {"executed_lines": [70], "summary": {"covered_lines": 1, "num_statements": 1, "percent_covered": 100.0, "percent_covered_display": "100", "missing_lines": 0, "excluded_lines": 0, "percent_statements_covered": 100.0, "percent_statements_covered_display": "100"}, "missing_lines": [], "excluded_lines": [], "start_line": 68}, "CheckReference.get_check": {"executed_lines": [79], "summary": {"covered_lines": 1, "num_statements": 1, "percent_covered": 100.0, "percent_covered_display": "100", "missing_lines": 0, "excluded_lines": 0, "percent_statements_covered": 100.0, "percent_statements_covered_display": "100"}, "missing_lines": [], "excluded_lines": [], "start_line": 72}, "CheckReference.get_schema_name": {"executed_lines": [], "summary": {"covered_lines": 0, "num_statements": 0, "percent_covered": 100.0, "percent_covered_display": "100", "missing_lines": 0, "excluded_lines": 1, "percent_statements_covered": 100.0, "percent_statements_covered_display": "100"}, "missing_lines": [], "excluded_lines": [84], "start_line": 82}, "CheckReference.get_schema_path": {"executed_lines": [], "summary": {"covered_lines": 0, "num_statements": 0, "percent_covered": 100.0, "percent_covered_display": "100", "missing_lines": 0, "excluded_lines": 1, "percent_statements_covered": 100.0, "percent_statements_covered_display": "100"}, "missing_lines": [], "excluded_lines": [89], "start_line": 87}, "CheckReference.get_logical_type": {"executed_lines": [98], "summary": {"covered_lines": 1, "num_statements": 1, "percent_covered": 100.0, "percent_covered_display": "100", "missing_lines": 0, "excluded_lines": 0, "percent_statements_covered": 100.0, "percent_statements_covered_display": "100"}, "missing_lines": [], "excluded_lines": [], "start_line": 91}, "CheckReference.get_logical_type_options": {"executed_lines": [107], "summary": {"covered_lines": 1, "num_statements": 1, "percent_covered": 100.0, "percent_covered_display": "100", "missing_lines": 0, "excluded_lines": 0, "percent_statements_covered": 100.0, "percent_statements_covered_display": "100"}, "missing_lines": [], "excluded_lines": [], "start_line": 100}, "CheckReference.get_column_name": {"executed_lines": [116], "summary": {"covered_lines": 1, "num_statements": 1, "percent_covered": 100.0, "percent_covered_display": "100", "missing_lines": 0, "excluded_lines": 0, "percent_statements_covered": 100.0, "percent_statements_covered_display": "100"}, "missing_lines": [], "excluded_lines": [], "start_line": 109}, "CheckReference.is_generated": {"executed_lines": [125], "summary": {"covered_lines": 1, "num_statements": 1, "percent_covered": 100.0, "percent_covered_display": "100", "missing_lines": 0, "excluded_lines": 0, "percent_statements_covered": 100.0, "percent_statements_covered_display": "100"}, "missing_lines": [], "excluded_lines": [], "start_line": 118}, "SQLCheckReference.get_query": {"executed_lines": [], "summary": {"covered_lines": 0, "num_statements": 0, "percent_covered": 100.0, "percent_covered_display": "100", "missing_lines": 0, "excluded_lines": 1, "percent_statements_covered": 100.0, "percent_statements_covered_display": "100"}, "missing_lines": [], "excluded_lines": [178], "start_line": 144}, "SQLCheckReference.get_failed_rows_query": {"executed_lines": [202, 203, 204, 205, 206, 207, 208, 210, 211, 212, 213, 214, 215, 216], "summary": {"covered_lines": 14, "num_statements": 14, "percent_covered": 100.0, "percent_covered_display": "100", "missing_lines": 0, "excluded_lines": 0, "percent_statements_covered": 100.0, "percent_statements_covered_display": "100"}, "missing_lines": [], "excluded_lines": [], "start_line": 180}, "SQLCheckReference.apply_filters": {"executed_lines": [243, 245, 248, 249, 250, 251, 252, 258, 260, 261, 264, 266, 267, 268, 269, 271, 272, 273, 274, 275, 277, 279, 280, 282, 285, 286, 287, 289, 290, 292, 293, 294, 295, 300, 301, 303], "summary": {"covered_lines": 36, "num_statements": 37, "percent_covered": 97.29729729729729, "percent_covered_display": "97", "missing_lines": 1, "excluded_lines": 0, "percent_statements_covered": 97.29729729729729, "percent_statements_covered_display": "97"}, "missing_lines": [246], "excluded_lines": [], "start_line": 219}, "SQLCheckReference._apply_dialect_transforms": {"executed_lines": [338, 339, 340, 341, 342, 343], "summary": {"covered_lines": 6, "num_statements": 6, "percent_covered": 100.0, "percent_covered_display": "100", "missing_lines": 0, "excluded_lines": 0, "percent_statements_covered": 100.0, "percent_statements_covered_display": "100"}, "missing_lines": [], "excluded_lines": [], "start_line": 332}, "SQLCheckReference._render_sql": {"executed_lines": [352, 353], "summary": {"covered_lines": 2, "num_statements": 2, "percent_covered": 100.0, "percent_covered_display": "100", "missing_lines": 0, "excluded_lines": 0, "percent_statements_covered": 100.0, "percent_statements_covered_display": "100"}, "missing_lines": [], "excluded_lines": [], "start_line": 346}, "SQLCheckReference.transpile": {"executed_lines": [362, 363], "summary": {"covered_lines": 2, "num_statements": 2, "percent_covered": 100.0, "percent_covered_display": "100", "missing_lines": 0, "excluded_lines": 0, "percent_statements_covered": 100.0, "percent_statements_covered_display": "100"}, "missing_lines": [], "excluded_lines": [], "start_line": 356}, "SQLCheckReference._infer_type_from_literal": {"executed_lines": [376, 377, 378, 379, 380, 381, 382, 383, 384, 385, 386, 387, 388], "summary": {"covered_lines": 13, "num_statements": 13, "percent_covered": 100.0, "percent_covered_display": "100", "missing_lines": 0, "excluded_lines": 0, "percent_statements_covered": 100.0, "percent_statements_covered_display": "100"}, "missing_lines": [], "excluded_lines": [], "start_line": 366}, "SQLCheckReference.apply_try_cast": {"executed_lines": [406, 407, 408, 411, 412, 416, 417, 420, 421, 422, 424, 425, 426, 428, 429, 430, 432, 433, 434, 435, 436, 437, 438, 439, 441, 442, 443, 444, 445, 448, 450, 451, 456, 457, 459, 460, 462, 463, 464, 466, 467], "summary": {"covered_lines": 41, "num_statements": 42, "percent_covered": 97.61904761904762, "percent_covered_display": "98", "missing_lines": 1, "excluded_lines": 0, "percent_statements_covered": 97.61904761904762, "percent_statements_covered_display": "98"}, "missing_lines": [446], "excluded_lines": [], "start_line": 391}, "TableCheckReference.get_schema_name": {"executed_lines": [478, 479], "summary": {"covered_lines": 2, "num_statements": 2, "percent_covered": 100.0, "percent_covered_display": "100", "missing_lines": 0, "excluded_lines": 0, "percent_statements_covered": 100.0, "percent_statements_covered_display": "100"}, "missing_lines": [], "excluded_lines": [], "start_line": 477}, "TableCheckReference.get_schema_path": {"executed_lines": [483], "summary": {"covered_lines": 1, "num_statements": 1, "percent_covered": 100.0, "percent_covered_display": "100", "missing_lines": 0, "excluded_lines": 0, "percent_statements_covered": 100.0, "percent_statements_covered_display": "100"}, "missing_lines": [], "excluded_lines": [], "start_line": 481}, "TableCheckReference.get_query": {"executed_lines": [491, 492, 494, 496, 497, 498, 499, 500], "summary": {"covered_lines": 8, "num_statements": 8, "percent_covered": 100.0, "percent_covered_display": "100", "missing_lines": 0, "excluded_lines": 0, "percent_statements_covered": 100.0, "percent_statements_covered_display": "100"}, "missing_lines": [], "excluded_lines": [], "start_line": 485}, "ColumnCheckReference.get_schema_name": {"executed_lines": [511, 512], "summary": {"covered_lines": 2, "num_statements": 2, "percent_covered": 100.0, "percent_covered_display": "100", "missing_lines": 0, "excluded_lines": 0, "percent_statements_covered": 100.0, "percent_statements_covered_display": "100"}, "missing_lines": [], "excluded_lines": [], "start_line": 510}, "ColumnCheckReference.get_schema_path": {"executed_lines": [516], "summary": {"covered_lines": 1, "num_statements": 1, "percent_covered": 100.0, "percent_covered_display": "100", "missing_lines": 0, "excluded_lines": 0, "percent_statements_covered": 100.0, "percent_statements_covered_display": "100"}, "missing_lines": [], "excluded_lines": [], "start_line": 514}, "ColumnCheckReference.get_column_path": {"executed_lines": [520], "summary": {"covered_lines": 1, "num_statements": 1, "percent_covered": 100.0, "percent_covered_display": "100", "missing_lines": 0, "excluded_lines": 0, "percent_statements_covered": 100.0, "percent_statements_covered_display": "100"}, "missing_lines": [], "excluded_lines": [], "start_line": 518}, "ColumnCheckReference.get_column_name": {"executed_lines": [523, 524], "summary": {"covered_lines": 2, "num_statements": 2, "percent_covered": 100.0, "percent_covered_display": "100", "missing_lines": 0, "excluded_lines": 0, "percent_statements_covered": 100.0, "percent_statements_covered_display": "100"}, "missing_lines": [], "excluded_lines": [], "start_line": 522}, "ColumnCheckReference.get_logical_type": {"executed_lines": [527, 528], "summary": {"covered_lines": 2, "num_statements": 2, "percent_covered": 100.0, "percent_covered_display": "100", "missing_lines": 0, "excluded_lines": 0, "percent_statements_covered": 100.0, "percent_statements_covered_display": "100"}, "missing_lines": [], "excluded_lines": [], "start_line": 526}, "ColumnCheckReference.get_logical_type_options": {"executed_lines": [531, 532], "summary": {"covered_lines": 2, "num_statements": 2, "percent_covered": 100.0, "percent_covered_display": "100", "missing_lines": 0, "excluded_lines": 0, "percent_statements_covered": 100.0, "percent_statements_covered_display": "100"}, "missing_lines": [], "excluded_lines": [], "start_line": 530}, "ColumnCheckReference.get_query": {"executed_lines": [540, 541, 543, 545, 546, 547, 548, 549], "summary": {"covered_lines": 8, "num_statements": 8, "percent_covered": 100.0, "percent_covered_display": "100", "missing_lines": 0, "excluded_lines": 0, "percent_statements_covered": 100.0, "percent_statements_covered_display": "100"}, "missing_lines": [], "excluded_lines": [], "start_line": 534}, "GeneratedColumnCheckReference.__init__": {"executed_lines": [563, 564, 565, 566], "summary": {"covered_lines": 4, "num_statements": 4, "percent_covered": 100.0, "percent_covered_display": "100", "missing_lines": 0, "excluded_lines": 0, "percent_statements_covered": 100.0, "percent_statements_covered_display": "100"}, "missing_lines": [], "excluded_lines": [], "start_line": 562}, "GeneratedColumnCheckReference._build_ast": {"executed_lines": [], "summary": {"covered_lines": 0, "num_statements": 0, "percent_covered": 100.0, "percent_covered_display": "100", "missing_lines": 0, "excluded_lines": 1, "percent_statements_covered": 100.0, "percent_statements_covered_display": "100"}, "missing_lines": [], "excluded_lines": [571], "start_line": 569}, "GeneratedColumnCheckReference._generate_check": {"executed_lines": [], "summary": {"covered_lines": 0, "num_statements": 0, "percent_covered": 100.0, "percent_covered_display": "100", "missing_lines": 0, "excluded_lines": 1, "percent_statements_covered": 100.0, "percent_statements_covered_display": "100"}, "missing_lines": [], "excluded_lines": [576], "start_line": 574}, "GeneratedColumnCheckReference.get_query": {"executed_lines": [584, 585, 586, 587, 588, 589, 590], "summary": {"covered_lines": 7, "num_statements": 7, "percent_covered": 100.0, "percent_covered_display": "100", "missing_lines": 0, "excluded_lines": 0, "percent_statements_covered": 100.0, "percent_statements_covered_display": "100"}, "missing_lines": [], "excluded_lines": [], "start_line": 578}, "GeneratedColumnCheckReference.get_schema_name": {"executed_lines": [593, 594], "summary": {"covered_lines": 2, "num_statements": 2, "percent_covered": 100.0, "percent_covered_display": "100", "missing_lines": 0, "excluded_lines": 0, "percent_statements_covered": 100.0, "percent_statements_covered_display": "100"}, "missing_lines": [], "excluded_lines": [], "start_line": 592}, "GeneratedColumnCheckReference.get_schema_path": {"executed_lines": [597], "summary": {"covered_lines": 1, "num_statements": 1, "percent_covered": 100.0, "percent_covered_display": "100", "missing_lines": 0, "excluded_lines": 0, "percent_statements_covered": 100.0, "percent_statements_covered_display": "100"}, "missing_lines": [], "excluded_lines": [], "start_line": 596}, "GeneratedColumnCheckReference.get_column_path": {"executed_lines": [600], "summary": {"covered_lines": 1, "num_statements": 1, "percent_covered": 100.0, "percent_covered_display": "100", "missing_lines": 0, "excluded_lines": 0, "percent_statements_covered": 100.0, "percent_statements_covered_display": "100"}, "missing_lines": [], "excluded_lines": [], "start_line": 599}, "GeneratedColumnCheckReference.get_column_name": {"executed_lines": [603], "summary": {"covered_lines": 1, "num_statements": 1, "percent_covered": 100.0, "percent_covered_display": "100", "missing_lines": 0, "excluded_lines": 0, "percent_statements_covered": 100.0, "percent_statements_covered_display": "100"}, "missing_lines": [], "excluded_lines": [], "start_line": 602}, "GeneratedColumnCheckReference.get_logical_type": {"executed_lines": [606], "summary": {"covered_lines": 1, "num_statements": 1, "percent_covered": 100.0, "percent_covered_display": "100", "missing_lines": 0, "excluded_lines": 0, "percent_statements_covered": 100.0, "percent_statements_covered_display": "100"}, "missing_lines": [], "excluded_lines": [], "start_line": 605}, "GeneratedColumnCheckReference.get_logical_type_options": {"executed_lines": [609], "summary": {"covered_lines": 1, "num_statements": 1, "percent_covered": 100.0, "percent_covered_display": "100", "missing_lines": 0, "excluded_lines": 0, "percent_statements_covered": 100.0, "percent_statements_covered_display": "100"}, "missing_lines": [], "excluded_lines": [], "start_line": 608}, "GeneratedColumnCheckReference.is_generated": {"executed_lines": [612], "summary": {"covered_lines": 1, "num_statements": 1, "percent_covered": 100.0, "percent_covered_display": "100", "missing_lines": 0, "excluded_lines": 0, "percent_statements_covered": 100.0, "percent_statements_covered_display": "100"}, "missing_lines": [], "excluded_lines": [], "start_line": 611}, "DeclaredColumnExistsCheckReference.__init__": {"executed_lines": [628], "summary": {"covered_lines": 1, "num_statements": 1, "percent_covered": 100.0, "percent_covered_display": "100", "missing_lines": 0, "excluded_lines": 0, "percent_statements_covered": 100.0, "percent_statements_covered_display": "100"}, "missing_lines": [], "excluded_lines": [], "start_line": 627}, "DeclaredColumnExistsCheckReference.get_check": {"executed_lines": [631, 632, 633], "summary": {"covered_lines": 3, "num_statements": 3, "percent_covered": 100.0, "percent_covered_display": "100", "missing_lines": 0, "excluded_lines": 0, "percent_statements_covered": 100.0, "percent_statements_covered_display": "100"}, "missing_lines": [], "excluded_lines": [], "start_line": 630}, "DeclaredColumnExistsCheckReference._build_ast": {"executed_lines": [637, 638, 640, 641, 643, 644, 650, 652, 653, 654, 656, 660], "summary": {"covered_lines": 12, "num_statements": 12, "percent_covered": 100.0, "percent_covered_display": "100", "missing_lines": 0, "excluded_lines": 0, "percent_statements_covered": 100.0, "percent_statements_covered_display": "100"}, "missing_lines": [], "excluded_lines": [], "start_line": 635}, "DeclaredColumnExistsCheckReference._generate_check": {"executed_lines": [664, 665, 666, 668], "summary": {"covered_lines": 4, "num_statements": 4, "percent_covered": 100.0, "percent_covered_display": "100", "missing_lines": 0, "excluded_lines": 0, "percent_statements_covered": 100.0, "percent_statements_covered_display": "100"}, "missing_lines": [], "excluded_lines": [], "start_line": 662}, "DeclaredColumnExistsCheckReference.get_column_name": {"executed_lines": [679], "summary": {"covered_lines": 1, "num_statements": 1, "percent_covered": 100.0, "percent_covered_display": "100", "missing_lines": 0, "excluded_lines": 0, "percent_statements_covered": 100.0, "percent_statements_covered_display": "100"}, "missing_lines": [], "excluded_lines": [], "start_line": 677}, "LogicalTypeCheckReference.__init__": {"executed_lines": [693], "summary": {"covered_lines": 1, "num_statements": 1, "percent_covered": 100.0, "percent_covered_display": "100", "missing_lines": 0, "excluded_lines": 0, "percent_statements_covered": 100.0, "percent_statements_covered_display": "100"}, "missing_lines": [], "excluded_lines": [], "start_line": 692}, "LogicalTypeCheckReference.get_check": {"executed_lines": [696, 697, 698], "summary": {"covered_lines": 3, "num_statements": 3, "percent_covered": 100.0, "percent_covered_display": "100", "missing_lines": 0, "excluded_lines": 0, "percent_statements_covered": 100.0, "percent_statements_covered_display": "100"}, "missing_lines": [], "excluded_lines": [], "start_line": 695}, "LogicalTypeCheckReference._build_ast": {"executed_lines": [702, 703, 705, 706, 707, 708, 710, 711, 717, 719, 720, 722, 723, 724, 725, 727, 733, 735, 743], "summary": {"covered_lines": 19, "num_statements": 19, "percent_covered": 100.0, "percent_covered_display": "100", "missing_lines": 0, "excluded_lines": 0, "percent_statements_covered": 100.0, "percent_statements_covered_display": "100"}, "missing_lines": [], "excluded_lines": [], "start_line": 700}, "LogicalTypeCheckReference._generate_check": {"executed_lines": [747, 748, 749, 751], "summary": {"covered_lines": 4, "num_statements": 4, "percent_covered": 100.0, "percent_covered_display": "100", "missing_lines": 0, "excluded_lines": 0, "percent_statements_covered": 100.0, "percent_statements_covered_display": "100"}, "missing_lines": [], "excluded_lines": [], "start_line": 745}, "LogicalTypeCheckReference.get_logical_type": {"executed_lines": [762], "summary": {"covered_lines": 1, "num_statements": 1, "percent_covered": 100.0, "percent_covered_display": "100", "missing_lines": 0, "excluded_lines": 0, "percent_statements_covered": 100.0, "percent_statements_covered_display": "100"}, "missing_lines": [], "excluded_lines": [], "start_line": 760}, "LogicalTypeOptionsCheckReference.__init__": {"executed_lines": [784, 785, 791, 793, 794, 795], "summary": {"covered_lines": 6, "num_statements": 6, "percent_covered": 100.0, "percent_covered_display": "100", "missing_lines": 0, "excluded_lines": 0, "percent_statements_covered": 100.0, "percent_statements_covered_display": "100"}, "missing_lines": [], "excluded_lines": [], "start_line": 783}, "LogicalTypeOptionsCheckReference.get_check": {"executed_lines": [798, 799, 800], "summary": {"covered_lines": 3, "num_statements": 3, "percent_covered": 100.0, "percent_covered_display": "100", "missing_lines": 0, "excluded_lines": 0, "percent_statements_covered": 100.0, "percent_statements_covered_display": "100"}, "missing_lines": [], "excluded_lines": [], "start_line": 797}, "LogicalTypeOptionsCheckReference._generate_check": {"executed_lines": [804, 805, 806, 808], "summary": {"covered_lines": 4, "num_statements": 4, "percent_covered": 100.0, "percent_covered_display": "100", "missing_lines": 0, "excluded_lines": 0, "percent_statements_covered": 100.0, "percent_statements_covered_display": "100"}, "missing_lines": [], "excluded_lines": [], "start_line": 802}, "LogicalTypeOptionsCheckReference._build_ast": {"executed_lines": [819, 822, 823, 825, 835, 836, 838, 839, 840, 843, 850, 851, 852, 854, 855, 856, 858, 859, 860, 863, 866, 867, 868, 870, 871, 872, 874, 875, 876, 878, 879, 880, 882, 883, 884, 885, 888], "summary": {"covered_lines": 37, "num_statements": 40, "percent_covered": 92.5, "percent_covered_display": "92", "missing_lines": 3, "excluded_lines": 0, "percent_statements_covered": 92.5, "percent_statements_covered_display": "92"}, "missing_lines": [820, 826, 832], "excluded_lines": [], "start_line": 817}, "LogicalTypeOptionsCheckReference._build_ast.count_where": {"executed_lines": [844, 845, 846, 847], "summary": {"covered_lines": 4, "num_statements": 4, "percent_covered": 100.0, "percent_covered_display": "100", "missing_lines": 0, "excluded_lines": 0, "percent_statements_covered": 100.0, "percent_statements_covered_display": "100"}, "missing_lines": [], "excluded_lines": [], "start_line": 843}, "LogicalTypeOptionsCheckReference._build_description": {"executed_lines": [895, 896, 898, 909], "summary": {"covered_lines": 4, "num_statements": 4, "percent_covered": 100.0, "percent_covered_display": "100", "missing_lines": 0, "excluded_lines": 0, "percent_statements_covered": 100.0, "percent_statements_covered_display": "100"}, "missing_lines": [], "excluded_lines": [], "start_line": 893}, "RequiredCheckReference.__init__": {"executed_lines": [922], "summary": {"covered_lines": 1, "num_statements": 1, "percent_covered": 100.0, "percent_covered_display": "100", "missing_lines": 0, "excluded_lines": 0, "percent_statements_covered": 100.0, "percent_statements_covered_display": "100"}, "missing_lines": [], "excluded_lines": [], "start_line": 921}, "RequiredCheckReference.get_check": {"executed_lines": [925, 926, 927], "summary": {"covered_lines": 3, "num_statements": 3, "percent_covered": 100.0, "percent_covered_display": "100", "missing_lines": 0, "excluded_lines": 0, "percent_statements_covered": 100.0, "percent_statements_covered_display": "100"}, "missing_lines": [], "excluded_lines": [], "start_line": 924}, "RequiredCheckReference._build_ast": {"executed_lines": [931, 932, 934, 935, 937, 938, 944, 946, 947, 949, 954], "summary": {"covered_lines": 11, "num_statements": 11, "percent_covered": 100.0, "percent_covered_display": "100", "missing_lines": 0, "excluded_lines": 0, "percent_statements_covered": 100.0, "percent_statements_covered_display": "100"}, "missing_lines": [], "excluded_lines": [], "start_line": 929}, "RequiredCheckReference._generate_check": {"executed_lines": [958, 959, 961], "summary": {"covered_lines": 3, "num_statements": 3, "percent_covered": 100.0, "percent_covered_display": "100", "missing_lines": 0, "excluded_lines": 0, "percent_statements_covered": 100.0, "percent_statements_covered_display": "100"}, "missing_lines": [], "excluded_lines": [], "start_line": 956}, "UniqueCheckReference.__init__": {"executed_lines": [981], "summary": {"covered_lines": 1, "num_statements": 1, "percent_covered": 100.0, "percent_covered_display": "100", "missing_lines": 0, "excluded_lines": 0, "percent_statements_covered": 100.0, "percent_statements_covered_display": "100"}, "missing_lines": [], "excluded_lines": [], "start_line": 980}, "UniqueCheckReference.get_check": {"executed_lines": [984, 985, 986], "summary": {"covered_lines": 3, "num_statements": 3, "percent_covered": 100.0, "percent_covered_display": "100", "missing_lines": 0, "excluded_lines": 0, "percent_statements_covered": 100.0, "percent_statements_covered_display": "100"}, "missing_lines": [], "excluded_lines": [], "start_line": 983}, "UniqueCheckReference._build_ast": {"executed_lines": [990, 991, 993, 994, 996, 997, 1003, 1005, 1006, 1008, 1016, 1020], "summary": {"covered_lines": 12, "num_statements": 12, "percent_covered": 100.0, "percent_covered_display": "100", "missing_lines": 0, "excluded_lines": 0, "percent_statements_covered": 100.0, "percent_statements_covered_display": "100"}, "missing_lines": [], "excluded_lines": [], "start_line": 988}, "UniqueCheckReference._generate_check": {"executed_lines": [1024, 1025, 1027], "summary": {"covered_lines": 3, "num_statements": 3, "percent_covered": 100.0, "percent_covered_display": "100", "missing_lines": 0, "excluded_lines": 0, "percent_statements_covered": 100.0, "percent_statements_covered_display": "100"}, "missing_lines": [], "excluded_lines": [], "start_line": 1022}, "PrimaryKeyCheckReference.__init__": {"executed_lines": [1047], "summary": {"covered_lines": 1, "num_statements": 1, "percent_covered": 100.0, "percent_covered_display": "100", "missing_lines": 0, "excluded_lines": 0, "percent_statements_covered": 100.0, "percent_statements_covered_display": "100"}, "missing_lines": [], "excluded_lines": [], "start_line": 1046}, "PrimaryKeyCheckReference.get_check": {"executed_lines": [1050, 1051, 1052], "summary": {"covered_lines": 3, "num_statements": 3, "percent_covered": 100.0, "percent_covered_display": "100", "missing_lines": 0, "excluded_lines": 0, "percent_statements_covered": 100.0, "percent_statements_covered_display": "100"}, "missing_lines": [], "excluded_lines": [], "start_line": 1049}, "PrimaryKeyCheckReference._build_ast": {"executed_lines": [1056, 1057, 1059, 1060, 1062, 1063, 1069, 1071, 1072, 1075, 1082, 1089, 1092, 1098], "summary": {"covered_lines": 14, "num_statements": 14, "percent_covered": 100.0, "percent_covered_display": "100", "missing_lines": 0, "excluded_lines": 0, "percent_statements_covered": 100.0, "percent_statements_covered_display": "100"}, "missing_lines": [], "excluded_lines": [], "start_line": 1054}, "PrimaryKeyCheckReference._generate_check": {"executed_lines": [1102, 1103, 1105], "summary": {"covered_lines": 3, "num_statements": 3, "percent_covered": 100.0, "percent_covered_display": "100", "missing_lines": 0, "excluded_lines": 0, "percent_statements_covered": 100.0, "percent_statements_covered_display": "100"}, "missing_lines": [], "excluded_lines": [], "start_line": 1100}, "": {"executed_lines": [8, 10, 11, 12, 13, 14, 16, 17, 30, 42, 51, 62, 63, 67, 68, 72, 81, 82, 86, 87, 91, 100, 109, 118, 128, 141, 143, 144, 180, 218, 219, 312, 331, 332, 345, 346, 355, 356, 365, 366, 390, 391, 470, 477, 481, 485, 503, 510, 514, 518, 522, 526, 530, 534, 552, 562, 568, 569, 573, 574, 578, 592, 596, 599, 602, 605, 608, 611, 615, 627, 630, 635, 662, 677, 682, 692, 695, 700, 745, 760, 765, 778, 783, 797, 802, 817, 893, 912, 921, 924, 929, 956, 971, 980, 983, 988, 1022, 1037, 1046, 1049, 1054, 1100], "summary": {"covered_lines": 102, "num_statements": 102, "percent_covered": 100.0, "percent_covered_display": "100", "missing_lines": 0, "excluded_lines": 10, "percent_statements_covered": 100.0, "percent_statements_covered_display": "100"}, "missing_lines": [], "excluded_lines": [19, 20, 21, 23, 26, 85, 90, 179, 572, 577], "start_line": 1}}, "classes": {"CheckReference": {"executed_lines": [59, 60, 65, 70, 79, 98, 107, 116, 125], "summary": {"covered_lines": 9, "num_statements": 9, "percent_covered": 100.0, "percent_covered_display": "100", "missing_lines": 0, "excluded_lines": 2, "percent_statements_covered": 100.0, "percent_statements_covered_display": "100"}, "missing_lines": [], "excluded_lines": [84, 89], "start_line": 42}, "SQLCheckReference": {"executed_lines": [202, 203, 204, 205, 206, 207, 208, 210, 211, 212, 213, 214, 215, 216, 243, 245, 248, 249, 250, 251, 252, 258, 260, 261, 264, 266, 267, 268, 269, 271, 272, 273, 274, 275, 277, 279, 280, 282, 285, 286, 287, 289, 290, 292, 293, 294, 295, 300, 301, 303, 338, 339, 340, 341, 342, 343, 352, 353, 362, 363, 376, 377, 378, 379, 380, 381, 382, 383, 384, 385, 386, 387, 388, 406, 407, 408, 411, 412, 416, 417, 420, 421, 422, 424, 425, 426, 428, 429, 430, 432, 433, 434, 435, 436, 437, 438, 439, 441, 442, 443, 444, 445, 448, 450, 451, 456, 457, 459, 460, 462, 463, 464, 466, 467], "summary": {"covered_lines": 114, "num_statements": 116, "percent_covered": 98.27586206896552, "percent_covered_display": "98", "missing_lines": 2, "excluded_lines": 1, "percent_statements_covered": 98.27586206896552, "percent_statements_covered_display": "98"}, "missing_lines": [246, 446], "excluded_lines": [178], "start_line": 128}, "TableCheckReference": {"executed_lines": [478, 479, 483, 491, 492, 494, 496, 497, 498, 499, 500], "summary": {"covered_lines": 11, "num_statements": 11, "percent_covered": 100.0, "percent_covered_display": "100", "missing_lines": 0, "excluded_lines": 0, "percent_statements_covered": 100.0, "percent_statements_covered_display": "100"}, "missing_lines": [], "excluded_lines": [], "start_line": 470}, "ColumnCheckReference": {"executed_lines": [511, 512, 516, 520, 523, 524, 527, 528, 531, 532, 540, 541, 543, 545, 546, 547, 548, 549], "summary": {"covered_lines": 18, "num_statements": 18, "percent_covered": 100.0, "percent_covered_display": "100", "missing_lines": 0, "excluded_lines": 0, "percent_statements_covered": 100.0, "percent_statements_covered_display": "100"}, "missing_lines": [], "excluded_lines": [], "start_line": 503}, "GeneratedColumnCheckReference": {"executed_lines": [563, 564, 565, 566, 584, 585, 586, 587, 588, 589, 590, 593, 594, 597, 600, 603, 606, 609, 612], "summary": {"covered_lines": 19, "num_statements": 19, "percent_covered": 100.0, "percent_covered_display": "100", "missing_lines": 0, "excluded_lines": 2, "percent_statements_covered": 100.0, "percent_statements_covered_display": "100"}, "missing_lines": [], "excluded_lines": [571, 576], "start_line": 552}, "DeclaredColumnExistsCheckReference": {"executed_lines": [628, 631, 632, 633, 637, 638, 640, 641, 643, 644, 650, 652, 653, 654, 656, 660, 664, 665, 666, 668, 679], "summary": {"covered_lines": 21, "num_statements": 21, "percent_covered": 100.0, "percent_covered_display": "100", "missing_lines": 0, "excluded_lines": 0, "percent_statements_covered": 100.0, "percent_statements_covered_display": "100"}, "missing_lines": [], "excluded_lines": [], "start_line": 615}, "LogicalTypeCheckReference": {"executed_lines": [693, 696, 697, 698, 702, 703, 705, 706, 707, 708, 710, 711, 717, 719, 720, 722, 723, 724, 725, 727, 733, 735, 743, 747, 748, 749, 751, 762], "summary": {"covered_lines": 28, "num_statements": 28, "percent_covered": 100.0, "percent_covered_display": "100", "missing_lines": 0, "excluded_lines": 0, "percent_statements_covered": 100.0, "percent_statements_covered_display": "100"}, "missing_lines": [], "excluded_lines": [], "start_line": 682}, "LogicalTypeOptionsCheckReference": {"executed_lines": [784, 785, 791, 793, 794, 795, 798, 799, 800, 804, 805, 806, 808, 819, 822, 823, 825, 835, 836, 838, 839, 840, 843, 844, 845, 846, 847, 850, 851, 852, 854, 855, 856, 858, 859, 860, 863, 866, 867, 868, 870, 871, 872, 874, 875, 876, 878, 879, 880, 882, 883, 884, 885, 888, 895, 896, 898, 909], "summary": {"covered_lines": 58, "num_statements": 61, "percent_covered": 95.08196721311475, "percent_covered_display": "95", "missing_lines": 3, "excluded_lines": 0, "percent_statements_covered": 95.08196721311475, "percent_statements_covered_display": "95"}, "missing_lines": [820, 826, 832], "excluded_lines": [], "start_line": 765}, "RequiredCheckReference": {"executed_lines": [922, 925, 926, 927, 931, 932, 934, 935, 937, 938, 944, 946, 947, 949, 954, 958, 959, 961], "summary": {"covered_lines": 18, "num_statements": 18, "percent_covered": 100.0, "percent_covered_display": "100", "missing_lines": 0, "excluded_lines": 0, "percent_statements_covered": 100.0, "percent_statements_covered_display": "100"}, "missing_lines": [], "excluded_lines": [], "start_line": 912}, "UniqueCheckReference": {"executed_lines": [981, 984, 985, 986, 990, 991, 993, 994, 996, 997, 1003, 1005, 1006, 1008, 1016, 1020, 1024, 1025, 1027], "summary": {"covered_lines": 19, "num_statements": 19, "percent_covered": 100.0, "percent_covered_display": "100", "missing_lines": 0, "excluded_lines": 0, "percent_statements_covered": 100.0, "percent_statements_covered_display": "100"}, "missing_lines": [], "excluded_lines": [], "start_line": 971}, "PrimaryKeyCheckReference": {"executed_lines": [1047, 1050, 1051, 1052, 1056, 1057, 1059, 1060, 1062, 1063, 1069, 1071, 1072, 1075, 1082, 1089, 1092, 1098, 1102, 1103, 1105], "summary": {"covered_lines": 21, "num_statements": 21, "percent_covered": 100.0, "percent_covered_display": "100", "missing_lines": 0, "excluded_lines": 0, "percent_statements_covered": 100.0, "percent_statements_covered_display": "100"}, "missing_lines": [], "excluded_lines": [], "start_line": 1037}, "": {"executed_lines": [8, 10, 11, 12, 13, 14, 16, 17, 30, 42, 51, 62, 63, 67, 68, 72, 81, 82, 86, 87, 91, 100, 109, 118, 128, 141, 143, 144, 180, 218, 219, 312, 331, 332, 345, 346, 355, 356, 365, 366, 390, 391, 470, 477, 481, 485, 503, 510, 514, 518, 522, 526, 530, 534, 552, 562, 568, 569, 573, 574, 578, 592, 596, 599, 602, 605, 608, 611, 615, 627, 630, 635, 662, 677, 682, 692, 695, 700, 745, 760, 765, 778, 783, 797, 802, 817, 893, 912, 921, 924, 929, 956, 971, 980, 983, 988, 1022, 1037, 1046, 1049, 1054, 1100], "summary": {"covered_lines": 102, "num_statements": 102, "percent_covered": 100.0, "percent_covered_display": "100", "missing_lines": 0, "excluded_lines": 10, "percent_statements_covered": 100.0, "percent_statements_covered_display": "100"}, "missing_lines": [], "excluded_lines": [19, 20, 21, 23, 26, 85, 90, 179, 572, 577], "start_line": 1}}}, "src/qbc/contracts/contract.py": {"executed_lines": [1, 2, 3, 4, 5, 6, 7, 9, 10, 11, 13, 15, 21, 35, 36, 39, 40, 41, 45, 47, 48, 66, 67, 68, 69, 76, 77, 78, 79, 80, 82, 83, 84, 85, 86, 87, 89, 90, 107, 108, 109, 110, 117, 118, 119, 121, 122, 124, 125, 126, 127, 128, 129, 131, 132, 159, 162, 163, 165, 166, 169, 170, 172, 173, 174, 175, 176, 179, 180, 181, 182, 183, 184, 188, 190, 195, 196, 197, 199, 201, 203, 210, 211, 216, 223, 225, 241, 242, 243, 245, 246, 251, 252, 255, 256, 257, 262, 264, 286, 287, 288, 289, 290, 291, 293, 294, 295, 299, 300, 302, 303, 305, 330, 343, 345, 346, 347, 348, 349, 351, 354, 355, 356, 357, 360, 361, 366, 367, 368, 369, 374, 382, 383, 384, 385, 386, 387, 392, 394, 397, 398, 403, 404, 409, 410, 415, 416, 417, 418, 423, 424, 425, 426, 427, 428, 432, 434, 441, 443, 470, 471, 472, 477, 478, 481, 482, 483, 486, 487, 488, 490, 491, 496, 507, 508], "summary": {"covered_lines": 175, "num_statements": 175, "percent_covered": 100.0, "percent_covered_display": "100", "missing_lines": 0, "excluded_lines": 2, "percent_statements_covered": 100.0, "percent_statements_covered_display": "100"}, "missing_lines": [], "excluded_lines": [17, 18], "functions": {"Contract.__init__": {"executed_lines": [36, 39, 40, 41, 45], "summary": {"covered_lines": 5, "num_statements": 5, "percent_covered": 100.0, "percent_covered_display": "100", "missing_lines": 0, "excluded_lines": 0, "percent_statements_covered": 100.0, "percent_statements_covered_display": "100"}, "missing_lines": [], "excluded_lines": [], "start_line": 35}, "Contract._fetch_from_http_url": {"executed_lines": [66, 67, 68, 69, 76, 77, 78, 79, 80, 82, 83, 84, 85, 86, 87], "summary": {"covered_lines": 15, "num_statements": 15, "percent_covered": 100.0, "percent_covered_display": "100", "missing_lines": 0, "excluded_lines": 0, "percent_statements_covered": 100.0, "percent_statements_covered_display": "100"}, "missing_lines": [], "excluded_lines": [], "start_line": 48}, "Contract._fetch_from_s3_uri": {"executed_lines": [107, 108, 109, 110, 117, 118, 119, 121, 122, 124, 125, 126, 127, 128, 129], "summary": {"covered_lines": 15, "num_statements": 15, "percent_covered": 100.0, "percent_covered_display": "100", "missing_lines": 0, "excluded_lines": 0, "percent_statements_covered": 100.0, "percent_statements_covered_display": "100"}, "missing_lines": [], "excluded_lines": [], "start_line": 90}, "Contract.load": {"executed_lines": [159, 162, 163, 165, 166, 169, 170, 172, 173, 174, 175, 176, 179, 180, 181, 182, 183, 184, 188], "summary": {"covered_lines": 19, "num_statements": 19, "percent_covered": 100.0, "percent_covered_display": "100", "missing_lines": 0, "excluded_lines": 0, "percent_statements_covered": 100.0, "percent_statements_covered_display": "100"}, "missing_lines": [], "excluded_lines": [], "start_line": 132}, "Contract.get_schema_properties": {"executed_lines": [195, 196, 197], "summary": {"covered_lines": 3, "num_statements": 3, "percent_covered": 100.0, "percent_covered_display": "100", "missing_lines": 0, "excluded_lines": 0, "percent_statements_covered": 100.0, "percent_statements_covered_display": "100"}, "missing_lines": [], "excluded_lines": [], "start_line": 190}, "Contract.get_version": {"executed_lines": [201], "summary": {"covered_lines": 1, "num_statements": 1, "percent_covered": 100.0, "percent_covered_display": "100", "missing_lines": 0, "excluded_lines": 0, "percent_statements_covered": 100.0, "percent_statements_covered_display": "100"}, "missing_lines": [], "excluded_lines": [], "start_line": 199}, "Contract.get_metadata": {"executed_lines": [210, 211], "summary": {"covered_lines": 2, "num_statements": 2, "percent_covered": 100.0, "percent_covered_display": "100", "missing_lines": 0, "excluded_lines": 0, "percent_statements_covered": 100.0, "percent_statements_covered_display": "100"}, "missing_lines": [], "excluded_lines": [], "start_line": 203}, "Contract.get_api_version": {"executed_lines": [223], "summary": {"covered_lines": 1, "num_statements": 1, "percent_covered": 100.0, "percent_covered_display": "100", "missing_lines": 0, "excluded_lines": 0, "percent_statements_covered": 100.0, "percent_statements_covered_display": "100"}, "missing_lines": [], "excluded_lines": [], "start_line": 216}, "Contract.resolve": {"executed_lines": [241, 242, 243, 245, 246, 251, 252, 255, 256, 257, 262], "summary": {"covered_lines": 11, "num_statements": 11, "percent_covered": 100.0, "percent_covered_display": "100", "missing_lines": 0, "excluded_lines": 0, "percent_statements_covered": 100.0, "percent_statements_covered_display": "100"}, "missing_lines": [], "excluded_lines": [], "start_line": 225}, "Contract.resolve_parent": {"executed_lines": [286, 287, 288, 289, 290, 291, 293, 294, 295, 299, 300, 302, 303], "summary": {"covered_lines": 13, "num_statements": 13, "percent_covered": 100.0, "percent_covered_display": "100", "missing_lines": 0, "excluded_lines": 0, "percent_statements_covered": 100.0, "percent_statements_covered_display": "100"}, "missing_lines": [], "excluded_lines": [], "start_line": 264}, "Contract.get_check_references_by_schema": {"executed_lines": [330, 343, 345, 346, 347, 348, 349, 351, 354, 355, 356, 357, 360, 361, 366, 367, 368, 369, 374, 382, 383, 384, 385, 386, 387, 392, 394, 397, 398, 403, 404, 409, 410, 415, 416, 417, 418, 423, 424, 425, 426, 427, 428, 432], "summary": {"covered_lines": 44, "num_statements": 44, "percent_covered": 100.0, "percent_covered_display": "100", "missing_lines": 0, "excluded_lines": 0, "percent_statements_covered": 100.0, "percent_statements_covered_display": "100"}, "missing_lines": [], "excluded_lines": [], "start_line": 305}, "Contract.get_servers": {"executed_lines": [441], "summary": {"covered_lines": 1, "num_statements": 1, "percent_covered": 100.0, "percent_covered_display": "100", "missing_lines": 0, "excluded_lines": 0, "percent_statements_covered": 100.0, "percent_statements_covered_display": "100"}, "missing_lines": [], "excluded_lines": [], "start_line": 434}, "Contract.get_server": {"executed_lines": [470, 471, 472, 477, 478, 481, 482, 483, 486, 487, 488, 490, 491], "summary": {"covered_lines": 13, "num_statements": 13, "percent_covered": 100.0, "percent_covered_display": "100", "missing_lines": 0, "excluded_lines": 0, "percent_statements_covered": 100.0, "percent_statements_covered_display": "100"}, "missing_lines": [], "excluded_lines": [], "start_line": 443}, "Contract.get_schema_names": {"executed_lines": [507, 508], "summary": {"covered_lines": 2, "num_statements": 2, "percent_covered": 100.0, "percent_covered_display": "100", "missing_lines": 0, "excluded_lines": 0, "percent_statements_covered": 100.0, "percent_statements_covered_display": "100"}, "missing_lines": [], "excluded_lines": [], "start_line": 496}, "": {"executed_lines": [1, 2, 3, 4, 5, 6, 7, 9, 10, 11, 13, 15, 21, 35, 47, 48, 89, 90, 131, 132, 190, 199, 203, 216, 225, 264, 305, 434, 443, 496], "summary": {"covered_lines": 30, "num_statements": 30, "percent_covered": 100.0, "percent_covered_display": "100", "missing_lines": 0, "excluded_lines": 2, "percent_statements_covered": 100.0, "percent_statements_covered_display": "100"}, "missing_lines": [], "excluded_lines": [17, 18], "start_line": 1}}, "classes": {"Contract": {"executed_lines": [36, 39, 40, 41, 45, 66, 67, 68, 69, 76, 77, 78, 79, 80, 82, 83, 84, 85, 86, 87, 107, 108, 109, 110, 117, 118, 119, 121, 122, 124, 125, 126, 127, 128, 129, 159, 162, 163, 165, 166, 169, 170, 172, 173, 174, 175, 176, 179, 180, 181, 182, 183, 184, 188, 195, 196, 197, 201, 210, 211, 223, 241, 242, 243, 245, 246, 251, 252, 255, 256, 257, 262, 286, 287, 288, 289, 290, 291, 293, 294, 295, 299, 300, 302, 303, 330, 343, 345, 346, 347, 348, 349, 351, 354, 355, 356, 357, 360, 361, 366, 367, 368, 369, 374, 382, 383, 384, 385, 386, 387, 392, 394, 397, 398, 403, 404, 409, 410, 415, 416, 417, 418, 423, 424, 425, 426, 427, 428, 432, 441, 470, 471, 472, 477, 478, 481, 482, 483, 486, 487, 488, 490, 491, 507, 508], "summary": {"covered_lines": 145, "num_statements": 145, "percent_covered": 100.0, "percent_covered_display": "100", "missing_lines": 0, "excluded_lines": 0, "percent_statements_covered": 100.0, "percent_statements_covered_display": "100"}, "missing_lines": [], "excluded_lines": [], "start_line": 21}, "": {"executed_lines": [1, 2, 3, 4, 5, 6, 7, 9, 10, 11, 13, 15, 21, 35, 47, 48, 89, 90, 131, 132, 190, 199, 203, 216, 225, 264, 305, 434, 443, 496], "summary": {"covered_lines": 30, "num_statements": 30, "percent_covered": 100.0, "percent_covered_display": "100", "missing_lines": 0, "excluded_lines": 2, "percent_statements_covered": 100.0, "percent_statements_covered_display": "100"}, "missing_lines": [], "excluded_lines": [17, 18], "start_line": 1}}}, "src/qbc/contracts/models/ODCS_types.py": {"executed_lines": [29, 31, 38, 43, 52, 57, 62, 68, 69, 76, 81, 82, 83, 84, 87, 92, 93, 94, 95, 98, 100, 101, 102, 103, 106, 111, 112, 113, 114, 115, 116, 117, 118, 119, 120, 123, 128, 129, 130, 131, 132, 133, 134, 135, 136, 137, 138, 141, 143, 144, 145, 146, 147, 148, 149, 152, 157, 158, 159, 160, 161, 162, 163, 166, 171, 172, 173, 174, 175, 176, 177, 180, 185, 186, 187, 188, 189, 190, 191, 192, 195, 197, 198, 199, 200, 201, 204, 210, 211, 212, 217, 223, 224, 225, 230, 237, 239, 240, 241, 242, 243, 244, 245, 246, 247, 248, 249, 250, 251, 254, 256, 257, 258, 259, 260, 261, 262, 263, 266, 268, 271, 276, 277, 278, 279, 282, 287, 288, 291, 296, 297, 298, 302, 303, 321, 326, 327, 328, 329, 330, 331, 332, 333, 334, 335, 336, 337, 338, 339, 340, 341, 342, 343, 344, 345, 346, 347, 348, 349, 350, 351, 353, 356, 361, 362, 363, 364, 365, 366, 367, 368, 369, 370, 371, 372, 373, 374, 375, 376, 377, 378, 379, 380, 381, 382, 383, 384, 385, 386, 388, 390, 393, 398, 399, 400, 401, 402, 403, 404, 405, 406, 407, 408, 409, 410, 411, 418, 429, 430, 431, 432, 433, 436, 437, 438, 439, 440, 441, 442, 443, 444, 445, 446, 447, 448, 449, 450, 451, 452, 456, 459, 460, 467, 472, 477], "summary": {"covered_lines": 235, "num_statements": 238, "percent_covered": 98.73949579831933, "percent_covered_display": "99", "missing_lines": 3, "excluded_lines": 0, "percent_statements_covered": 98.73949579831933, "percent_statements_covered_display": "99"}, "missing_lines": [469, 474, 479], "excluded_lines": [], "functions": {"get_quality_type": {"executed_lines": [], "summary": {"covered_lines": 0, "num_statements": 1, "percent_covered": 0.0, "percent_covered_display": "0", "missing_lines": 1, "excluded_lines": 0, "percent_statements_covered": 0.0, "percent_statements_covered_display": "0"}, "missing_lines": [469], "excluded_lines": [], "start_line": 467}, "is_sql_quality": {"executed_lines": [], "summary": {"covered_lines": 0, "num_statements": 1, "percent_covered": 0.0, "percent_covered_display": "0", "missing_lines": 1, "excluded_lines": 0, "percent_statements_covered": 0.0, "percent_statements_covered_display": "0"}, "missing_lines": [474], "excluded_lines": [], "start_line": 472}, "is_library_quality": {"executed_lines": [], "summary": {"covered_lines": 0, "num_statements": 1, "percent_covered": 0.0, "percent_covered_display": "0", "missing_lines": 1, "excluded_lines": 0, "percent_statements_covered": 0.0, "percent_statements_covered_display": "0"}, "missing_lines": [479], "excluded_lines": [], "start_line": 477}, "": {"executed_lines": [29, 31, 38, 43, 52, 57, 62, 68, 69, 76, 81, 82, 83, 84, 87, 92, 93, 94, 95, 98, 100, 101, 102, 103, 106, 111, 112, 113, 114, 115, 116, 117, 118, 119, 120, 123, 128, 129, 130, 131, 132, 133, 134, 135, 136, 137, 138, 141, 143, 144, 145, 146, 147, 148, 149, 152, 157, 158, 159, 160, 161, 162, 163, 166, 171, 172, 173, 174, 175, 176, 177, 180, 185, 186, 187, 188, 189, 190, 191, 192, 195, 197, 198, 199, 200, 201, 204, 210, 211, 212, 217, 223, 224, 225, 230, 237, 239, 240, 241, 242, 243, 244, 245, 246, 247, 248, 249, 250, 251, 254, 256, 257, 258, 259, 260, 261, 262, 263, 266, 268, 271, 276, 277, 278, 279, 282, 287, 288, 291, 296, 297, 298, 302, 303, 321, 326, 327, 328, 329, 330, 331, 332, 333, 334, 335, 336, 337, 338, 339, 340, 341, 342, 343, 344, 345, 346, 347, 348, 349, 350, 351, 353, 356, 361, 362, 363, 364, 365, 366, 367, 368, 369, 370, 371, 372, 373, 374, 375, 376, 377, 378, 379, 380, 381, 382, 383, 384, 385, 386, 388, 390, 393, 398, 399, 400, 401, 402, 403, 404, 405, 406, 407, 408, 409, 410, 411, 418, 429, 430, 431, 432, 433, 436, 437, 438, 439, 440, 441, 442, 443, 444, 445, 446, 447, 448, 449, 450, 451, 452, 456, 459, 460, 467, 472, 477], "summary": {"covered_lines": 235, "num_statements": 235, "percent_covered": 100.0, "percent_covered_display": "100", "missing_lines": 0, "excluded_lines": 0, "percent_statements_covered": 100.0, "percent_statements_covered_display": "100"}, "missing_lines": [], "excluded_lines": [], "start_line": 1}}, "classes": {"AuthoritativeDefinition": {"executed_lines": [], "summary": {"covered_lines": 0, "num_statements": 0, "percent_covered": 100.0, "percent_covered_display": "100", "missing_lines": 0, "excluded_lines": 0, "percent_statements_covered": 100.0, "percent_statements_covered_display": "100"}, "missing_lines": [], "excluded_lines": [], "start_line": 76}, "CustomProperty": {"executed_lines": [], "summary": {"covered_lines": 0, "num_statements": 0, "percent_covered": 100.0, "percent_covered_display": "100", "missing_lines": 0, "excluded_lines": 0, "percent_statements_covered": 100.0, "percent_statements_covered_display": "100"}, "missing_lines": [], "excluded_lines": [], "start_line": 87}, "Pricing": {"executed_lines": [], "summary": {"covered_lines": 0, "num_statements": 0, "percent_covered": 100.0, "percent_covered_display": "100", "missing_lines": 0, "excluded_lines": 0, "percent_statements_covered": 100.0, "percent_statements_covered_display": "100"}, "missing_lines": [], "excluded_lines": [], "start_line": 98}, "ServiceLevelAgreementProperty": {"executed_lines": [], "summary": {"covered_lines": 0, "num_statements": 0, "percent_covered": 100.0, "percent_covered_display": "100", "missing_lines": 0, "excluded_lines": 0, "percent_statements_covered": 100.0, "percent_statements_covered_display": "100"}, "missing_lines": [], "excluded_lines": [], "start_line": 106}, "TeamMember": {"executed_lines": [], "summary": {"covered_lines": 0, "num_statements": 0, "percent_covered": 100.0, "percent_covered_display": "100", "missing_lines": 0, "excluded_lines": 0, "percent_statements_covered": 100.0, "percent_statements_covered_display": "100"}, "missing_lines": [], "excluded_lines": [], "start_line": 123}, "Team": {"executed_lines": [], "summary": {"covered_lines": 0, "num_statements": 0, "percent_covered": 100.0, "percent_covered_display": "100", "missing_lines": 0, "excluded_lines": 0, "percent_statements_covered": 100.0, "percent_statements_covered_display": "100"}, "missing_lines": [], "excluded_lines": [], "start_line": 141}, "Role": {"executed_lines": [], "summary": {"covered_lines": 0, "num_statements": 0, "percent_covered": 100.0, "percent_covered_display": "100", "missing_lines": 0, "excluded_lines": 0, "percent_statements_covered": 100.0, "percent_statements_covered_display": "100"}, "missing_lines": [], "excluded_lines": [], "start_line": 152}, "Server": {"executed_lines": [], "summary": {"covered_lines": 0, "num_statements": 0, "percent_covered": 100.0, "percent_covered_display": "100", "missing_lines": 0, "excluded_lines": 0, "percent_statements_covered": 100.0, "percent_statements_covered_display": "100"}, "missing_lines": [], "excluded_lines": [], "start_line": 166}, "SupportItem": {"executed_lines": [], "summary": {"covered_lines": 0, "num_statements": 0, "percent_covered": 100.0, "percent_covered_display": "100", "missing_lines": 0, "excluded_lines": 0, "percent_statements_covered": 100.0, "percent_statements_covered_display": "100"}, "missing_lines": [], "excluded_lines": [], "start_line": 180}, "Description": {"executed_lines": [], "summary": {"covered_lines": 0, "num_statements": 0, "percent_covered": 100.0, "percent_covered_display": "100", "missing_lines": 0, "excluded_lines": 0, "percent_statements_covered": 100.0, "percent_statements_covered_display": "100"}, "missing_lines": [], "excluded_lines": [], "start_line": 195}, "RelationshipPropertyLevel": {"executed_lines": [], "summary": {"covered_lines": 0, "num_statements": 0, "percent_covered": 100.0, "percent_covered_display": "100", "missing_lines": 0, "excluded_lines": 0, "percent_statements_covered": 100.0, "percent_statements_covered_display": "100"}, "missing_lines": [], "excluded_lines": [], "start_line": 204}, "RelationshipSchemaLevel": {"executed_lines": [], "summary": {"covered_lines": 0, "num_statements": 0, "percent_covered": 100.0, "percent_covered_display": "100", "missing_lines": 0, "excluded_lines": 0, "percent_statements_covered": 100.0, "percent_statements_covered_display": "100"}, "missing_lines": [], "excluded_lines": [], "start_line": 217}, "_DataQualityBase": {"executed_lines": [], "summary": {"covered_lines": 0, "num_statements": 0, "percent_covered": 100.0, "percent_covered_display": "100", "missing_lines": 0, "excluded_lines": 0, "percent_statements_covered": 100.0, "percent_statements_covered_display": "100"}, "missing_lines": [], "excluded_lines": [], "start_line": 237}, "_DataQualityOperators": {"executed_lines": [], "summary": {"covered_lines": 0, "num_statements": 0, "percent_covered": 100.0, "percent_covered_display": "100", "missing_lines": 0, "excluded_lines": 0, "percent_statements_covered": 100.0, "percent_statements_covered_display": "100"}, "missing_lines": [], "excluded_lines": [], "start_line": 254}, "DataQualityText": {"executed_lines": [], "summary": {"covered_lines": 0, "num_statements": 0, "percent_covered": 100.0, "percent_covered_display": "100", "missing_lines": 0, "excluded_lines": 0, "percent_statements_covered": 100.0, "percent_statements_covered_display": "100"}, "missing_lines": [], "excluded_lines": [], "start_line": 266}, "DataQualityLibrary": {"executed_lines": [], "summary": {"covered_lines": 0, "num_statements": 0, "percent_covered": 100.0, "percent_covered_display": "100", "missing_lines": 0, "excluded_lines": 0, "percent_statements_covered": 100.0, "percent_statements_covered_display": "100"}, "missing_lines": [], "excluded_lines": [], "start_line": 271}, "DataQualitySql": {"executed_lines": [], "summary": {"covered_lines": 0, "num_statements": 0, "percent_covered": 100.0, "percent_covered_display": "100", "missing_lines": 0, "excluded_lines": 0, "percent_statements_covered": 100.0, "per
[...]
: [], "start_line": 93}, "DataSourceMapper._create_adapter_from_dataframe": {"executed_lines": [171, 173, 174, 176, 178, 179, 180, 181, 182, 187, 188, 192, 199, 201, 203], "summary": {"covered_lines": 15, "num_statements": 15, "percent_covered": 100.0, "percent_covered_display": "100", "missing_lines": 0, "excluded_lines": 0, "percent_statements_covered": 100.0, "percent_statements_covered_display": "100"}, "missing_lines": [], "excluded_lines": [], "start_line": 158}, "DataSourceMapper._extract_arrow_error_column": {"executed_lines": [208, 209], "summary": {"covered_lines": 2, "num_statements": 2, "percent_covered": 100.0, "percent_covered_display": "100", "missing_lines": 0, "excluded_lines": 0, "percent_statements_covered": 100.0, "percent_statements_covered_display": "100"}, "missing_lines": [], "excluded_lines": [], "start_line": 206}, "DataSourceMapper._build_arrow_with_column_fallback": {"executed_lines": [217, 219, 220, 221, 223, 224, 226, 227, 230, 231, 232, 233, 236, 238, 240, 241, 242, 243], "summary": {"covered_lines": 18, "num_statements": 18, "percent_covered": 100.0, "percent_covered_display": "100", "missing_lines": 0, "excluded_lines": 0, "percent_statements_covered": 100.0, "percent_statements_covered_display": "100"}, "missing_lines": [], "excluded_lines": [], "start_line": 211}, "DataSourceMapper._create_adapter_from_spark_df": {"executed_lines": [252, 253, 254], "summary": {"covered_lines": 3, "num_statements": 3, "percent_covered": 100.0, "percent_covered_display": "100", "missing_lines": 0, "excluded_lines": 0, "percent_statements_covered": 100.0, "percent_statements_covered_display": "100"}, "missing_lines": [], "excluded_lines": [], "start_line": 245}, "DataSourceMapper._create_adapter_from_spark_session": {"executed_lines": [261, 262], "summary": {"covered_lines": 2, "num_statements": 2, "percent_covered": 100.0, "percent_covered_display": "100", "missing_lines": 0, "excluded_lines": 0, "percent_statements_covered": 100.0, "percent_statements_covered_display": "100"}, "missing_lines": [], "excluded_lines": [], "start_line": 256}, "DataSourceMapper._create_adapter_from_connection_string": {"executed_lines": [274, 275], "summary": {"covered_lines": 2, "num_statements": 2, "percent_covered": 100.0, "percent_covered_display": "100", "missing_lines": 0, "excluded_lines": 0, "percent_statements_covered": 100.0, "percent_statements_covered_display": "100"}, "missing_lines": [], "excluded_lines": [], "start_line": 264}, "create_adapter": {"executed_lines": [300, 301], "summary": {"covered_lines": 2, "num_statements": 2, "percent_covered": 100.0, "percent_covered_display": "100", "missing_lines": 0, "excluded_lines": 0, "percent_statements_covered": 100.0, "percent_statements_covered_display": "100"}, "missing_lines": [], "excluded_lines": [], "start_line": 279}, "": {"executed_lines": [8, 10, 11, 12, 14, 15, 16, 17, 19, 20, 26, 27, 39, 45, 51, 64, 89, 93, 158, 205, 206, 211, 245, 256, 264, 279], "summary": {"covered_lines": 26, "num_statements": 26, "percent_covered": 100.0, "percent_covered_display": "100", "missing_lines": 0, "excluded_lines": 2, "percent_statements_covered": 100.0, "percent_statements_covered_display": "100"}, "missing_lines": [], "excluded_lines": [22, 23], "start_line": 1}}, "classes": {"DataSourceMapper": {"executed_lines": [91, 120, 121, 123, 124, 131, 132, 135, 136, 139, 140, 143, 144, 147, 148, 151, 171, 173, 174, 176, 178, 179, 180, 181, 182, 187, 188, 192, 199, 201, 203, 208, 209, 217, 219, 220, 221, 223, 224, 226, 227, 230, 231, 232, 233, 236, 238, 240, 241, 242, 243, 252, 253, 254, 261, 262, 274, 275], "summary": {"covered_lines": 58, "num_statements": 58, "percent_covered": 100.0, "percent_covered_display": "100", "missing_lines": 0, "excluded_lines": 0, "percent_statements_covered": 100.0, "percent_statements_covered_display": "100"}, "missing_lines": [], "excluded_lines": [], "start_line": 64}, "": {"executed_lines": [8, 10, 11, 12, 14, 15, 16, 17, 19, 20, 26, 27, 32, 33, 34, 35, 36, 39, 41, 42, 45, 47, 48, 51, 57, 58, 59, 60, 61, 64, 89, 93, 158, 205, 206, 211, 245, 256, 264, 279, 300, 301], "summary": {"covered_lines": 42, "num_statements": 42, "percent_covered": 100.0, "percent_covered_display": "100", "missing_lines": 0, "excluded_lines": 2, "percent_statements_covered": 100.0, "percent_statements_covered_display": "100"}, "missing_lines": [], "excluded_lines": [22, 23], "start_line": 1}}}, "src/qbc/validate.py": {"executed_lines": [13, 15, 16, 17, 18, 20, 21, 22, 23, 25, 26, 27, 28, 29, 30, 31, 32, 38, 43, 46, 65, 83, 84, 85, 86, 87, 88, 91, 92, 93, 94, 97, 99, 102, 104, 107, 109, 112, 121, 123, 125, 126, 128, 133, 135, 136, 138, 145, 147, 148, 149, 150, 152, 154, 155, 158, 159, 160, 163, 167, 171, 178, 180, 181, 183, 187, 194, 196, 200, 206, 222, 226, 231, 233, 234, 235, 238, 240, 242, 243, 272, 273, 275, 276, 277, 278, 282, 394, 396, 397, 398, 403, 404, 405, 406, 409, 411, 412, 414, 415, 418, 420, 421, 424, 426, 428, 431, 446, 447, 450, 451, 452, 453, 460, 463, 464, 466, 467, 470, 492, 496, 505, 512, 528, 532, 533, 534, 535, 536, 538, 541, 542, 543, 545, 547, 549, 551, 552, 587, 592, 593, 594, 600, 604, 605, 607, 630, 632, 635, 639, 656, 658, 696, 733, 734, 736, 737, 740, 755, 758, 759, 772, 773, 774, 775, 782, 783, 785, 788, 789, 790, 795, 797, 822, 836, 853, 876, 878, 879, 880, 1015, 1025, 1030, 1031], "summary": {"covered_lines": 184, "num_statements": 343, "percent_covered": 53.64431486880466, "percent_covered_display": "54", "missing_lines": 159, "excluded_lines": 2, "percent_statements_covered": 53.64431486880466, "percent_statements_covered_display": "54"}, "missing_lines": [89, 95, 100, 103, 105, 108, 110, 118, 120, 130, 131, 140, 151, 153, 169, 170, 182, 193, 195, 224, 237, 239, 241, 244, 246, 248, 253, 256, 258, 259, 260, 262, 263, 264, 265, 270, 271, 274, 280, 314, 315, 317, 318, 319, 320, 321, 323, 325, 326, 328, 329, 335, 336, 341, 342, 344, 346, 401, 402, 419, 423, 429, 436, 437, 445, 448, 462, 468, 469, 472, 476, 488, 489, 524, 525, 529, 537, 546, 548, 569, 570, 573, 574, 575, 576, 577, 578, 580, 582, 583, 584, 585, 586, 589, 591, 596, 598, 629, 634, 636, 642, 644, 645, 646, 647, 649, 650, 651, 652, 653, 655, 660, 672, 681, 738, 739, 742, 754, 756, 764, 766, 767, 769, 770, 814, 815, 816, 817, 820, 873, 877, 885, 889, 892, 895, 896, 897, 902, 905, 908, 917, 1022, 1024, 1037, 1038, 1040, 1043, 1044, 1049, 1052, 1054, 1055, 1060, 1061, 1062, 1065, 1068, 1070, 1075], "excluded_lines": [34, 35], "functions": {"ValidationResult.__init__": {"executed_lines": [83, 84, 85, 86, 87, 88], "summary": {"covered_lines": 6, "num_statements": 7, "percent_covered": 85.71428571428571, "percent_covered_display": "86", "missing_lines": 1, "excluded_lines": 0, "percent_statements_covered": 85.71428571428571, "percent_statements_covered_display": "86"}, "missing_lines": [89], "excluded_lines": [], "start_line": 65}, "ValidationResult.__repr__": {"executed_lines": [92, 93, 94], "summary": {"covered_lines": 3, "num_statements": 4, "percent_covered": 75.0, "percent_covered_display": "75", "missing_lines": 1, "excluded_lines": 0, "percent_statements_covered": 75.0, "percent_statements_covered_display": "75"}, "missing_lines": [95], "excluded_lines": [], "start_line": 91}, "ValidationResult._get_row_quality_summary": {"executed_lines": [99, 102, 104, 107, 109, 112], "summary": {"covered_lines": 6, "num_statements": 12, "percent_covered": 50.0, "percent_covered_display": "50", "missing_lines": 6, "excluded_lines": 0, "percent_statements_covered": 50.0, "percent_statements_covered_display": "50"}, "missing_lines": [100, 103, 105, 108, 110, 118], "excluded_lines": [], "start_line": 97}, "ValidationResult.passed": {"executed_lines": [123], "summary": {"covered_lines": 1, "num_statements": 1, "percent_covered": 100.0, "percent_covered_display": "100", "missing_lines": 0, "excluded_lines": 0, "percent_statements_covered": 100.0, "percent_statements_covered_display": "100"}, "missing_lines": [], "excluded_lines": [], "start_line": 121}, "ValidationResult.api_version": {"executed_lines": [128], "summary": {"covered_lines": 1, "num_statements": 1, "percent_covered": 100.0, "percent_covered_display": "100", "missing_lines": 0, "excluded_lines": 0, "percent_statements_covered": 100.0, "percent_statements_covered_display": "100"}, "missing_lines": [], "excluded_lines": [], "start_line": 126}, "ValidationResult.contract_id": {"executed_lines": [133], "summary": {"covered_lines": 1, "num_statements": 1, "percent_covered": 100.0, "percent_covered_display": "100", "missing_lines": 0, "excluded_lines": 0, "percent_statements_covered": 100.0, "percent_statements_covered_display": "100"}, "missing_lines": [], "excluded_lines": [], "start_line": 131}, "ValidationResult.contract_data": {"executed_lines": [138], "summary": {"covered_lines": 1, "num_statements": 1, "percent_covered": 100.0, "percent_covered_display": "100", "missing_lines": 0, "excluded_lines": 0, "percent_statements_covered": 100.0, "percent_statements_covered_display": "100"}, "missing_lines": [], "excluded_lines": [], "start_line": 136}, "ValidationResult.print_summary": {"executed_lines": [145, 147, 148, 149, 150, 152, 154, 155, 158, 159, 160, 163, 167, 171, 178, 180, 181, 183, 187, 194, 196, 200, 206, 222], "summary": {"covered_lines": 24, "num_statements": 32, "percent_covered": 75.0, "percent_covered_display": "75", "missing_lines": 8, "excluded_lines": 0, "percent_statements_covered": 75.0, "percent_statements_covered_display": "75"}, "missing_lines": [151, 153, 169, 170, 182, 193, 195, 224], "excluded_lines": [], "start_line": 140}, "ValidationResult.show_failed_checks": {"executed_lines": [231, 233, 234, 235, 238, 240, 242, 243], "summary": {"covered_lines": 8, "num_statements": 13, "percent_covered": 61.53846153846154, "percent_covered_display": "62", "missing_lines": 5, "excluded_lines": 0, "percent_statements_covered": 61.53846153846154, "percent_statements_covered_display": "62"}, "missing_lines": [237, 239, 241, 244, 246], "excluded_lines": [], "start_line": 226}, "ValidationResult.show_failed_rows": {"executed_lines": [272, 273, 275, 276, 277, 278], "summary": {"covered_lines": 6, "num_statements": 19, "percent_covered": 31.57894736842105, "percent_covered_display": "32", "missing_lines": 13, "excluded_lines": 0, "percent_statements_covered": 31.57894736842105, "percent_statements_covered_display": "32"}, "missing_lines": [253, 256, 258, 259, 260, 262, 263, 264, 265, 270, 271, 274, 280], "excluded_lines": [], "start_line": 248}, "ValidationResult.get_output_dfs": {"executed_lines": [], "summary": {"covered_lines": 0, "num_statements": 17, "percent_covered": 0.0, "percent_covered_display": "0", "missing_lines": 17, "excluded_lines": 0, "percent_statements_covered": 0.0, "percent_statements_covered_display": "0"}, "missing_lines": [314, 315, 317, 318, 319, 320, 321, 323, 325, 326, 328, 329, 335, 336, 341, 342, 344], "excluded_lines": [], "start_line": 282}, "ValidationResult.get_consolidated_output_dfs": {"executed_lines": [394, 396, 397, 398, 403, 404, 405, 406, 409, 411, 412, 414, 415, 418, 420, 421, 424, 426], "summary": {"covered_lines": 18, "num_statements": 22, "percent_covered": 81.81818181818181, "percent_covered_display": "82", "missing_lines": 4, "excluded_lines": 0, "percent_statements_covered": 81.81818181818181, "percent_statements_covered_display": "82"}, "missing_lines": [401, 402, 419, 423], "excluded_lines": [], "start_line": 346}, "ValidationResult._consolidate_grouped_output": {"executed_lines": [431, 446, 447, 450, 451, 452, 453, 460, 463, 464, 466, 467, 470], "summary": {"covered_lines": 13, "num_statements": 21, "percent_covered": 61.904761904761905, "percent_covered_display": "62", "missing_lines": 8, "excluded_lines": 0, "percent_statements_covered": 61.904761904761905, "percent_statements_covered_display": "62"}, "missing_lines": [436, 437, 445, 448, 462, 468, 469, 472], "excluded_lines": [], "start_line": 429}, "ValidationResult.get_check_results_df": {"executed_lines": [492, 496, 505], "summary": {"covered_lines": 3, "num_statements": 5, "percent_covered": 60.0, "percent_covered_display": "60", "missing_lines": 2, "excluded_lines": 0, "percent_statements_covered": 60.0, "percent_statements_covered_display": "60"}, "missing_lines": [488, 489], "excluded_lines": [], "start_line": 476}, "ValidationResult.save": {"executed_lines": [528, 532, 533, 534, 535, 536, 538, 541, 542, 543, 545, 547, 549], "summary": {"covered_lines": 13, "num_statements": 19, "percent_covered": 68.42105263157895, "percent_covered_display": "68", "missing_lines": 6, "excluded_lines": 0, "percent_statements_covered": 68.42105263157895, "percent_statements_covered_display": "68"}, "missing_lines": [524, 525, 529, 537, 546, 548], "excluded_lines": [], "start_line": 512}, "ValidationResult.save_dataframe": {"executed_lines": [587, 592, 593, 594], "summary": {"covered_lines": 4, "num_statements": 22, "percent_covered": 18.181818181818183, "percent_covered_display": "18", "missing_lines": 18, "excluded_lines": 0, "percent_statements_covered": 18.181818181818183, "percent_statements_covered_display": "18"}, "missing_lines": [569, 570, 573, 574, 575, 576, 577, 578, 580, 582, 583, 584, 585, 586, 589, 591, 596, 598], "excluded_lines": [], "start_line": 552}, "ValidationResult.display_full_report": {"executed_lines": [604, 605], "summary": {"covered_lines": 2, "num_statements": 2, "percent_covered": 100.0, "percent_covered_display": "100", "missing_lines": 0, "excluded_lines": 0, "percent_statements_covered": 100.0, "percent_statements_covered_display": "100"}, "missing_lines": [], "excluded_lines": [], "start_line": 600}, "ValidationResult.compute_metrics": {"executed_lines": [630, 632, 635, 639, 656, 658], "summary": {"covered_lines": 6, "num_statements": 22, "percent_covered": 27.272727272727273, "percent_covered_display": "27", "missing_lines": 16, "excluded_lines": 0, "percent_statements_covered": 27.272727272727273, "percent_statements_covered_display": "27"}, "missing_lines": [629, 634, 636, 642, 644, 645, 646, 647, 649, 650, 651, 652, 653, 655, 660, 672], "excluded_lines": [], "start_line": 607}, "ValidationRunner.__init__": {"executed_lines": [733, 734, 736, 737, 740], "summary": {"covered_lines": 5, "num_statements": 7, "percent_covered": 71.42857142857143, "percent_covered_display": "71", "missing_lines": 2, "excluded_lines": 0, "percent_statements_covered": 71.42857142857143, "percent_statements_covered_display": "71"}, "missing_lines": [738, 739], "excluded_lines": [], "start_line": 696}, "ValidationRunner._resolve_adapters": {"executed_lines": [755, 758, 759, 772, 773, 774, 775, 782, 783, 785, 788, 789, 790, 795], "summary": {"covered_lines": 14, "num_statements": 21, "percent_covered": 66.66666666666667, "percent_covered_display": "67", "missing_lines": 7, "excluded_lines": 0, "percent_statements_covered": 66.66666666666667, "percent_statements_covered_display": "67"}, "missing_lines": [754, 756, 764, 766, 767, 769, 770], "excluded_lines": [], "start_line": 742}, "ValidationRunner._build_summary": {"executed_lines": [822, 836], "summary": {"covered_lines": 2, "num_statements": 7, "percent_covered": 28.571428571428573, "percent_covered_display": "29", "missing_lines": 5, "excluded_lines": 0, "percent_statements_covered": 28.571428571428573, "percent_statements_covered_display": "29"}, "missing_lines": [814, 815, 816, 817, 820], "excluded_lines": [], "start_line": 797}, "ValidationRunner.run": {"executed_lines": [876, 878, 879, 880], "summary": {"covered_lines": 4, "num_statements": 15, "percent_covered": 26.666666666666668, "percent_covered_display": "27", "missing_lines": 11, "excluded_lines": 0, "percent_statements_covered": 26.666666666666668, "percent_statements_covered_display": "27"}, "missing_lines": [873, 877, 885, 889, 892, 895, 896, 897, 902, 905, 908], "excluded_lines": [], "start_line": 853}, "validate_data": {"executed_lines": [1015, 1025, 1030, 1031], "summary": {"covered_lines": 4, "num_statements": 22, "percent_covered": 18.181818181818183, "percent_covered_display": "18", "missing_lines": 18, "excluded_lines": 0, "percent_statements_covered": 18.181818181818183, "percent_statements_covered_display": "18"}, "missing_lines": [1022, 1024, 1037, 1038, 1040, 1043, 1044, 1049, 1052, 1054, 1055, 1060, 1061, 1062, 1065, 1068, 1070, 1075], "excluded_lines": [], "start_line": 917}, "": {"executed_lines": [13, 15, 16, 17, 18, 20, 21, 22, 23, 25, 26, 27, 28, 29, 30, 31, 32, 38, 43, 46, 65, 91, 97, 121, 125, 126, 135, 136, 226, 282, 428, 512, 551, 552, 600, 607, 696, 797, 853], "summary": {"covered_lines": 39, "num_statements": 50, "percent_covered": 78.0, "percent_covered_display": "78", "missing_lines": 11, "excluded_lines": 2, "percent_statements_covered": 78.0, "percent_statements_covered_display": "78"}, "missing_lines": [120, 130, 131, 140, 248, 346, 429, 476, 681, 742, 917], "excluded_lines": [34, 35], "start_line": 1}}, "classes": {"ValidationResult": {"executed_lines": [83, 84, 85, 86, 87, 88, 92, 93, 94, 99, 102, 104, 107, 109, 112, 123, 128, 133, 138, 145, 147, 148, 149, 150, 152, 154, 155, 158, 159, 160, 163, 167, 171, 178, 180, 181, 183, 187, 194, 196, 200, 206, 222, 231, 233, 234, 235, 238, 240, 242, 243, 272, 273, 275, 276, 277, 278, 394, 396, 397, 398, 403, 404, 405, 406, 409, 411, 412, 414, 415, 418, 420, 421, 424, 426, 431, 446, 447, 450, 451, 452, 453, 460, 463, 464, 466, 467, 470, 492, 496, 505, 528, 532, 533, 534, 535, 536, 538, 541, 542, 543, 545, 547, 549, 587, 592, 593, 594, 604, 605, 630, 632, 635, 639, 656, 658], "summary": {"covered_lines": 116, "num_statements": 221, "percent_covered": 52.48868778280543, "percent_covered_display": "52", "missing_lines": 105, "excluded_lines": 0, "percent_statements_covered": 52.48868778280543, "percent_statements_covered_display": "52"}, "missing_lines": [89, 95, 100, 103, 105, 108, 110, 118, 151, 153, 169, 170, 182, 193, 195, 224, 237, 239, 241, 244, 246, 253, 256, 258, 259, 260, 262, 263, 264, 265, 270, 271, 274, 280, 314, 315, 317, 318, 319, 320, 321, 323, 325, 326, 328, 329, 335, 336, 341, 342, 344, 401, 402, 419, 423, 436, 437, 445, 448, 462, 468, 469, 472, 488, 489, 524, 525, 529, 537, 546, 548, 569, 570, 573, 574, 575, 576, 577, 578, 580, 582, 583, 584, 585, 586, 589, 591, 596, 598, 629, 634, 636, 642, 644, 645, 646, 647, 649, 650, 651, 652, 653, 655, 660, 672], "excluded_lines": [], "start_line": 46}, "ValidationRunner": {"executed_lines": [733, 734, 736, 737, 740, 755, 758, 759, 772, 773, 774, 775, 782, 783, 785, 788, 789, 790, 795, 822, 836, 876, 878, 879, 880], "summary": {"covered_lines": 25, "num_statements": 50, "percent_covered": 50.0, "percent_covered_display": "50", "missing_lines": 25, "excluded_lines": 0, "percent_statements_covered": 50.0, "percent_statements_covered_display": "50"}, "missing_lines": [738, 739, 754, 756, 764, 766, 767, 769, 770, 814, 815, 816, 817, 820, 873, 877, 885, 889, 892, 895, 896, 897, 902, 905, 908], "excluded_lines": [], "start_line": 681}, "": {"executed_lines": [13, 15, 16, 17, 18, 20, 21, 22, 23, 25, 26, 27, 28, 29, 30, 31, 32, 38, 43, 46, 65, 91, 97, 121, 125, 126, 135, 136, 226, 282, 428, 512, 551, 552, 600, 607, 696, 797, 853, 1015, 1025, 1030, 1031], "summary": {"covered_lines": 43, "num_statements": 72, "percent_covered": 59.72222222222222, "percent_covered_display": "60", "missing_lines": 29, "excluded_lines": 2, "percent_statements_covered": 59.72222222222222, "percent_statements_covered_display": "60"}, "missing_lines": [120, 130, 131, 140, 248, 346, 429, 476, 681, 742, 917, 1022, 1024, 1037, 1038, 1040, 1043, 1044, 1049, 1052, 1054, 1055, 1060, 1061, 1062, 1065, 1068, 1070, 1075], "excluded_lines": [34, 35], "start_line": 1}}}}, "totals": {"covered_lines": 1909, "num_statements": 2083, "percent_covered": 91.64666346615458, "percent_covered_display": "92", "missing_lines": 174, "excluded_lines": 41, "percent_statements_covered": 91.64666346615458, "percent_statements_covered_display": "92"}}